TpTrace Verbose: 0 : 1556, 1, 2024/03/04, 09:17:57.663, 6556045553591, vstest.console.dll, Version: 17.8.0-release-23523-03 Current process architecture: X64
TpTrace Verbose: 0 : 1556, 1, 2024/03/04, 09:17:57.672, 6556045649943, vstest.console.dll, Runtime location: C:\Program Files\dotnet\shared\Microsoft.NETCore.App\8.0.0
TpTrace Verbose: 0 : 1556, 1, 2024/03/04, 09:17:57.681, 6556045742330, vstest.console.dll, ArtifactProcessingPostProcessModeProcessorExecutor.Initialize: ArtifactProcessingMode.Collect
TpTrace Verbose: 0 : 1556, 1, 2024/03/04, 09:17:57.682, 6556045745657, vstest.console.dll, TestSessionCorrelationIdProcessorModeProcessorExecutor.Initialize: TestSessionCorrelationId '22940_4bce2bc6-325b-40d8-a5a8-83a912183ba9'
TpTrace Information: 0 : 1556, 1, 2024/03/04, 09:17:57.702, 6556045943436, vstest.console.dll, FilePatternParser: The given file D:\Mavericks\RoleBased Training(FSD)\HotPotSolution\HotPotTests\bin\Debug\net6.0\fine-code-coverage\build-output\HotPotTests.dll is a full path.
TpTrace Verbose: 0 : 1556, 1, 2024/03/04, 09:17:57.773, 6556046659371, vstest.console.dll, TestPluginCache.DiscoverTestExtensions: finding test extensions in assemblies ends with: RuntimeProvider.dll TPluginInfo: Microsoft.VisualStudio.TestPlatform.Common.ExtensionFramework.Utilities.TestRuntimePluginInformation TExtension: Microsoft.VisualStudio.TestPlatform.ObjectModel.Host.ITestRuntimeProvider
TpTrace Verbose: 0 : 1556, 1, 2024/03/04, 09:17:57.774, 6556046666547, vstest.console.dll, TestPluginCache.GetExtensionPaths: Filtered extension paths: 
TpTrace Verbose: 0 : 1556, 1, 2024/03/04, 09:17:57.774, 6556046668401, vstest.console.dll, TestPluginCache.GetExtensionPaths: Added default extension paths: C:\Program Files\dotnet\sdk\8.0.100\Extensions\Microsoft.Diagnostics.NETCore.Client.dll
C:\Program Files\dotnet\sdk\8.0.100\Extensions\Microsoft.TestPlatform.Extensions.BlameDataCollector.dll
C:\Program Files\dotnet\sdk\8.0.100\Extensions\Microsoft.TestPlatform.Extensions.EventLogCollector.dll
C:\Program Files\dotnet\sdk\8.0.100\Extensions\Microsoft.TestPlatform.TestHostRuntimeProvider.dll
C:\Program Files\dotnet\sdk\8.0.100\Extensions\Microsoft.VisualStudio.TestPlatform.Extensions.Html.TestLogger.dll
C:\Program Files\dotnet\sdk\8.0.100\Extensions\Microsoft.VisualStudio.TestPlatform.Extensions.Trx.TestLogger.dll
TpTrace Verbose: 0 : 1556, 1, 2024/03/04, 09:17:57.774, 6556046669659, vstest.console.dll, TestPluginCache.GetExtensionPaths: Added unfilterableExtensionPaths: 
TpTrace Information: 0 : 1556, 1, 2024/03/04, 09:17:57.777, 6556046700362, vstest.console.dll, AssemblyResolver.ctor: Creating AssemblyResolver with searchDirectories C:\Program Files\dotnet\sdk\8.0.100\Extensions,C:\Program Files\dotnet\sdk\8.0.100
TpTrace Verbose: 0 : 1556, 1, 2024/03/04, 09:17:57.792, 6556046845508, vstest.console.dll, TestPluginCache.DiscoverTestExtensions: Discovering the extensions using extension path.
TpTrace Verbose: 0 : 1556, 1, 2024/03/04, 09:17:57.792, 6556046848787, vstest.console.dll, TestPluginCache.GetExtensionPaths: Filtered extension paths: 
TpTrace Verbose: 0 : 1556, 1, 2024/03/04, 09:17:57.792, 6556046849718, vstest.console.dll, TestPluginCache.GetExtensionPaths: Added default extension paths: C:\Program Files\dotnet\sdk\8.0.100\Extensions\Microsoft.Diagnostics.NETCore.Client.dll
C:\Program Files\dotnet\sdk\8.0.100\Extensions\Microsoft.TestPlatform.Extensions.BlameDataCollector.dll
C:\Program Files\dotnet\sdk\8.0.100\Extensions\Microsoft.TestPlatform.Extensions.EventLogCollector.dll
C:\Program Files\dotnet\sdk\8.0.100\Extensions\Microsoft.TestPlatform.TestHostRuntimeProvider.dll
C:\Program Files\dotnet\sdk\8.0.100\Extensions\Microsoft.VisualStudio.TestPlatform.Extensions.Html.TestLogger.dll
C:\Program Files\dotnet\sdk\8.0.100\Extensions\Microsoft.VisualStudio.TestPlatform.Extensions.Trx.TestLogger.dll
TpTrace Verbose: 0 : 1556, 1, 2024/03/04, 09:17:57.792, 6556046850546, vstest.console.dll, TestPluginCache.GetExtensionPaths: Added unfilterableExtensionPaths: 
TpTrace Verbose: 0 : 1556, 1, 2024/03/04, 09:17:57.792, 6556046852047, vstest.console.dll, TestPluginCache.DiscoverTestExtensions: Discovering the extensions using allExtensionPaths: C:\Program Files\dotnet\sdk\8.0.100\Extensions\Microsoft.Diagnostics.NETCore.Client.dll
C:\Program Files\dotnet\sdk\8.0.100\Extensions\Microsoft.TestPlatform.Extensions.BlameDataCollector.dll
C:\Program Files\dotnet\sdk\8.0.100\Extensions\Microsoft.TestPlatform.Extensions.EventLogCollector.dll
C:\Program Files\dotnet\sdk\8.0.100\Extensions\Microsoft.TestPlatform.TestHostRuntimeProvider.dll
C:\Program Files\dotnet\sdk\8.0.100\Extensions\Microsoft.VisualStudio.TestPlatform.Extensions.Html.TestLogger.dll
C:\Program Files\dotnet\sdk\8.0.100\Extensions\Microsoft.VisualStudio.TestPlatform.Extensions.Trx.TestLogger.dll
TpTrace Information: 0 : 1556, 1, 2024/03/04, 09:17:57.793, 6556046855222, vstest.console.dll, AssemblyResolver.AddSearchDirectories: Adding more searchDirectories C:\Program Files\dotnet\sdk\8.0.100\Extensions,C:\Program Files\dotnet\sdk\8.0.100
TpTrace Information: 0 : 1556, 1, 2024/03/04, 09:17:57.793, 6556046856544, vstest.console.dll, AssemblyResolver.AddSearchDirectories: Adding more searchDirectories C:\Program Files\dotnet\sdk\8.0.100\Extensions,C:\Program Files\dotnet\sdk\8.0.100
TpTrace Information: 0 : 1556, 1, 2024/03/04, 09:17:57.793, 6556046857303, vstest.console.dll, AssemblyResolver.AddSearchDirectories: Adding more searchDirectories C:\Program Files\dotnet\sdk\8.0.100\Extensions,C:\Program Files\dotnet\sdk\8.0.100
TpTrace Information: 0 : 1556, 1, 2024/03/04, 09:17:57.793, 6556046858068, vstest.console.dll, AssemblyResolver.AddSearchDirectories: Adding more searchDirectories C:\Program Files\dotnet\sdk\8.0.100\Extensions,C:\Program Files\dotnet\sdk\8.0.100
TpTrace Information: 0 : 1556, 1, 2024/03/04, 09:17:57.793, 6556046858726, vstest.console.dll, AssemblyResolver.AddSearchDirectories: Adding more searchDirectories C:\Program Files\dotnet\sdk\8.0.100\Extensions,C:\Program Files\dotnet\sdk\8.0.100
TpTrace Information: 0 : 1556, 1, 2024/03/04, 09:17:57.793, 6556046859356, vstest.console.dll, AssemblyResolver.AddSearchDirectories: Adding more searchDirectories C:\Program Files\dotnet\sdk\8.0.100\Extensions,C:\Program Files\dotnet\sdk\8.0.100
TpTrace Information: 0 : 1556, 1, 2024/03/04, 09:17:57.795, 6556046878261, vstest.console.dll, AssemblyResolver.OnResolve: Microsoft.Diagnostics.NETCore.Client: Resolving assembly.
TpTrace Information: 0 : 1556, 1, 2024/03/04, 09:17:57.795, 6556046880257, vstest.console.dll, AssemblyResolver.OnResolve: Microsoft.Diagnostics.NETCore.Client: Searching in: 'C:\Program Files\dotnet\sdk\8.0.100\Extensions'.
TpTrace Information: 0 : 1556, 1, 2024/03/04, 09:17:57.843, 6556047357871, vstest.console.dll, AssemblyResolver.OnResolve: Microsoft.Diagnostics.NETCore.Client: Loading assembly 'C:\Program Files\dotnet\sdk\8.0.100\Extensions\Microsoft.Diagnostics.NETCore.Client.dll'.
TpTrace Information: 0 : 1556, 1, 2024/03/04, 09:17:57.849, 6556047418302, vstest.console.dll, AssemblyResolver.OnResolve: Resolved assembly: Microsoft.Diagnostics.NETCore.Client, from path: C:\Program Files\dotnet\sdk\8.0.100\Extensions\Microsoft.Diagnostics.NETCore.Client.dll
TpTrace Verbose: 0 : 1556, 1, 2024/03/04, 09:17:57.862, 6556047546177, vstest.console.dll, MetadataReaderExtensionsHelper: Discovering extensions inside assembly 'Microsoft.Diagnostics.NETCore.Client, Version=0.2.8.21101, Culture=neutral, PublicKeyToken=31bf3856ad364e35' file path 'C:\Program Files\dotnet\sdk\8.0.100\Extensions\Microsoft.Diagnostics.NETCore.Client.dll'
TpTrace Information: 0 : 1556, 1, 2024/03/04, 09:17:57.882, 6556047746200, vstest.console.dll, AssemblyResolver.OnResolve: Microsoft.Bcl.AsyncInterfaces: Resolving assembly.
TpTrace Information: 0 : 1556, 1, 2024/03/04, 09:17:57.882, 6556047748544, vstest.console.dll, AssemblyResolver.OnResolve: Microsoft.Bcl.AsyncInterfaces: Searching in: 'C:\Program Files\dotnet\sdk\8.0.100\Extensions'.
TpTrace Information: 0 : 1556, 1, 2024/03/04, 09:17:57.882, 6556047750929, vstest.console.dll, AssemblyResolver.OnResolve: Microsoft.Bcl.AsyncInterfaces: Assembly path does not exist: 'C:\Program Files\dotnet\sdk\8.0.100\Extensions\Microsoft.Bcl.AsyncInterfaces.dll', returning.
TpTrace Information: 0 : 1556, 1, 2024/03/04, 09:17:57.883, 6556047753975, vstest.console.dll, AssemblyResolver.OnResolve: Microsoft.Bcl.AsyncInterfaces: Assembly path does not exist: 'C:\Program Files\dotnet\sdk\8.0.100\Extensions\Microsoft.Bcl.AsyncInterfaces.exe', returning.
TpTrace Information: 0 : 1556, 1, 2024/03/04, 09:17:57.883, 6556047755218, vstest.console.dll, AssemblyResolver.OnResolve: Microsoft.Bcl.AsyncInterfaces: Searching in: 'C:\Program Files\dotnet\sdk\8.0.100'.
TpTrace Information: 0 : 1556, 1, 2024/03/04, 09:17:57.883, 6556047756968, vstest.console.dll, AssemblyResolver.OnResolve: Microsoft.Bcl.AsyncInterfaces: Assembly path does not exist: 'C:\Program Files\dotnet\sdk\8.0.100\Microsoft.Bcl.AsyncInterfaces.dll', returning.
TpTrace Information: 0 : 1556, 1, 2024/03/04, 09:17:57.883, 6556047758137, vstest.console.dll, AssemblyResolver.OnResolve: Microsoft.Bcl.AsyncInterfaces: Assembly path does not exist: 'C:\Program Files\dotnet\sdk\8.0.100\Microsoft.Bcl.AsyncInterfaces.exe', returning.
TpTrace Information: 0 : 1556, 1, 2024/03/04, 09:17:57.883, 6556047758798, vstest.console.dll, AssemblyResolver.OnResolve: Microsoft.Bcl.AsyncInterfaces: Failed to load assembly.
TpTrace Verbose: 0 : 1556, 1, 2024/03/04, 09:17:57.883, 6556047759596, vstest.console.dll, CurrentDomainAssemblyResolve: Resolving assembly 'Microsoft.Bcl.AsyncInterfaces'.
TpTrace Information: 0 : 1556, 1, 2024/03/04, 09:17:57.883, 6556047761063, vstest.console.dll, AssemblyResolver.OnResolve: Microsoft.Bcl.AsyncInterfaces: Resolving assembly.
TpTrace Information: 0 : 1556, 1, 2024/03/04, 09:17:57.883, 6556047761958, vstest.console.dll, AssemblyResolver.OnResolve: Microsoft.Bcl.AsyncInterfaces: Resolved from cache.
TpTrace Verbose: 0 : 1556, 1, 2024/03/04, 09:17:57.883, 6556047762570, vstest.console.dll, CurrentDomainAssemblyResolve: Resolving assembly 'Microsoft.Bcl.AsyncInterfaces'.
TpTrace Verbose: 0 : 1556, 1, 2024/03/04, 09:17:57.884, 6556047763302, vstest.console.dll, CurrentDomainAssemblyResolve: Failed to resolve assembly 'Microsoft.Bcl.AsyncInterfaces'.
TpTrace Verbose: 0 : 1556, 1, 2024/03/04, 09:17:57.899, 6556047914728, vstest.console.dll, CurrentDomainAssemblyResolve: Failed to resolve assembly 'Microsoft.Bcl.AsyncInterfaces'.
TpTrace Warning: 0 : 1556, 1, 2024/03/04, 09:17:57.956, 6556048490390, vstest.console.dll, TestPluginDiscoverer: Failed to get types from assembly 'Microsoft.Diagnostics.NETCore.Client, Version=0.2.8.21101, Culture=neutral, PublicKeyToken=31bf3856ad364e35'. Error: System.Reflection.ReflectionTypeLoadException: Unable to load one or more of the requested types.
Could not load file or assembly 'Microsoft.Bcl.AsyncInterfaces, Version=1.0.0.0, Culture=neutral, PublicKeyToken=cc7b13ffcd2ddd51'. The system cannot find the file specified.
   at System.Reflection.RuntimeModule.GetTypes(RuntimeModule module)
   at System.Reflection.RuntimeModule.GetTypes()
   at Microsoft.VisualStudio.TestPlatform.Common.ExtensionFramework.TestPluginDiscoverer.GetTestExtensionsFromAssembly[TPluginInfo,TExtension](Assembly assembly, Dictionary`2 pluginInfos, String filePath) in /_/src/Microsoft.TestPlatform.Common/ExtensionFramework/TestPluginDiscoverer.cs:line 158
System.IO.FileNotFoundException: Could not load file or assembly 'Microsoft.Bcl.AsyncInterfaces, Version=1.0.0.0, Culture=neutral, PublicKeyToken=cc7b13ffcd2ddd51'. The system cannot find the file specified.
File name: 'Microsoft.Bcl.AsyncInterfaces, Version=1.0.0.0, Culture=neutral, PublicKeyToken=cc7b13ffcd2ddd51'
 ---> System.IO.FileNotFoundException: Could not load file or assembly 'Microsoft.Bcl.AsyncInterfaces, Culture=neutral, PublicKeyToken=null'. The system cannot find the file specified.
File name: 'Microsoft.Bcl.AsyncInterfaces, Culture=neutral, PublicKeyToken=null'
   at System.Reflection.RuntimeAssembly.InternalLoad(AssemblyName assemblyName, StackCrawlMark& stackMark, AssemblyLoadContext assemblyLoadContext, RuntimeAssembly requestingAssembly, Boolean throwOnFileNotFound)
   at System.Reflection.Assembly.Load(AssemblyName assemblyRef)
   at Microsoft.VisualStudio.TestPlatform.Common.ExtensionFramework.TestPluginCache.CurrentDomainAssemblyResolve(Object sender, AssemblyResolveEventArgs args) in /_/src/Microsoft.TestPlatform.Common/ExtensionFramework/TestPluginCache.cs:line 513
   at System.Runtime.Loader.AssemblyLoadContext.GetFirstResolvedAssemblyFromResolvingEvent(AssemblyName assemblyName)
   at System.Runtime.Loader.AssemblyLoadContext.ResolveUsingEvent(AssemblyName assemblyName)
   at System.Runtime.Loader.AssemblyLoadContext.ResolveUsingResolvingEvent(IntPtr gchManagedAssemblyLoadContext, AssemblyName assemblyName)
TpTrace Warning: 0 : 1556, 1, 2024/03/04, 09:17:57.957, 6556048497865, vstest.console.dll, LoaderExceptions: System.IO.FileNotFoundException: Could not load file or assembly 'Microsoft.Bcl.AsyncInterfaces, Version=1.0.0.0, Culture=neutral, PublicKeyToken=cc7b13ffcd2ddd51'. The system cannot find the file specified.
File name: 'Microsoft.Bcl.AsyncInterfaces, Version=1.0.0.0, Culture=neutral, PublicKeyToken=cc7b13ffcd2ddd51'
 ---> System.IO.FileNotFoundException: Could not load file or assembly 'Microsoft.Bcl.AsyncInterfaces, Culture=neutral, PublicKeyToken=null'. The system cannot find the file specified.
File name: 'Microsoft.Bcl.AsyncInterfaces, Culture=neutral, PublicKeyToken=null'
   at System.Reflection.RuntimeAssembly.InternalLoad(AssemblyName assemblyName, StackCrawlMark& stackMark, AssemblyLoadContext assemblyLoadContext, RuntimeAssembly requestingAssembly, Boolean throwOnFileNotFound)
   at System.Reflection.Assembly.Load(AssemblyName assemblyRef)
   at Microsoft.VisualStudio.TestPlatform.Common.ExtensionFramework.TestPluginCache.CurrentDomainAssemblyResolve(Object sender, AssemblyResolveEventArgs args) in /_/src/Microsoft.TestPlatform.Common/ExtensionFramework/TestPluginCache.cs:line 513
   at System.Runtime.Loader.AssemblyLoadContext.GetFirstResolvedAssemblyFromResolvingEvent(AssemblyName assemblyName)
   at System.Runtime.Loader.AssemblyLoadContext.ResolveUsingEvent(AssemblyName assemblyName)
   at System.Runtime.Loader.AssemblyLoadContext.ResolveUsingResolvingEvent(IntPtr gchManagedAssemblyLoadContext, AssemblyName assemblyName)
TpTrace Information: 0 : 1556, 1, 2024/03/04, 09:17:57.957, 6556048501200, vstest.console.dll, AssemblyResolver.OnResolve: Microsoft.TestPlatform.Extensions.BlameDataCollector: Resolving assembly.
TpTrace Information: 0 : 1556, 1, 2024/03/04, 09:17:57.957, 6556048502150, vstest.console.dll, AssemblyResolver.OnResolve: Microsoft.TestPlatform.Extensions.BlameDataCollector: Searching in: 'C:\Program Files\dotnet\sdk\8.0.100\Extensions'.
TpTrace Information: 0 : 1556, 1, 2024/03/04, 09:17:57.960, 6556048532087, vstest.console.dll, AssemblyResolver.OnResolve: Microsoft.TestPlatform.Extensions.BlameDataCollector: Loading assembly 'C:\Program Files\dotnet\sdk\8.0.100\Extensions\Microsoft.TestPlatform.Extensions.BlameDataCollector.dll'.
TpTrace Information: 0 : 1556, 1, 2024/03/04, 09:17:57.964, 6556048564067, vstest.console.dll, AssemblyResolver.OnResolve: Resolved assembly: Microsoft.TestPlatform.Extensions.BlameDataCollector, from path: C:\Program Files\dotnet\sdk\8.0.100\Extensions\Microsoft.TestPlatform.Extensions.BlameDataCollector.dll
TpTrace Verbose: 0 : 1556, 1, 2024/03/04, 09:17:57.964, 6556048566656, vstest.console.dll, MetadataReaderExtensionsHelper: Discovering extensions inside assembly 'Microsoft.TestPlatform.Extensions.BlameDataCollector, Version=15.0.0.0, Culture=neutral, PublicKeyToken=b03f5f7f11d50a3a' file path 'C:\Program Files\dotnet\sdk\8.0.100\Extensions\Microsoft.TestPlatform.Extensions.BlameDataCollector.dll'
TpTrace Information: 0 : 1556, 1, 2024/03/04, 09:17:57.968, 6556048606154, vstest.console.dll, AssemblyResolver.OnResolve: Microsoft.TestPlatform.Extensions.EventLogCollector: Resolving assembly.
TpTrace Information: 0 : 1556, 1, 2024/03/04, 09:17:57.968, 6556048607859, vstest.console.dll, AssemblyResolver.OnResolve: Microsoft.TestPlatform.Extensions.EventLogCollector: Searching in: 'C:\Program Files\dotnet\sdk\8.0.100\Extensions'.
TpTrace Information: 0 : 1556, 1, 2024/03/04, 09:17:57.970, 6556048623907, vstest.console.dll, AssemblyResolver.OnResolve: Microsoft.TestPlatform.Extensions.EventLogCollector: Loading assembly 'C:\Program Files\dotnet\sdk\8.0.100\Extensions\Microsoft.TestPlatform.Extensions.EventLogCollector.dll'.
TpTrace Information: 0 : 1556, 1, 2024/03/04, 09:17:57.971, 6556048640097, vstest.console.dll, AssemblyResolver.OnResolve: Resolved assembly: Microsoft.TestPlatform.Extensions.EventLogCollector, from path: C:\Program Files\dotnet\sdk\8.0.100\Extensions\Microsoft.TestPlatform.Extensions.EventLogCollector.dll
TpTrace Verbose: 0 : 1556, 1, 2024/03/04, 09:17:57.971, 6556048641966, vstest.console.dll, MetadataReaderExtensionsHelper: Discovering extensions inside assembly 'Microsoft.TestPlatform.Extensions.EventLogCollector, Version=15.0.0.0, Culture=neutral, PublicKeyToken=b03f5f7f11d50a3a' file path 'C:\Program Files\dotnet\sdk\8.0.100\Extensions\Microsoft.TestPlatform.Extensions.EventLogCollector.dll'
TpTrace Information: 0 : 1556, 1, 2024/03/04, 09:17:57.978, 6556048705769, vstest.console.dll, AssemblyResolver.OnResolve: Microsoft.TestPlatform.TestHostRuntimeProvider: Resolving assembly.
TpTrace Information: 0 : 1556, 1, 2024/03/04, 09:17:57.979, 6556048715155, vstest.console.dll, AssemblyResolver.OnResolve: Microsoft.TestPlatform.TestHostRuntimeProvider: Searching in: 'C:\Program Files\dotnet\sdk\8.0.100\Extensions'.
TpTrace Information: 0 : 1556, 1, 2024/03/04, 09:17:57.982, 6556048743326, vstest.console.dll, AssemblyResolver.OnResolve: Microsoft.TestPlatform.TestHostRuntimeProvider: Loading assembly 'C:\Program Files\dotnet\sdk\8.0.100\Extensions\Microsoft.TestPlatform.TestHostRuntimeProvider.dll'.
TpTrace Information: 0 : 1556, 1, 2024/03/04, 09:17:57.984, 6556048769248, vstest.console.dll, AssemblyResolver.OnResolve: Resolved assembly: Microsoft.TestPlatform.TestHostRuntimeProvider, from path: C:\Program Files\dotnet\sdk\8.0.100\Extensions\Microsoft.TestPlatform.TestHostRuntimeProvider.dll
TpTrace Verbose: 0 : 1556, 1, 2024/03/04, 09:17:57.984, 6556048771923, vstest.console.dll, MetadataReaderExtensionsHelper: Discovering extensions inside assembly 'Microsoft.TestPlatform.TestHostRuntimeProvider, Version=15.0.0.0, Culture=neutral, PublicKeyToken=b03f5f7f11d50a3a' file path 'C:\Program Files\dotnet\sdk\8.0.100\Extensions\Microsoft.TestPlatform.TestHostRuntimeProvider.dll'
TpTrace Information: 0 : 1556, 1, 2024/03/04, 09:17:57.996, 6556048892021, vstest.console.dll, GetTestExtensionFromType: Register extension with identifier data 'HostProvider://DefaultTestHost' and type 'Microsoft.VisualStudio.TestPlatform.CrossPlatEngine.Hosting.DefaultTestHostManager, Microsoft.TestPlatform.TestHostRuntimeProvider, Version=15.0.0.0, Culture=neutral, PublicKeyToken=b03f5f7f11d50a3a' inside file 'C:\Program Files\dotnet\sdk\8.0.100\Extensions\Microsoft.TestPlatform.TestHostRuntimeProvider.dll'
TpTrace Information: 0 : 1556, 1, 2024/03/04, 09:17:57.997, 6556048900027, vstest.console.dll, GetTestExtensionFromType: Register extension with identifier data 'HostProvider://DotnetTestHost' and type 'Microsoft.VisualStudio.TestPlatform.CrossPlatEngine.Hosting.DotnetTestHostManager, Microsoft.TestPlatform.TestHostRuntimeProvider, Version=15.0.0.0, Culture=neutral, PublicKeyToken=b03f5f7f11d50a3a' inside file 'C:\Program Files\dotnet\sdk\8.0.100\Extensions\Microsoft.TestPlatform.TestHostRuntimeProvider.dll'
TpTrace Information: 0 : 1556, 1, 2024/03/04, 09:17:57.997, 6556048902447, vstest.console.dll, AssemblyResolver.OnResolve: Microsoft.VisualStudio.TestPlatform.Extensions.Html.TestLogger: Resolving assembly.
TpTrace Information: 0 : 1556, 1, 2024/03/04, 09:17:57.998, 6556048903657, vstest.console.dll, AssemblyResolver.OnResolve: Microsoft.VisualStudio.TestPlatform.Extensions.Html.TestLogger: Searching in: 'C:\Program Files\dotnet\sdk\8.0.100\Extensions'.
TpTrace Information: 0 : 1556, 1, 2024/03/04, 09:17:58.006, 6556048987075, vstest.console.dll, AssemblyResolver.OnResolve: Microsoft.VisualStudio.TestPlatform.Extensions.Html.TestLogger: Loading assembly 'C:\Program Files\dotnet\sdk\8.0.100\Extensions\Microsoft.VisualStudio.TestPlatform.Extensions.Html.TestLogger.dll'.
TpTrace Information: 0 : 1556, 1, 2024/03/04, 09:17:58.013, 6556049056263, vstest.console.dll, AssemblyResolver.OnResolve: Resolved assembly: Microsoft.VisualStudio.TestPlatform.Extensions.Html.TestLogger, from path: C:\Program Files\dotnet\sdk\8.0.100\Extensions\Microsoft.VisualStudio.TestPlatform.Extensions.Html.TestLogger.dll
TpTrace Verbose: 0 : 1556, 1, 2024/03/04, 09:17:58.013, 6556049058858, vstest.console.dll, MetadataReaderExtensionsHelper: Discovering extensions inside assembly 'Microsoft.VisualStudio.TestPlatform.Extensions.Html.TestLogger, Version=15.0.0.0, Culture=neutral, PublicKeyToken=b03f5f7f11d50a3a' file path 'C:\Program Files\dotnet\sdk\8.0.100\Extensions\Microsoft.VisualStudio.TestPlatform.Extensions.Html.TestLogger.dll'
TpTrace Information: 0 : 1556, 1, 2024/03/04, 09:17:58.016, 6556049090282, vstest.console.dll, AssemblyResolver.OnResolve: Microsoft.VisualStudio.TestPlatform.Extensions.Trx.TestLogger: Resolving assembly.
TpTrace Information: 0 : 1556, 1, 2024/03/04, 09:17:58.016, 6556049092346, vstest.console.dll, AssemblyResolver.OnResolve: Microsoft.VisualStudio.TestPlatform.Extensions.Trx.TestLogger: Searching in: 'C:\Program Files\dotnet\sdk\8.0.100\Extensions'.
TpTrace Information: 0 : 1556, 1, 2024/03/04, 09:17:58.021, 6556049140084, vstest.console.dll, AssemblyResolver.OnResolve: Microsoft.VisualStudio.TestPlatform.Extensions.Trx.TestLogger: Loading assembly 'C:\Program Files\dotnet\sdk\8.0.100\Extensions\Microsoft.VisualStudio.TestPlatform.Extensions.Trx.TestLogger.dll'.
TpTrace Information: 0 : 1556, 1, 2024/03/04, 09:17:58.026, 6556049185048, vstest.console.dll, AssemblyResolver.OnResolve: Resolved assembly: Microsoft.VisualStudio.TestPlatform.Extensions.Trx.TestLogger, from path: C:\Program Files\dotnet\sdk\8.0.100\Extensions\Microsoft.VisualStudio.TestPlatform.Extensions.Trx.TestLogger.dll
TpTrace Verbose: 0 : 1556, 1, 2024/03/04, 09:17:58.026, 6556049187672, vstest.console.dll, MetadataReaderExtensionsHelper: Discovering extensions inside assembly 'Microsoft.VisualStudio.TestPlatform.Extensions.Trx.TestLogger, Version=15.0.0.0, Culture=neutral, PublicKeyToken=b03f5f7f11d50a3a' file path 'C:\Program Files\dotnet\sdk\8.0.100\Extensions\Microsoft.VisualStudio.TestPlatform.Extensions.Trx.TestLogger.dll'
TpTrace Verbose: 0 : 1556, 1, 2024/03/04, 09:17:58.030, 6556049228567, vstest.console.dll, TestPluginCache: Discovered the extensions using extension path ''.
TpTrace Verbose: 0 : 1556, 1, 2024/03/04, 09:17:58.030, 6556049231012, vstest.console.dll, TestPluginCache: Discoverers are ''.
TpTrace Verbose: 0 : 1556, 1, 2024/03/04, 09:17:58.030, 6556049232229, vstest.console.dll, TestPluginCache: Executors are ''.
TpTrace Verbose: 0 : 1556, 1, 2024/03/04, 09:17:58.031, 6556049233205, vstest.console.dll, TestPluginCache: Executors2 are ''.
TpTrace Verbose: 0 : 1556, 1, 2024/03/04, 09:17:58.031, 6556049234189, vstest.console.dll, TestPluginCache: Setting providers are ''.
TpTrace Verbose: 0 : 1556, 1, 2024/03/04, 09:17:58.031, 6556049235050, vstest.console.dll, TestPluginCache: Loggers are ''.
TpTrace Verbose: 0 : 1556, 1, 2024/03/04, 09:17:58.031, 6556049241175, vstest.console.dll, TestPluginCache: TestHosts are 'HostProvider://DefaultTestHost,HostProvider://DotnetTestHost'.
TpTrace Verbose: 0 : 1556, 1, 2024/03/04, 09:17:58.031, 6556049242530, vstest.console.dll, TestPluginCache: DataCollectors are ''.
TpTrace Information: 0 : 1556, 1, 2024/03/04, 09:17:58.126, 6556050184291, vstest.console.dll, RunTestsArgumentProcessor:Execute: Test run is starting.
TpTrace Verbose: 0 : 1556, 1, 2024/03/04, 09:17:58.126, 6556050186756, vstest.console.dll, RunTestsArgumentProcessor:Execute: Queuing Test run.
TpTrace Information: 0 : 1556, 1, 2024/03/04, 09:17:58.127, 6556050202717, vstest.console.dll, TestRequestManager.RunTests: run tests started.
TpTrace Information: 0 : 1556, 1, 2024/03/04, 09:17:58.170, 6556050629668, vstest.console.dll, AssemblyMetadataProvider.GetFrameworkName: Determined framework:'.NETCoreApp,Version=v6.0' for source: 'D:\Mavericks\RoleBased Training(FSD)\HotPotSolution\HotPotTests\bin\Debug\net6.0\fine-code-coverage\build-output\HotPotTests.dll'
TpTrace Information: 0 : 1556, 1, 2024/03/04, 09:17:58.171, 6556050638673, vstest.console.dll, Determined framework for all sources: .NETCoreApp,Version=v6.0
TpTrace Verbose: 0 : 1556, 1, 2024/03/04, 09:17:58.173, 6556050657217, vstest.console.dll, TestRequestManager.UpdateRunSettingsIfRequired: Default architecture: X64 IsDefaultTargetArchitecture: True, Current process architecture: X64 OperatingSystem: Windows.
TpTrace Information: 0 : 1556, 1, 2024/03/04, 09:17:58.180, 6556050722930, vstest.console.dll, AssemblyMetadataProvider.GetArchitecture: Determined architecture:AnyCPU info for assembly: D:\Mavericks\RoleBased Training(FSD)\HotPotSolution\HotPotTests\bin\Debug\net6.0\fine-code-coverage\build-output\HotPotTests.dll
TpTrace Information: 0 : 1556, 1, 2024/03/04, 09:17:58.180, 6556050724986, vstest.console.dll, Determined platform for source 'D:\Mavericks\RoleBased Training(FSD)\HotPotSolution\HotPotTests\bin\Debug\net6.0\fine-code-coverage\build-output\HotPotTests.dll' was AnyCPU and it will use the default plaform X64.
TpTrace Information: 0 : 1556, 1, 2024/03/04, 09:17:58.180, 6556050726028, vstest.console.dll, None of the sources provided any runnable platform, using the default platform: X64
TpTrace Information: 0 : 1556, 1, 2024/03/04, 09:17:58.180, 6556050728985, vstest.console.dll, Platform was updated to 'X64'.
TpTrace Information: 0 : 1556, 1, 2024/03/04, 09:17:58.198, 6556050910456, vstest.console.dll, InferRunSettingsHelper.IsTestSettingsEnabled: Unable to navigate to RunSettings/MSTest. Current node: RunSettings
TpTrace Information: 0 : 1556, 1, 2024/03/04, 09:17:58.200, 6556050928574, vstest.console.dll, AssemblyResolver.OnResolve: Microsoft.VisualStudio.TestPlatform.Fakes: Resolving assembly.
TpTrace Information: 0 : 1556, 1, 2024/03/04, 09:17:58.200, 6556050930549, vstest.console.dll, AssemblyResolver.OnResolve: Microsoft.VisualStudio.TestPlatform.Fakes: Searching in: 'C:\Program Files\dotnet\sdk\8.0.100\Extensions'.
TpTrace Information: 0 : 1556, 1, 2024/03/04, 09:17:58.201, 6556050932932, vstest.console.dll, AssemblyResolver.OnResolve: Microsoft.VisualStudio.TestPlatform.Fakes: Assembly path does not exist: 'C:\Program Files\dotnet\sdk\8.0.100\Extensions\Microsoft.VisualStudio.TestPlatform.Fakes.dll', returning.
TpTrace Information: 0 : 1556, 1, 2024/03/04, 09:17:58.201, 6556050934960, vstest.console.dll, AssemblyResolver.OnResolve: Microsoft.VisualStudio.TestPlatform.Fakes: Assembly path does not exist: 'C:\Program Files\dotnet\sdk\8.0.100\Extensions\Microsoft.VisualStudio.TestPlatform.Fakes.exe', returning.
TpTrace Information: 0 : 1556, 1, 2024/03/04, 09:17:58.201, 6556050936335, vstest.console.dll, AssemblyResolver.OnResolve: Microsoft.VisualStudio.TestPlatform.Fakes: Searching in: 'C:\Program Files\dotnet\sdk\8.0.100'.
TpTrace Information: 0 : 1556, 1, 2024/03/04, 09:17:58.201, 6556050938364, vstest.console.dll, AssemblyResolver.OnResolve: Microsoft.VisualStudio.TestPlatform.Fakes: Assembly path does not exist: 'C:\Program Files\dotnet\sdk\8.0.100\Microsoft.VisualStudio.TestPlatform.Fakes.dll', returning.
TpTrace Information: 0 : 1556, 1, 2024/03/04, 09:17:58.201, 6556050940714, vstest.console.dll, AssemblyResolver.OnResolve: Microsoft.VisualStudio.TestPlatform.Fakes: Assembly path does not exist: 'C:\Program Files\dotnet\sdk\8.0.100\Microsoft.VisualStudio.TestPlatform.Fakes.exe', returning.
TpTrace Information: 0 : 1556, 1, 2024/03/04, 09:17:58.201, 6556050942125, vstest.console.dll, AssemblyResolver.OnResolve: Microsoft.VisualStudio.TestPlatform.Fakes: Failed to load assembly.
TpTrace Information: 0 : 1556, 1, 2024/03/04, 09:17:58.202, 6556050950485, vstest.console.dll, Failed to load assembly Microsoft.VisualStudio.TestPlatform.Fakes, Version=17.0.0.0, Culture=neutral. Reason:System.IO.FileNotFoundException: Could not load file or assembly 'Microsoft.VisualStudio.TestPlatform.Fakes, Version=17.0.0.0, Culture=neutral, PublicKeyToken=null'. The system cannot find the file specified.
File name: 'Microsoft.VisualStudio.TestPlatform.Fakes, Version=17.0.0.0, Culture=neutral, PublicKeyToken=null'
   at System.Reflection.RuntimeAssembly.InternalLoad(AssemblyName assemblyName, StackCrawlMark& stackMark, AssemblyLoadContext assemblyLoadContext, RuntimeAssembly requestingAssembly, Boolean throwOnFileNotFound)
   at System.Reflection.Assembly.Load(AssemblyName assemblyRef)
   at Microsoft.VisualStudio.TestPlatform.Common.Utilities.FakesUtilities.LoadTestPlatformAssembly() in /_/src/Microsoft.TestPlatform.Common/Utilities/FakesUtilities.cs:line 272
TpTrace Verbose: 0 : 1556, 1, 2024/03/04, 09:17:58.234, 6556051269954, vstest.console.dll, TestPluginCache.DiscoverTestExtensions: finding test extensions in assemblies ends with: TestLogger.dll TPluginInfo: Microsoft.VisualStudio.TestPlatform.Common.ExtensionFramework.Utilities.TestLoggerPluginInformation TExtension: Microsoft.VisualStudio.TestPlatform.ObjectModel.Client.ITestLogger
TpTrace Verbose: 0 : 1556, 1, 2024/03/04, 09:17:58.234, 6556051272816, vstest.console.dll, TestPluginCache.GetExtensionPaths: Filtered extension paths: 
TpTrace Verbose: 0 : 1556, 1, 2024/03/04, 09:17:58.235, 6556051274481, vstest.console.dll, TestPluginCache.GetExtensionPaths: Added default extension paths: C:\Program Files\dotnet\sdk\8.0.100\Extensions\Microsoft.Diagnostics.NETCore.Client.dll
C:\Program Files\dotnet\sdk\8.0.100\Extensions\Microsoft.TestPlatform.Extensions.BlameDataCollector.dll
C:\Program Files\dotnet\sdk\8.0.100\Extensions\Microsoft.TestPlatform.Extensions.EventLogCollector.dll
C:\Program Files\dotnet\sdk\8.0.100\Extensions\Microsoft.TestPlatform.TestHostRuntimeProvider.dll
C:\Program Files\dotnet\sdk\8.0.100\Extensions\Microsoft.VisualStudio.TestPlatform.Extensions.Html.TestLogger.dll
C:\Program Files\dotnet\sdk\8.0.100\Extensions\Microsoft.VisualStudio.TestPlatform.Extensions.Trx.TestLogger.dll
TpTrace Verbose: 0 : 1556, 1, 2024/03/04, 09:17:58.235, 6556051275862, vstest.console.dll, TestPluginCache.GetExtensionPaths: Added unfilterableExtensionPaths: 
TpTrace Information: 0 : 1556, 1, 2024/03/04, 09:17:58.235, 6556051280123, vstest.console.dll, AssemblyResolver.AddSearchDirectories: Adding more searchDirectories C:\Program Files\dotnet\sdk\8.0.100\Extensions,C:\Program Files\dotnet\sdk\8.0.100
TpTrace Verbose: 0 : 1556, 1, 2024/03/04, 09:17:58.235, 6556051281656, vstest.console.dll, TestPluginCache.DiscoverTestExtensions: Discovering the extensions using extension path.
TpTrace Verbose: 0 : 1556, 1, 2024/03/04, 09:17:58.235, 6556051282842, vstest.console.dll, TestPluginCache.GetExtensionPaths: Filtered extension paths: 
TpTrace Verbose: 0 : 1556, 1, 2024/03/04, 09:17:58.236, 6556051283996, vstest.console.dll, TestPluginCache.GetExtensionPaths: Added default extension paths: C:\Program Files\dotnet\sdk\8.0.100\Extensions\Microsoft.Diagnostics.NETCore.Client.dll
C:\Program Files\dotnet\sdk\8.0.100\Extensions\Microsoft.TestPlatform.Extensions.BlameDataCollector.dll
C:\Program Files\dotnet\sdk\8.0.100\Extensions\Microsoft.TestPlatform.Extensions.EventLogCollector.dll
C:\Program Files\dotnet\sdk\8.0.100\Extensions\Microsoft.TestPlatform.TestHostRuntimeProvider.dll
C:\Program Files\dotnet\sdk\8.0.100\Extensions\Microsoft.VisualStudio.TestPlatform.Extensions.Html.TestLogger.dll
C:\Program Files\dotnet\sdk\8.0.100\Extensions\Microsoft.VisualStudio.TestPlatform.Extensions.Trx.TestLogger.dll
TpTrace Verbose: 0 : 1556, 1, 2024/03/04, 09:17:58.236, 6556051285003, vstest.console.dll, TestPluginCache.GetExtensionPaths: Added unfilterableExtensionPaths: 
TpTrace Verbose: 0 : 1556, 1, 2024/03/04, 09:17:58.236, 6556051286219, vstest.console.dll, TestPluginCache.DiscoverTestExtensions: Discovering the extensions using allExtensionPaths: C:\Program Files\dotnet\sdk\8.0.100\Extensions\Microsoft.Diagnostics.NETCore.Client.dll
C:\Program Files\dotnet\sdk\8.0.100\Extensions\Microsoft.TestPlatform.Extensions.BlameDataCollector.dll
C:\Program Files\dotnet\sdk\8.0.100\Extensions\Microsoft.TestPlatform.Extensions.EventLogCollector.dll
C:\Program Files\dotnet\sdk\8.0.100\Extensions\Microsoft.TestPlatform.TestHostRuntimeProvider.dll
C:\Program Files\dotnet\sdk\8.0.100\Extensions\Microsoft.VisualStudio.TestPlatform.Extensions.Html.TestLogger.dll
C:\Program Files\dotnet\sdk\8.0.100\Extensions\Microsoft.VisualStudio.TestPlatform.Extensions.Trx.TestLogger.dll
TpTrace Information: 0 : 1556, 1, 2024/03/04, 09:17:58.236, 6556051289202, vstest.console.dll, AssemblyResolver.AddSearchDirectories: Adding more searchDirectories C:\Program Files\dotnet\sdk\8.0.100\Extensions,C:\Program Files\dotnet\sdk\8.0.100
TpTrace Information: 0 : 1556, 1, 2024/03/04, 09:17:58.236, 6556051290764, vstest.console.dll, AssemblyResolver.AddSearchDirectories: Adding more searchDirectories C:\Program Files\dotnet\sdk\8.0.100\Extensions,C:\Program Files\dotnet\sdk\8.0.100
TpTrace Information: 0 : 1556, 1, 2024/03/04, 09:17:58.236, 6556051292090, vstest.console.dll, AssemblyResolver.AddSearchDirectories: Adding more searchDirectories C:\Program Files\dotnet\sdk\8.0.100\Extensions,C:\Program Files\dotnet\sdk\8.0.100
TpTrace Information: 0 : 1556, 1, 2024/03/04, 09:17:58.237, 6556051293154, vstest.console.dll, AssemblyResolver.AddSearchDirectories: Adding more searchDirectories C:\Program Files\dotnet\sdk\8.0.100\Extensions,C:\Program Files\dotnet\sdk\8.0.100
TpTrace Information: 0 : 1556, 1, 2024/03/04, 09:17:58.237, 6556051294193, vstest.console.dll, AssemblyResolver.AddSearchDirectories: Adding more searchDirectories C:\Program Files\dotnet\sdk\8.0.100\Extensions,C:\Program Files\dotnet\sdk\8.0.100
TpTrace Information: 0 : 1556, 1, 2024/03/04, 09:17:58.237, 6556051295361, vstest.console.dll, AssemblyResolver.AddSearchDirectories: Adding more searchDirectories C:\Program Files\dotnet\sdk\8.0.100\Extensions,C:\Program Files\dotnet\sdk\8.0.100
TpTrace Verbose: 0 : 1556, 1, 2024/03/04, 09:17:58.237, 6556051298989, vstest.console.dll, MetadataReaderExtensionsHelper: Discovering extensions inside assembly 'Microsoft.Diagnostics.NETCore.Client, Version=0.2.8.21101, Culture=neutral, PublicKeyToken=31bf3856ad364e35' file path 'C:\Program Files\dotnet\sdk\8.0.100\Extensions\Microsoft.Diagnostics.NETCore.Client.dll'
TpTrace Information: 0 : 1556, 1, 2024/03/04, 09:17:58.239, 6556051318652, vstest.console.dll, AssemblyResolver.OnResolve: Microsoft.Bcl.AsyncInterfaces: Resolving assembly.
TpTrace Information: 0 : 1556, 1, 2024/03/04, 09:17:58.239, 6556051320780, vstest.console.dll, AssemblyResolver.OnResolve: Microsoft.Bcl.AsyncInterfaces: Resolved from cache.
TpTrace Verbose: 0 : 1556, 1, 2024/03/04, 09:17:58.239, 6556051321854, vstest.console.dll, CurrentDomainAssemblyResolve: Resolving assembly 'Microsoft.Bcl.AsyncInterfaces'.
TpTrace Information: 0 : 1556, 1, 2024/03/04, 09:17:58.240, 6556051323495, vstest.console.dll, AssemblyResolver.OnResolve: Microsoft.Bcl.AsyncInterfaces: Resolving assembly.
TpTrace Information: 0 : 1556, 1, 2024/03/04, 09:17:58.240, 6556051324537, vstest.console.dll, AssemblyResolver.OnResolve: Microsoft.Bcl.AsyncInterfaces: Resolved from cache.
TpTrace Verbose: 0 : 1556, 1, 2024/03/04, 09:17:58.240, 6556051325694, vstest.console.dll, CurrentDomainAssemblyResolve: Resolving assembly 'Microsoft.Bcl.AsyncInterfaces'.
TpTrace Verbose: 0 : 1556, 1, 2024/03/04, 09:17:58.240, 6556051326630, vstest.console.dll, CurrentDomainAssemblyResolve: Failed to resolve assembly 'Microsoft.Bcl.AsyncInterfaces'.
TpTrace Verbose: 0 : 1556, 1, 2024/03/04, 09:17:58.240, 6556051330949, vstest.console.dll, CurrentDomainAssemblyResolve: Failed to resolve assembly 'Microsoft.Bcl.AsyncInterfaces'.
TpTrace Warning: 0 : 1556, 1, 2024/03/04, 09:17:58.242, 6556051346468, vstest.console.dll, TestPluginDiscoverer: Failed to get types from assembly 'Microsoft.Diagnostics.NETCore.Client, Version=0.2.8.21101, Culture=neutral, PublicKeyToken=31bf3856ad364e35'. Error: System.Reflection.ReflectionTypeLoadException: Unable to load one or more of the requested types.
Could not load file or assembly 'Microsoft.Bcl.AsyncInterfaces, Version=1.0.0.0, Culture=neutral, PublicKeyToken=cc7b13ffcd2ddd51'. The system cannot find the file specified.
   at System.Reflection.RuntimeModule.GetTypes(RuntimeModule module)
   at System.Reflection.RuntimeModule.GetTypes()
   at Microsoft.VisualStudio.TestPlatform.Common.ExtensionFramework.TestPluginDiscoverer.GetTestExtensionsFromAssembly[TPluginInfo,TExtension](Assembly assembly, Dictionary`2 pluginInfos, String filePath) in /_/src/Microsoft.TestPlatform.Common/ExtensionFramework/TestPluginDiscoverer.cs:line 158
System.IO.FileNotFoundException: Could not load file or assembly 'Microsoft.Bcl.AsyncInterfaces, Version=1.0.0.0, Culture=neutral, PublicKeyToken=cc7b13ffcd2ddd51'. The system cannot find the file specified.
File name: 'Microsoft.Bcl.AsyncInterfaces, Version=1.0.0.0, Culture=neutral, PublicKeyToken=cc7b13ffcd2ddd51'
 ---> System.IO.FileNotFoundException: Could not load file or assembly 'Microsoft.Bcl.AsyncInterfaces, Culture=neutral, PublicKeyToken=null'. The system cannot find the file specified.
File name: 'Microsoft.Bcl.AsyncInterfaces, Culture=neutral, PublicKeyToken=null'
   at System.Reflection.RuntimeAssembly.InternalLoad(AssemblyName assemblyName, StackCrawlMark& stackMark, AssemblyLoadContext assemblyLoadContext, RuntimeAssembly requestingAssembly, Boolean throwOnFileNotFound)
   at System.Reflection.Assembly.Load(AssemblyName assemblyRef)
   at Microsoft.VisualStudio.TestPlatform.Common.ExtensionFramework.TestPluginCache.CurrentDomainAssemblyResolve(Object sender, AssemblyResolveEventArgs args) in /_/src/Microsoft.TestPlatform.Common/ExtensionFramework/TestPluginCache.cs:line 513
   at System.Runtime.Loader.AssemblyLoadContext.GetFirstResolvedAssemblyFromResolvingEvent(AssemblyName assemblyName)
   at System.Runtime.Loader.AssemblyLoadContext.ResolveUsingEvent(AssemblyName assemblyName)
   at System.Runtime.Loader.AssemblyLoadContext.ResolveUsingResolvingEvent(IntPtr gchManagedAssemblyLoadContext, AssemblyName assemblyName)
TpTrace Warning: 0 : 1556, 1, 2024/03/04, 09:17:58.243, 6556051353008, vstest.console.dll, LoaderExceptions: System.IO.FileNotFoundException: Could not load file or assembly 'Microsoft.Bcl.AsyncInterfaces, Version=1.0.0.0, Culture=neutral, PublicKeyToken=cc7b13ffcd2ddd51'. The system cannot find the file specified.
File name: 'Microsoft.Bcl.AsyncInterfaces, Version=1.0.0.0, Culture=neutral, PublicKeyToken=cc7b13ffcd2ddd51'
 ---> System.IO.FileNotFoundException: Could not load file or assembly 'Microsoft.Bcl.AsyncInterfaces, Culture=neutral, PublicKeyToken=null'. The system cannot find the file specified.
File name: 'Microsoft.Bcl.AsyncInterfaces, Culture=neutral, PublicKeyToken=null'
   at System.Reflection.RuntimeAssembly.InternalLoad(AssemblyName assemblyName, StackCrawlMark& stackMark, AssemblyLoadContext assemblyLoadContext, RuntimeAssembly requestingAssembly, Boolean throwOnFileNotFound)
   at System.Reflection.Assembly.Load(AssemblyName assemblyRef)
   at Microsoft.VisualStudio.TestPlatform.Common.ExtensionFramework.TestPluginCache.CurrentDomainAssemblyResolve(Object sender, AssemblyResolveEventArgs args) in /_/src/Microsoft.TestPlatform.Common/ExtensionFramework/TestPluginCache.cs:line 513
   at System.Runtime.Loader.AssemblyLoadContext.GetFirstResolvedAssemblyFromResolvingEvent(AssemblyName assemblyName)
   at System.Runtime.Loader.AssemblyLoadContext.ResolveUsingEvent(AssemblyName assemblyName)
   at System.Runtime.Loader.AssemblyLoadContext.ResolveUsingResolvingEvent(IntPtr gchManagedAssemblyLoadContext, AssemblyName assemblyName)
TpTrace Verbose: 0 : 1556, 1, 2024/03/04, 09:17:58.243, 6556051356727, vstest.console.dll, MetadataReaderExtensionsHelper: Discovering extensions inside assembly 'Microsoft.TestPlatform.Extensions.BlameDataCollector, Version=15.0.0.0, Culture=neutral, PublicKeyToken=b03f5f7f11d50a3a' file path 'C:\Program Files\dotnet\sdk\8.0.100\Extensions\Microsoft.TestPlatform.Extensions.BlameDataCollector.dll'
TpTrace Information: 0 : 1556, 1, 2024/03/04, 09:17:58.244, 6556051369786, vstest.console.dll, GetTestExtensionFromType: Register extension with identifier data 'logger://Microsoft/TestPlatform/Extensions/Blame/v1' and type 'Microsoft.TestPlatform.Extensions.BlameDataCollector.BlameLogger, Microsoft.TestPlatform.Extensions.BlameDataCollector, Version=15.0.0.0, Culture=neutral, PublicKeyToken=b03f5f7f11d50a3a' inside file 'C:\Program Files\dotnet\sdk\8.0.100\Extensions\Microsoft.TestPlatform.Extensions.BlameDataCollector.dll'
TpTrace Verbose: 0 : 1556, 1, 2024/03/04, 09:17:58.244, 6556051372236, vstest.console.dll, MetadataReaderExtensionsHelper: Discovering extensions inside assembly 'Microsoft.TestPlatform.Extensions.EventLogCollector, Version=15.0.0.0, Culture=neutral, PublicKeyToken=b03f5f7f11d50a3a' file path 'C:\Program Files\dotnet\sdk\8.0.100\Extensions\Microsoft.TestPlatform.Extensions.EventLogCollector.dll'
TpTrace Verbose: 0 : 1556, 1, 2024/03/04, 09:17:58.245, 6556051380660, vstest.console.dll, MetadataReaderExtensionsHelper: Discovering extensions inside assembly 'Microsoft.TestPlatform.TestHostRuntimeProvider, Version=15.0.0.0, Culture=neutral, PublicKeyToken=b03f5f7f11d50a3a' file path 'C:\Program Files\dotnet\sdk\8.0.100\Extensions\Microsoft.TestPlatform.TestHostRuntimeProvider.dll'
TpTrace Verbose: 0 : 1556, 1, 2024/03/04, 09:17:58.246, 6556051389289, vstest.console.dll, MetadataReaderExtensionsHelper: Discovering extensions inside assembly 'Microsoft.VisualStudio.TestPlatform.Extensions.Html.TestLogger, Version=15.0.0.0, Culture=neutral, PublicKeyToken=b03f5f7f11d50a3a' file path 'C:\Program Files\dotnet\sdk\8.0.100\Extensions\Microsoft.VisualStudio.TestPlatform.Extensions.Html.TestLogger.dll'
TpTrace Information: 0 : 1556, 1, 2024/03/04, 09:17:58.248, 6556051403817, vstest.console.dll, GetTestExtensionFromType: Register extension with identifier data 'logger://Microsoft/TestPlatform/HtmlLogger/v1' and type 'Microsoft.VisualStudio.TestPlatform.Extensions.HtmlLogger.HtmlLogger, Microsoft.VisualStudio.TestPlatform.Extensions.Html.TestLogger, Version=15.0.0.0, Culture=neutral, PublicKeyToken=b03f5f7f11d50a3a' inside file 'C:\Program Files\dotnet\sdk\8.0.100\Extensions\Microsoft.VisualStudio.TestPlatform.Extensions.Html.TestLogger.dll'
TpTrace Verbose: 0 : 1556, 1, 2024/03/04, 09:17:58.248, 6556051406275, vstest.console.dll, MetadataReaderExtensionsHelper: Discovering extensions inside assembly 'Microsoft.VisualStudio.TestPlatform.Extensions.Trx.TestLogger, Version=15.0.0.0, Culture=neutral, PublicKeyToken=b03f5f7f11d50a3a' file path 'C:\Program Files\dotnet\sdk\8.0.100\Extensions\Microsoft.VisualStudio.TestPlatform.Extensions.Trx.TestLogger.dll'
TpTrace Information: 0 : 1556, 1, 2024/03/04, 09:17:58.249, 6556051416499, vstest.console.dll, GetTestExtensionFromType: Register extension with identifier data 'logger://Microsoft/TestPlatform/TrxLogger/v1' and type 'Microsoft.VisualStudio.TestPlatform.Extensions.TrxLogger.TrxLogger, Microsoft.VisualStudio.TestPlatform.Extensions.Trx.TestLogger, Version=15.0.0.0, Culture=neutral, PublicKeyToken=b03f5f7f11d50a3a' inside file 'C:\Program Files\dotnet\sdk\8.0.100\Extensions\Microsoft.VisualStudio.TestPlatform.Extensions.Trx.TestLogger.dll'
TpTrace Verbose: 0 : 1556, 1, 2024/03/04, 09:17:58.249, 6556051420327, vstest.console.dll, TestPluginCache: Discovered the extensions using extension path ''.
TpTrace Verbose: 0 : 1556, 1, 2024/03/04, 09:17:58.249, 6556051421775, vstest.console.dll, TestPluginCache: Discoverers are ''.
TpTrace Verbose: 0 : 1556, 1, 2024/03/04, 09:17:58.250, 6556051422995, vstest.console.dll, TestPluginCache: Executors are ''.
TpTrace Verbose: 0 : 1556, 1, 2024/03/04, 09:17:58.250, 6556051424042, vstest.console.dll, TestPluginCache: Executors2 are ''.
TpTrace Verbose: 0 : 1556, 1, 2024/03/04, 09:17:58.250, 6556051425066, vstest.console.dll, TestPluginCache: Setting providers are ''.
TpTrace Verbose: 0 : 1556, 1, 2024/03/04, 09:17:58.251, 6556051435355, vstest.console.dll, TestPluginCache: Loggers are 'logger://Microsoft/TestPlatform/Extensions/Blame/v1,logger://Microsoft/TestPlatform/HtmlLogger/v1,logger://Microsoft/TestPlatform/TrxLogger/v1'.
TpTrace Verbose: 0 : 1556, 1, 2024/03/04, 09:17:58.251, 6556051438160, vstest.console.dll, TestPluginCache: TestHosts are 'HostProvider://DefaultTestHost,HostProvider://DotnetTestHost'.
TpTrace Verbose: 0 : 1556, 1, 2024/03/04, 09:17:58.251, 6556051439503, vstest.console.dll, TestPluginCache: DataCollectors are ''.
TpTrace Information: 0 : 1556, 1, 2024/03/04, 09:17:58.254, 6556051471462, vstest.console.dll, TestPluginManager.CreateTestExtension: Attempting to load test extension: Microsoft.TestPlatform.Extensions.BlameDataCollector.BlameLogger
TpTrace Verbose: 0 : 1556, 1, 2024/03/04, 09:17:58.295, 6556051878906, vstest.console.dll, TestEngine: Initializing Parallel Execution as MaxCpuCount is set to: 1
TpTrace Information: 0 : 1556, 1, 2024/03/04, 09:17:58.301, 6556051937196, vstest.console.dll, TestPluginManager.CreateTestExtension: Attempting to load test extension: Microsoft.VisualStudio.TestPlatform.CrossPlatEngine.Hosting.DefaultTestHostManager
TpTrace Information: 0 : 1556, 1, 2024/03/04, 09:17:58.302, 6556051952498, vstest.console.dll, TestPluginManager.CreateTestExtension: Attempting to load test extension: Microsoft.VisualStudio.TestPlatform.CrossPlatEngine.Hosting.DotnetTestHostManager
TpTrace Information: 0 : 1556, 1, 2024/03/04, 09:17:58.306, 6556051989284, vstest.console.dll, InferRunSettingsHelper.IsTestSettingsEnabled: Unable to navigate to RunSettings/MSTest. Current node: RunSettings
TpTrace Verbose: 0 : 1556, 1, 2024/03/04, 09:17:58.317, 6556052102380, vstest.console.dll, ParallelOperationManager.ClearSlots: Clearing all slots. Slots should accept more work: True
TpTrace Verbose: 0 : 1556, 1, 2024/03/04, 09:17:58.321, 6556052138272, vstest.console.dll, ParallelOperationManager.SetOccupiedSlotCount: Setting slot counts AvailableSlotCount = 1, OccupiedSlotCount = 0.
TpTrace Verbose: 0 : 1556, 1, 2024/03/04, 09:17:58.322, 6556052152788, vstest.console.dll, Occupied slots:

TpTrace Verbose: 0 : 1556, 1, 2024/03/04, 09:17:58.336, 6556052291273, vstest.console.dll, TestEngine.GetExecutionManager: Chosen execution manager 'Microsoft.VisualStudio.TestPlatform.CrossPlatEngine.Client.Parallel.ParallelProxyExecutionManager, Microsoft.TestPlatform.CrossPlatEngine, Version=15.0.0.0, Culture=neutral, PublicKeyToken=b03f5f7f11d50a3a' ParallelLevel '1'.
TpTrace Verbose: 0 : 1556, 1, 2024/03/04, 09:17:58.337, 6556052295678, vstest.console.dll, TestRunRequest.ExecuteAsync: Creating test run request.
TpTrace Verbose: 0 : 1556, 1, 2024/03/04, 09:17:58.340, 6556052325582, vstest.console.dll, TestRunRequest.ExecuteAsync: Starting.
TpTrace Information: 0 : 1556, 1, 2024/03/04, 09:17:58.345, 6556052380725, vstest.console.dll, TestRunRequest.ExecuteAsync: Starting run with settings:TestRunCriteria:
   KeepAlive=False,FrequencyOfRunStatsChangeEvent=10,RunStatsChangeEventTimeout=00:00:01.5000000,TestCaseFilter=,TestExecutorLauncher=
   Settingsxml=<RunSettings>
  <RunConfiguration>
    <ResultsDirectory>D:\Mavericks\RoleBased Training(FSD)\HotPotSolution\HotPotTests\bin\Debug\net6.0\fine-code-coverage\coverage-tool-output</ResultsDirectory>
    <TargetPlatform>X64</TargetPlatform>
    <TargetFrameworkVersion>.NETCoreApp,Version=v6.0</TargetFrameworkVersion>
    <DesignMode>False</DesignMode>
    <CollectSourceInformation>False</CollectSourceInformation>
  </RunConfiguration>
  <LoggerRunSettings>
    <Loggers>
      <Logger friendlyName="blame" enabled="True" />
      <Logger friendlyName="Console" uri="logger://microsoft/TestPlatform/ConsoleLogger/v1" assemblyQualifiedName="Microsoft.VisualStudio.TestPlatform.CommandLine.Internal.ConsoleLogger, vstest.console, Version=15.0.0.0, Culture=neutral, PublicKeyToken=b03f5f7f11d50a3a" codeBase="C:\Program Files\dotnet\sdk\8.0.100\vstest.console.dll" enabled="True" />
    </Loggers>
  </LoggerRunSettings>
  <DataCollectionRunSettings>
    <DataCollectors>
      <DataCollector friendlyName="blame" enabled="True">
        <Configuration>
          <ResultsDirectory>D:\Mavericks\RoleBased Training(FSD)\HotPotSolution\HotPotTests\bin\Debug\net6.0\fine-code-coverage\coverage-tool-output</ResultsDirectory>
        </Configuration>
      </DataCollector>
    </DataCollectors>
  </DataCollectionRunSettings>
</RunSettings>

TpTrace Verbose: 0 : 1556, 1, 2024/03/04, 09:17:58.346, 6556052383424, vstest.console.dll, TestRunRequest.ExecuteAsync: Wait for the first run request is over.
TpTrace Verbose: 0 : 1556, 1, 2024/03/04, 09:17:58.347, 6556052399442, vstest.console.dll, MulticastDelegateUtilities.SafeInvoke: TestRun.TestRunStart: Invoking callbacks was skipped because there are no subscribers.
TpTrace Verbose: 0 : 1556, 4, 2024/03/04, 09:17:58.348, 6556052412784, vstest.console.dll, MulticastDelegateUtilities.SafeInvoke: InternalTestLoggerEvents.SendTestRunStart: Invoking callback 1/1 for Microsoft.VisualStudio.TestPlatform.CommandLine.Internal.ConsoleLogger., took 1 ms.
TpTrace Verbose: 0 : 1556, 1, 2024/03/04, 09:17:58.352, 6556052447365, vstest.console.dll, ParallelProxyExecutionManager: Start execution. Total sources: 1
TpTrace Verbose: 0 : 1556, 1, 2024/03/04, 09:17:58.354, 6556052462979, vstest.console.dll, ParallelOperationManager.StartWork: Starting adding 1 workloads.
TpTrace Verbose: 0 : 1556, 1, 2024/03/04, 09:17:58.354, 6556052465969, vstest.console.dll, ParallelOperationManager.ClearSlots: Clearing all slots. Slots should accept more work: True
TpTrace Verbose: 0 : 1556, 1, 2024/03/04, 09:17:58.354, 6556052469552, vstest.console.dll, ParallelOperationManager.SetOccupiedSlotCount: Setting slot counts AvailableSlotCount = 1, OccupiedSlotCount = 0.
TpTrace Verbose: 0 : 1556, 1, 2024/03/04, 09:17:58.354, 6556052471107, vstest.console.dll, Occupied slots:

TpTrace Verbose: 0 : 1556, 1, 2024/03/04, 09:17:58.360, 6556052529435, vstest.console.dll, TestRequestSender is acting as server.
TpTrace Verbose: 0 : 1556, 1, 2024/03/04, 09:17:58.365, 6556052578542, vstest.console.dll, ParallelOperationManager.RunWorkInParallel: Adding 1 workload to slot, remaining workloads 0.
TpTrace Verbose: 0 : 1556, 1, 2024/03/04, 09:17:58.365, 6556052580390, vstest.console.dll, ParallelOperationManager.SetOccupiedSlotCount: Setting slot counts AvailableSlotCount = 0, OccupiedSlotCount = 1.
TpTrace Verbose: 0 : 1556, 1, 2024/03/04, 09:17:58.366, 6556052583322, vstest.console.dll, Occupied slots:
0: D:\Mavericks\RoleBased Training(FSD)\HotPotSolution\HotPotTests\bin\Debug\net6.0\fine-code-coverage\build-output\HotPotTests.dll
TpTrace Verbose: 0 : 1556, 1, 2024/03/04, 09:17:58.370, 6556052629926, vstest.console.dll, ParallelOperationManager.RunWorkInParallel: Started host in slot number 0 for work (source): D:\Mavericks\RoleBased Training(FSD)\HotPotSolution\HotPotTests\bin\Debug\net6.0\fine-code-coverage\build-output\HotPotTests.dll.
TpTrace Verbose: 0 : 1556, 1, 2024/03/04, 09:17:58.372, 6556052648752, vstest.console.dll, ParallelOperationManager.RunWorkInParallel: We started 1 work items, which is the max parallel level. Won't start more work.
TpTrace Verbose: 0 : 1556, 1, 2024/03/04, 09:17:58.372, 6556052651297, vstest.console.dll, ParallelOperationManager.RunWorkInParallel: We started 1 work items in here, returning True.
TpTrace Information: 0 : 1556, 1, 2024/03/04, 09:17:58.373, 6556052652857, vstest.console.dll, TestRunRequest.ExecuteAsync: Started.
TpTrace Verbose: 0 : 1556, 5, 2024/03/04, 09:17:58.373, 6556052653292, vstest.console.dll, ParallelProxyExecutionManager.StartTestRunOnConcurrentManager: Initializing uninitialized client. Started clients: 0
TpTrace Verbose: 0 : 1556, 5, 2024/03/04, 09:17:58.373, 6556052657147, vstest.console.dll, DataCollectionRequestSender.InitializeCommunication : Initialize communication. 
TpTrace Verbose: 0 : 1556, 1, 2024/03/04, 09:17:58.374, 6556052667043, vstest.console.dll, TestRunRequest.WaitForCompletion: Waiting with timeout -1.
TpTrace Information: 0 : 1556, 5, 2024/03/04, 09:17:58.402, 6556052946721, vstest.console.dll, Listening on Endpoint : 127.0.0.1:61739
TpTrace Verbose: 0 : 1556, 5, 2024/03/04, 09:17:58.426, 6556053186814, vstest.console.dll, DotnetDataCollectionLauncher: Adding  --runtimeconfig "C:\Program Files\dotnet\sdk\8.0.100\datacollector.runtimeconfig.json" in args
TpTrace Verbose: 0 : 1556, 5, 2024/03/04, 09:17:58.426, 6556053189756, vstest.console.dll, DotnetDataCollectionLauncher: Adding  --depsfile "C:\Program Files\dotnet\sdk\8.0.100\datacollector.deps.json" in args
TpTrace Verbose: 0 : 1556, 5, 2024/03/04, 09:17:58.427, 6556053195586, vstest.console.dll, DotnetDataCollectionLauncher: Full path of dotnet.exe is C:\Program Files\dotnet\dotnet.exe
TpTrace Information: 0 : 1556, 5, 2024/03/04, 09:17:58.465, 6556053583540, vstest.console.dll, ProxyDataCollectionManager.Initialize: Launched datacollector processId: 17052 port: 61739
TpTrace Information: 0 : 1556, 5, 2024/03/04, 09:17:58.466, 6556053587672, vstest.console.dll, ProxyDataCollectionManager.Initialize: waiting for connection with timeout: 90 seconds
TpTrace Verbose: 0 : 1556, 5, 2024/03/04, 09:17:58.466, 6556053590115, vstest.console.dll, DataCollectionRequestSender.WaitForRequestHandlerConnection : Waiting for connection with timeout: 90000
TpTrace Information: 0 : 1556, 7, 2024/03/04, 09:17:58.839, 6556057321099, vstest.console.dll, Using the buffer size of 16384 bytes
TpTrace Verbose: 0 : 1556, 5, 2024/03/04, 09:17:58.839, 6556057321545, vstest.console.dll, SocketCommunicationManager.WaitForClientConnection took: 372 ms, with 90000 ms timeout, and finished with True.
TpTrace Information: 0 : 1556, 7, 2024/03/04, 09:17:58.840, 6556057324423, vstest.console.dll, Accepted Client request and set the flag
TpTrace Verbose: 0 : 1556, 5, 2024/03/04, 09:17:58.840, 6556057327191, vstest.console.dll, ProxyDataCollectionManager.InvokeDataCollectionServiceAction: Starting.
TpTrace Information: 0 : 1556, 5, 2024/03/04, 09:17:58.840, 6556057329419, vstest.console.dll, ProxyDataCollectionManager.BeforeTestRunStart: Get environment variable and port for datacollector processId: 17052 port: 61739
TpTrace Verbose: 0 : 1556, 5, 2024/03/04, 09:17:58.841, 6556057339970, vstest.console.dll, DataCollectionRequestSender.SendBeforeTestRunStartAndGetResult: Send BeforeTestRunStart message with settingsXml <RunSettings><RunConfiguration><ResultsDirectory>D:\Mavericks\RoleBased Training(FSD)\HotPotSolution\HotPotTests\bin\Debug\net6.0\fine-code-coverage\coverage-tool-output</ResultsDirectory><TargetPlatform>X64</TargetPlatform><TargetFrameworkVersion>.NETCoreApp,Version=v6.0</TargetFrameworkVersion><DesignMode>False</DesignMode><CollectSourceInformation>False</CollectSourceInformation><TestAdaptersPaths>C:\Program Files\dotnet\sdk\8.0.100\Extensions</TestAdaptersPaths></RunConfiguration><LoggerRunSettings><Loggers><Logger friendlyName="blame" enabled="True" /><Logger friendlyName="Console" uri="logger://microsoft/TestPlatform/ConsoleLogger/v1" assemblyQualifiedName="Microsoft.VisualStudio.TestPlatform.CommandLine.Internal.ConsoleLogger, vstest.console, Version=15.0.0.0, Culture=neutral, PublicKeyToken=b03f5f7f11d50a3a" codeBase="C:\Program Files\dotnet\sdk\8.0.100\vstest.console.dll" enabled="True" /></Loggers></LoggerRunSettings><DataCollectionRunSettings><DataCollectors><DataCollector friendlyName="blame" enabled="True"><Configuration><ResultsDirectory>D:\Mavericks\RoleBased Training(FSD)\HotPotSolution\HotPotTests\bin\Debug\net6.0\fine-code-coverage\coverage-tool-output</ResultsDirectory></Configuration></DataCollector></DataCollectors></DataCollectionRunSettings></RunSettings> and sources System.Collections.Generic.List`1[System.String]: 
TpTrace Verbose: 0 : 1556, 5, 2024/03/04, 09:17:59.088, 6556059808985, vstest.console.dll, DataCollectionRequestSender.SendBeforeTestRunStartAndGetResult: Received message: (DataCollection.SendMessage) -> {"MessageType":"DataCollection.SendMessage","Payload":{"FriendlyName":null,"Uri":null,"TestCaseId":"00000000-0000-0000-0000-000000000000","Message":"Logging DataCollector Diagnostics in file: D:\\Mavericks\\RoleBased Training(FSD)\\HotPotSolution\\HotPotTests\\bin\\Debug\\net6.0\\fine-code-coverage\\coverage-tool-output\\diagnostics.datacollector.24-03-04_09-17-58_42584_5.log","Level":0}}
TpTrace Verbose: 0 : 1556, 5, 2024/03/04, 09:17:59.460, 6556063532649, vstest.console.dll, DataCollectionRequestSender.SendBeforeTestRunStartAndGetResult: Received message: (DataCollection.BeforeTestRunStartResult) -> {"MessageType":"DataCollection.BeforeTestRunStartResult","Payload":{"EnvironmentVariables":{},"DataCollectionEventsPort":61742}}
TpTrace Information: 0 : 1556, 5, 2024/03/04, 09:17:59.471, 6556063634277, vstest.console.dll, ProxyDataCollectionManager.BeforeTestRunStart: SendBeforeTestRunStartAndGetResult successful, env variable from datacollector:   and testhost port: 61742
TpTrace Information: 0 : 1556, 5, 2024/03/04, 09:17:59.471, 6556063636941, vstest.console.dll, ProxyDataCollectionManager.InvokeDataCollectionServiceAction: Completed.
TpTrace Verbose: 0 : 1556, 5, 2024/03/04, 09:17:59.471, 6556063638459, vstest.console.dll, ParallelProxyExecutionManager.StartTestRunOnConcurrentManager: Initializing test run. Started clients: 0
TpTrace Verbose: 0 : 1556, 5, 2024/03/04, 09:17:59.471, 6556063641730, vstest.console.dll, ProxyExecutionManager: Test host is always Lazy initialize.
TpTrace Verbose: 0 : 1556, 5, 2024/03/04, 09:17:59.472, 6556063646995, vstest.console.dll, TestRequestSender.InitializeCommunication: initialize communication. 
TpTrace Information: 0 : 1556, 5, 2024/03/04, 09:17:59.473, 6556063656078, vstest.console.dll, SocketServer.Start: Listening on endpoint : 127.0.0.1:61744
TpTrace Verbose: 0 : 1556, 5, 2024/03/04, 09:17:59.475, 6556063675954, vstest.console.dll, DotnetTestHostmanager.GetTestHostProcessStartInfo: Platform environment 'X64' target architecture 'X64' framework '.NETCoreApp,Version=v6.0' OS 'Windows'
TpTrace Verbose: 0 : 1556, 5, 2024/03/04, 09:17:59.476, 6556063687524, vstest.console.dll, DotnetTestHostmanager: Adding  --runtimeconfig "D:\Mavericks\RoleBased Training(FSD)\HotPotSolution\HotPotTests\bin\Debug\net6.0\fine-code-coverage\build-output\HotPotTests.runtimeconfig.json" in args
TpTrace Verbose: 0 : 1556, 5, 2024/03/04, 09:17:59.476, 6556063689133, vstest.console.dll, DotnetTestHostmanager: Adding  --depsfile "D:\Mavericks\RoleBased Training(FSD)\HotPotSolution\HotPotTests\bin\Debug\net6.0\fine-code-coverage\build-output\HotPotTests.deps.json" in args
TpTrace Verbose: 0 : 1556, 5, 2024/03/04, 09:17:59.477, 6556063700257, vstest.console.dll, DotnetTestHostmanager.IsWinOnArm: Current PROCESSOR_ARCHITECTURE from environment variable 'AMD64'
TpTrace Verbose: 0 : 1556, 5, 2024/03/04, 09:17:59.477, 6556063702041, vstest.console.dll, DotnetTestHostmanager.IsWinOnArm: Is Windows on ARM 'False'
TpTrace Verbose: 0 : 1556, 5, 2024/03/04, 09:17:59.478, 6556063703422, vstest.console.dll, DotnetTestHostManager: testhost.exe found at path: D:\Mavericks\RoleBased Training(FSD)\HotPotSolution\HotPotTests\bin\Debug\net6.0\fine-code-coverage\build-output\testhost.exe
TpTrace Verbose: 0 : 1556, 5, 2024/03/04, 09:17:59.478, 6556063704366, vstest.console.dll, DotnetTestHostmanager: Full path of host exe is D:\Mavericks\RoleBased Training(FSD)\HotPotSolution\HotPotTests\bin\Debug\net6.0\fine-code-coverage\build-output\testhost.exe
TpTrace Verbose: 0 : 1556, 5, 2024/03/04, 09:17:59.478, 6556063706865, vstest.console.dll, DotnetTestHostmanager.LaunchTestHostAsync: Found 'VSTEST_WINAPPHOST_DOTNET_ROOT' in env variables, value 'C:\Program Files\dotnet', forwarding to 'DOTNET_ROOT'
TpTrace Verbose: 0 : 1556, 5, 2024/03/04, 09:17:59.478, 6556063709861, vstest.console.dll, DotnetTestHostManager: Starting process 'D:\Mavericks\RoleBased Training(FSD)\HotPotSolution\HotPotTests\bin\Debug\net6.0\fine-code-coverage\build-output\testhost.exe' with command line ' --runtimeconfig "D:\Mavericks\RoleBased Training(FSD)\HotPotSolution\HotPotTests\bin\Debug\net6.0\fine-code-coverage\build-output\HotPotTests.runtimeconfig.json" --depsfile "D:\Mavericks\RoleBased Training(FSD)\HotPotSolution\HotPotTests\bin\Debug\net6.0\fine-code-coverage\build-output\HotPotTests.deps.json" --port 61744 --endpoint 127.0.0.1:061744 --role client --parentprocessid 1556 --diag "D:\Mavericks\RoleBased Training(FSD)\HotPotSolution\HotPotTests\bin\Debug\net6.0\fine-code-coverage\coverage-tool-output\diagnostics.host.24-03-04_09-17-59_47400_5.log" --tracelevel 4 --datacollectionport 61742 --telemetryoptedin false'
TpTrace Verbose: 0 : 1556, 5, 2024/03/04, 09:17:59.509, 6556064022707, vstest.console.dll, MulticastDelegateUtilities.SafeInvoke: HostProviderEvents.OnHostLaunched: Invoking callback 1/2 for Microsoft.VisualStudio.TestPlatform.CrossPlatEngine.Client.ProxyExecutionManagerWithDataCollection., took 1 ms.
TpTrace Verbose: 0 : 1556, 5, 2024/03/04, 09:17:59.510, 6556064028909, vstest.console.dll, Test Runtime launched
TpTrace Verbose: 0 : 1556, 5, 2024/03/04, 09:17:59.510, 6556064030762, vstest.console.dll, MulticastDelegateUtilities.SafeInvoke: HostProviderEvents.OnHostLaunched: Invoking callback 2/2 for Microsoft.VisualStudio.TestPlatform.CrossPlatEngine.Client.ProxyOperationManager., took 0 ms.
TpTrace Verbose: 0 : 1556, 5, 2024/03/04, 09:17:59.512, 6556064043192, vstest.console.dll, TestRequestSender.WaitForRequestHandlerConnection: waiting for connection with timeout: 90000.
TpTrace Verbose: 0 : 1556, 7, 2024/03/04, 09:18:00.096, 6556069888329, vstest.console.dll, MulticastDelegateUtilities.SafeInvoke: SocketServer: ClientConnected: Invoking callback 1/1 for Microsoft.VisualStudio.TestPlatform.CommunicationUtilities.TestRequestSender., took 0 ms.
TpTrace Verbose: 0 : 1556, 7, 2024/03/04, 09:18:00.096, 6556069891299, vstest.console.dll, SocketServer.OnClientConnected: Client connected for endPoint: 127.0.0.1:61744, starting MessageLoopAsync:
TpTrace Verbose: 0 : 1556, 5, 2024/03/04, 09:18:00.096, 6556069888479, vstest.console.dll, TestRequestSender.WaitForRequestHandlerConnection: waiting took 584 ms, with timeout 90000 ms, and result 0, which is success.
TpTrace Verbose: 0 : 1556, 13, 2024/03/04, 09:18:00.098, 6556069905481, vstest.console.dll, TcpClientExtensions.MessageLoopAsync: Polling on remoteEndPoint: 127.0.0.1:61745 localEndPoint: 127.0.0.1:61744
TpTrace Verbose: 0 : 1556, 5, 2024/03/04, 09:18:00.099, 6556069915720, vstest.console.dll, TestRequestSender.CheckVersionWithTestHost: Sending check version message: {"MessageType":"ProtocolVersion","Payload":7}
TpTrace Verbose: 0 : 1556, 13, 2024/03/04, 09:18:00.572, 6556074651903, vstest.console.dll, TcpClientExtensions.MessageLoopAsync: NotifyDataAvailable remoteEndPoint: 127.0.0.1:61745 localEndPoint: 127.0.0.1:61744
TpTrace Verbose: 0 : 1556, 13, 2024/03/04, 09:18:00.574, 6556074667322, vstest.console.dll, TestRequestSender.CheckVersionWithTestHost: onMessageReceived received message: (ProtocolVersion) -> {"MessageType":"ProtocolVersion","Payload":5}
TpTrace Verbose: 0 : 1556, 13, 2024/03/04, 09:18:00.577, 6556074700891, vstest.console.dll, MulticastDelegateUtilities.SafeInvoke: LengthPrefixCommunicationChannel: MessageReceived: Invoking callback 1/1 for Microsoft.VisualStudio.TestPlatform.CommunicationUtilities.TestRequestSender+<>c__DisplayClass29_0., took 4 ms.
TpTrace Verbose: 0 : 1556, 13, 2024/03/04, 09:18:00.578, 6556074703829, vstest.console.dll, TcpClientExtensions.MessageLoopAsync: Polling on remoteEndPoint: 127.0.0.1:61745 localEndPoint: 127.0.0.1:61744
TpTrace Verbose: 0 : 1556, 5, 2024/03/04, 09:18:00.578, 6556074704732, vstest.console.dll, TestPluginCache.GetExtensionPaths: Filtered extension paths: 
TpTrace Verbose: 0 : 1556, 5, 2024/03/04, 09:18:00.578, 6556074707350, vstest.console.dll, TestPluginCache.GetExtensionPaths: Added default extension paths: C:\Program Files\dotnet\sdk\8.0.100\Extensions\Microsoft.Diagnostics.NETCore.Client.dll
C:\Program Files\dotnet\sdk\8.0.100\Extensions\Microsoft.TestPlatform.Extensions.BlameDataCollector.dll
C:\Program Files\dotnet\sdk\8.0.100\Extensions\Microsoft.TestPlatform.Extensions.EventLogCollector.dll
C:\Program Files\dotnet\sdk\8.0.100\Extensions\Microsoft.TestPlatform.TestHostRuntimeProvider.dll
C:\Program Files\dotnet\sdk\8.0.100\Extensions\Microsoft.VisualStudio.TestPlatform.Extensions.Html.TestLogger.dll
C:\Program Files\dotnet\sdk\8.0.100\Extensions\Microsoft.VisualStudio.TestPlatform.Extensions.Trx.TestLogger.dll
TpTrace Verbose: 0 : 1556, 5, 2024/03/04, 09:18:00.578, 6556074710488, vstest.console.dll, TestPluginCache.GetExtensionPaths: Added unfilterableExtensionPaths: 
TpTrace Verbose: 0 : 1556, 5, 2024/03/04, 09:18:00.592, 6556074845709, vstest.console.dll, TestRequestSender.InitializeExecution: Sending initialize execution with message: {"Version":5,"MessageType":"TestExecution.Initialize","Payload":["D:\\Mavericks\\RoleBased Training(FSD)\\HotPotSolution\\HotPotTests\\bin\\Debug\\net6.0\\fine-code-coverage\\build-output\\NUnit3.TestAdapter.dll"]}
TpTrace Verbose: 0 : 1556, 5, 2024/03/04, 09:18:00.592, 6556074851518, vstest.console.dll, ParallelProxyExecutionManager.StartTestRunOnConcurrentManager: Execution starting. Started clients: 1
TpTrace Verbose: 0 : 1556, 5, 2024/03/04, 09:18:00.595, 6556074882126, vstest.console.dll, TestRunRequest:SendTestRunMessage: Starting.
TpTrace Verbose: 0 : 1556, 5, 2024/03/04, 09:18:00.596, 6556074887720, vstest.console.dll, MulticastDelegateUtilities.SafeInvoke: TestRun.LogMessages: Invoking callback 1/1 for Microsoft.VisualStudio.TestPlatform.CommandLine.TestRunResultAggregator., took 0 ms.
TpTrace Information: 0 : 1556, 5, 2024/03/04, 09:18:00.596, 6556074889165, vstest.console.dll, TestRunRequest:SendTestRunMessage: Completed.
TpTrace Verbose: 0 : 1556, 4, 2024/03/04, 09:18:00.597, 6556074900378, vstest.console.dll, MulticastDelegateUtilities.SafeInvoke: InternalTestLoggerEvents.SendTestRunMessage: Invoking callback 1/1 for Microsoft.VisualStudio.TestPlatform.CommandLine.Internal.ConsoleLogger., took 0 ms.
TpTrace Warning: 0 : 1556, 5, 2024/03/04, 09:18:00.598, 6556074909074, vstest.console.dll, InferRunSettingsHelper.MakeRunsettingsCompatible: Removing the following settings: TargetPlatform from RunSettings file. To use those settings please move to latest version of Microsoft.NET.Test.Sdk
TpTrace Verbose: 0 : 1556, 5, 2024/03/04, 09:18:00.631, 6556075238961, vstest.console.dll, TestRequestSender.StartTestRun: Sending test run with message: {"Version":5,"MessageType":"TestExecution.StartWithSources","Payload":{"AdapterSourceMap":{"_none_":["D:\\Mavericks\\RoleBased Training(FSD)\\HotPotSolution\\HotPotTests\\bin\\Debug\\net6.0\\fine-code-coverage\\build-output\\HotPotTests.dll"]},"RunSettings":"<RunSettings>\r\n  <RunConfiguration>\r\n    <ResultsDirectory>D:\\Mavericks\\RoleBased Training(FSD)\\HotPotSolution\\HotPotTests\\bin\\Debug\\net6.0\\fine-code-coverage\\coverage-tool-output</ResultsDirectory>\r\n    <TargetFrameworkVersion>.NETCoreApp,Version=v6.0</TargetFrameworkVersion>\r\n    <DesignMode>False</DesignMode>\r\n    <CollectSourceInformation>False</CollectSourceInformation>\r\n  </RunConfiguration>\r\n  <LoggerRunSettings>\r\n    <Loggers>\r\n      <Logger friendlyName=\"blame\" enabled=\"True\" />\r\n      <Logger friendlyName=\"Console\" uri=\"logger://microsoft/TestPlatform/ConsoleLogger/v1\" assemblyQualifiedName=\"Microsoft.VisualStudio.TestPlatform.CommandLine.Internal.ConsoleLogger, vstest.console, Version=15.0.0.0, Culture=neutral, PublicKeyToken=b03f5f7f11d50a3a\" codeBase=\"C:\\Program Files\\dotnet\\sdk\\8.0.100\\vstest.console.dll\" enabled=\"True\" />\r\n    </Loggers>\r\n  </LoggerRunSettings>\r\n  <DataCollectionRunSettings>\r\n    <DataCollectors>\r\n      <DataCollector friendlyName=\"blame\" enabled=\"True\">\r\n        <Configuration>\r\n          <ResultsDirectory>D:\\Mavericks\\RoleBased Training(FSD)\\HotPotSolution\\HotPotTests\\bin\\Debug\\net6.0\\fine-code-coverage\\coverage-tool-output</ResultsDirectory>\r\n        </Configuration>\r\n      </DataCollector>\r\n    </DataCollectors>\r\n  </DataCollectionRunSettings>\r\n</RunSettings>","TestExecutionContext":{"FrequencyOfRunStatsChangeEvent":10,"RunStatsChangeEventTimeout":"00:00:01.5000000","InIsolation":false,"KeepAlive":false,"AreTestCaseLevelEventsRequired":false,"IsDebug":false,"TestCaseFilter":null,"FilterOptions":null},"Package":null}}
TpTrace Verbose: 0 : 1556, 5, 2024/03/04, 09:18:00.632, 6556075243609, vstest.console.dll, ParallelProxyExecutionManager.StartTestRunOnConcurrentManager: Execution started. Started clients: 1
TpTrace Verbose: 0 : 1556, 13, 2024/03/04, 09:18:00.634, 6556075265146, vstest.console.dll, TcpClientExtensions.MessageLoopAsync: NotifyDataAvailable remoteEndPoint: 127.0.0.1:61745 localEndPoint: 127.0.0.1:61744
TpTrace Verbose: 0 : 1556, 13, 2024/03/04, 09:18:00.635, 6556075276833, vstest.console.dll, TestRequestSender.OnExecutionMessageReceived: Received message: {"Version":5,"MessageType":"TestSession.Message","Payload":{"MessageLevel":0,"Message":"Logging TestHost Diagnostics in file: D:\\Mavericks\\RoleBased Training(FSD)\\HotPotSolution\\HotPotTests\\bin\\Debug\\net6.0\\fine-code-coverage\\coverage-tool-output\\diagnostics.host.24-03-04_09-17-59_47400_5.log"}}
TpTrace Verbose: 0 : 1556, 13, 2024/03/04, 09:18:00.646, 6556075391095, vstest.console.dll, TestRunRequest:SendTestRunMessage: Starting.
TpTrace Verbose: 0 : 1556, 13, 2024/03/04, 09:18:00.647, 6556075395250, vstest.console.dll, MulticastDelegateUtilities.SafeInvoke: TestRun.LogMessages: Invoking callback 1/1 for Microsoft.VisualStudio.TestPlatform.CommandLine.TestRunResultAggregator., took 0 ms.
TpTrace Verbose: 0 : 1556, 4, 2024/03/04, 09:18:00.647, 6556075395537, vstest.console.dll, MulticastDelegateUtilities.SafeInvoke: InternalTestLoggerEvents.SendTestRunMessage: Invoking callback 1/1 for Microsoft.VisualStudio.TestPlatform.CommandLine.Internal.ConsoleLogger., took 0 ms.
TpTrace Information: 0 : 1556, 13, 2024/03/04, 09:18:00.647, 6556075397137, vstest.console.dll, TestRunRequest:SendTestRunMessage: Completed.
TpTrace Verbose: 0 : 1556, 13, 2024/03/04, 09:18:00.647, 6556075401060, vstest.console.dll, MulticastDelegateUtilities.SafeInvoke: LengthPrefixCommunicationChannel: MessageReceived: Invoking callback 1/1 for Microsoft.VisualStudio.TestPlatform.CommunicationUtilities.TestRequestSender+<>c__DisplayClass34_0., took 13 ms.
TpTrace Verbose: 0 : 1556, 13, 2024/03/04, 09:18:00.647, 6556075402331, vstest.console.dll, TcpClientExtensions.MessageLoopAsync: Polling on remoteEndPoint: 127.0.0.1:61745 localEndPoint: 127.0.0.1:61744
TpTrace Verbose: 0 : 1556, 13, 2024/03/04, 09:18:01.511, 6556084037543, vstest.console.dll, TcpClientExtensions.MessageLoopAsync: NotifyDataAvailable remoteEndPoint: 127.0.0.1:61745 localEndPoint: 127.0.0.1:61744
TpTrace Verbose: 0 : 1556, 13, 2024/03/04, 09:18:01.511, 6556084041576, vstest.console.dll, TestRequestSender.OnExecutionMessageReceived: Received message: {"Version":5,"MessageType":"TestSession.Message","Payload":{"MessageLevel":0,"Message":"NUnit Adapter 4.2.0.0: Test execution started"}}
TpTrace Verbose: 0 : 1556, 13, 2024/03/04, 09:18:01.512, 6556084047264, vstest.console.dll, TestRunRequest:SendTestRunMessage: Starting.
TpTrace Verbose: 0 : 1556, 13, 2024/03/04, 09:18:01.512, 6556084050374, vstest.console.dll, MulticastDelegateUtilities.SafeInvoke: TestRun.LogMessages: Invoking callback 1/1 for Microsoft.VisualStudio.TestPlatform.CommandLine.TestRunResultAggregator., took 0 ms.
TpTrace Information: 0 : 1556, 13, 2024/03/04, 09:18:01.512, 6556084051691, vstest.console.dll, TestRunRequest:SendTestRunMessage: Completed.
TpTrace Verbose: 0 : 1556, 13, 2024/03/04, 09:18:01.513, 6556084053252, vstest.console.dll, MulticastDelegateUtilities.SafeInvoke: LengthPrefixCommunicationChannel: MessageReceived: Invoking callback 1/1 for Microsoft.VisualStudio.TestPlatform.CommunicationUtilities.TestRequestSender+<>c__DisplayClass34_0., took 1 ms.
TpTrace Verbose: 0 : 1556, 13, 2024/03/04, 09:18:01.513, 6556084054737, vstest.console.dll, TcpClientExtensions.MessageLoopAsync: Polling on remoteEndPoint: 127.0.0.1:61745 localEndPoint: 127.0.0.1:61744
TpTrace Verbose: 0 : 1556, 4, 2024/03/04, 09:18:01.513, 6556084057305, vstest.console.dll, MulticastDelegateUtilities.SafeInvoke: InternalTestLoggerEvents.SendTestRunMessage: Invoking callback 1/1 for Microsoft.VisualStudio.TestPlatform.CommandLine.Internal.ConsoleLogger., took 0 ms.
TpTrace Verbose: 0 : 1556, 13, 2024/03/04, 09:18:01.664, 6556085568789, vstest.console.dll, TcpClientExtensions.MessageLoopAsync: NotifyDataAvailable remoteEndPoint: 127.0.0.1:61745 localEndPoint: 127.0.0.1:61744
TpTrace Verbose: 0 : 1556, 13, 2024/03/04, 09:18:01.664, 6556085571936, vstest.console.dll, TestRequestSender.OnExecutionMessageReceived: Received message: {"Version":5,"MessageType":"TestSession.Message","Payload":{"MessageLevel":0,"Message":"Running all tests in D:\\Mavericks\\RoleBased Training(FSD)\\HotPotSolution\\HotPotTests\\bin\\Debug\\net6.0\\fine-code-coverage\\build-output\\HotPotTests.dll"}}
TpTrace Verbose: 0 : 1556, 13, 2024/03/04, 09:18:01.665, 6556085575499, vstest.console.dll, TestRunRequest:SendTestRunMessage: Starting.
TpTrace Verbose: 0 : 1556, 13, 2024/03/04, 09:18:01.665, 6556085577564, vstest.console.dll, MulticastDelegateUtilities.SafeInvoke: TestRun.LogMessages: Invoking callback 1/1 for Microsoft.VisualStudio.TestPlatform.CommandLine.TestRunResultAggregator., took 0 ms.
TpTrace Verbose: 0 : 1556, 4, 2024/03/04, 09:18:01.665, 6556085578110, vstest.console.dll, MulticastDelegateUtilities.SafeInvoke: InternalTestLoggerEvents.SendTestRunMessage: Invoking callback 1/1 for Microsoft.VisualStudio.TestPlatform.CommandLine.Internal.ConsoleLogger., took 0 ms.
TpTrace Information: 0 : 1556, 13, 2024/03/04, 09:18:01.665, 6556085578866, vstest.console.dll, TestRunRequest:SendTestRunMessage: Completed.
TpTrace Verbose: 0 : 1556, 13, 2024/03/04, 09:18:01.665, 6556085581782, vstest.console.dll, MulticastDelegateUtilities.SafeInvoke: LengthPrefixCommunicationChannel: MessageReceived: Invoking callback 1/1 for Microsoft.VisualStudio.TestPlatform.CommunicationUtilities.TestRequestSender+<>c__DisplayClass34_0., took 1 ms.
TpTrace Verbose: 0 : 1556, 13, 2024/03/04, 09:18:01.666, 6556085582863, vstest.console.dll, TcpClientExtensions.MessageLoopAsync: Polling on remoteEndPoint: 127.0.0.1:61745 localEndPoint: 127.0.0.1:61744
TpTrace Verbose: 0 : 1556, 13, 2024/03/04, 09:18:02.429, 6556093221746, vstest.console.dll, TcpClientExtensions.MessageLoopAsync: NotifyDataAvailable remoteEndPoint: 127.0.0.1:61745 localEndPoint: 127.0.0.1:61744
TpTrace Verbose: 0 : 1556, 13, 2024/03/04, 09:18:02.430, 6556093225083, vstest.console.dll, TestRequestSender.OnExecutionMessageReceived: Received message: {"Version":5,"MessageType":"TestSession.Message","Payload":{"MessageLevel":0,"Message":"   NUnit3TestExecutor discovered 40 of 40 NUnit test cases using Current Discovery mode, Non-Explicit run"}}
TpTrace Verbose: 0 : 1556, 13, 2024/03/04, 09:18:02.430, 6556093228154, vstest.console.dll, TestRunRequest:SendTestRunMessage: Starting.
TpTrace Verbose: 0 : 1556, 13, 2024/03/04, 09:18:02.430, 6556093229893, vstest.console.dll, MulticastDelegateUtilities.SafeInvoke: TestRun.LogMessages: Invoking callback 1/1 for Microsoft.VisualStudio.TestPlatform.CommandLine.TestRunResultAggregator., took 0 ms.
TpTrace Information: 0 : 1556, 13, 2024/03/04, 09:18:02.430, 6556093230877, vstest.console.dll, TestRunRequest:SendTestRunMessage: Completed.
TpTrace Verbose: 0 : 1556, 13, 2024/03/04, 09:18:02.430, 6556093231821, vstest.console.dll, MulticastDelegateUtilities.SafeInvoke: LengthPrefixCommunicationChannel: MessageReceived: Invoking callback 1/1 for Microsoft.VisualStudio.TestPlatform.CommunicationUtilities.TestRequestSender+<>c__DisplayClass34_0., took 0 ms.
TpTrace Verbose: 0 : 1556, 13, 2024/03/04, 09:18:02.430, 6556093232726, vstest.console.dll, TcpClientExtensions.MessageLoopAsync: Polling on remoteEndPoint: 127.0.0.1:61745 localEndPoint: 127.0.0.1:61744
TpTrace Verbose: 0 : 1556, 4, 2024/03/04, 09:18:02.431, 6556093234596, vstest.console.dll, MulticastDelegateUtilities.SafeInvoke: InternalTestLoggerEvents.SendTestRunMessage: Invoking callback 1/1 for Microsoft.VisualStudio.TestPlatform.CommandLine.Internal.ConsoleLogger., took 0 ms.
TpTrace Verbose: 0 : 1556, 13, 2024/03/04, 09:18:02.687, 6556095800966, vstest.console.dll, TcpClientExtensions.MessageLoopAsync: NotifyDataAvailable remoteEndPoint: 127.0.0.1:61745 localEndPoint: 127.0.0.1:61744
TpTrace Verbose: 0 : 1556, 13, 2024/03/04, 09:18:02.688, 6556095804405, vstest.console.dll, TestRequestSender.OnExecutionMessageReceived: Received message: {"Version":5,"MessageType":"TestExecution.StatsChange","Payload":{"NewTestResults":[],"TestRunStatistics":{"ExecutedTests":0,"Stats":{}},"ActiveTests":[{"Id":"10866894-15d8-4c1b-d36d-55fad022b776","FullyQualifiedName":"DeliveryPartnerServicesTests.ChangeOrderStatus_ValidOrderId_ReturnsUpdatedOrder","DisplayName":"ChangeOrderStatus_ValidOrderId_ReturnsUpdatedOrder","ExecutorUri":"executor://NUnit3TestExecutor","Source":"D:\\Mavericks\\RoleBased Training(FSD)\\HotPotSolution\\HotPotTests\\bin\\Debug\\net6.0\\fine-code-coverage\\build-output\\HotPotTests.dll","CodeFilePath":null,"LineNumber":0,"Properties":[{"Key":{"Id":"NUnit.Seed","Label":"Seed","Category":"","Description":"","Attributes":0,"ValueType":"System.String"},"Value":"1879143808"}]}]}}
TpTrace Verbose: 0 : 1556, 13, 2024/03/04, 09:18:02.760, 6556096524228, vstest.console.dll, TestRunRequest:SendTestRunStatsChange: Starting.
TpTrace Verbose: 0 : 1556, 13, 2024/03/04, 09:18:02.760, 6556096529409, vstest.console.dll, InProgress is ChangeOrderStatus_ValidOrderId_ReturnsUpdatedOrder
TpTrace Verbose: 0 : 1556, 13, 2024/03/04, 09:18:02.761, 6556096533168, vstest.console.dll, MulticastDelegateUtilities.SafeInvoke: TestRun.RunStatsChanged: Invoking callbacks was skipped because there are no subscribers.
TpTrace Information: 0 : 1556, 13, 2024/03/04, 09:18:02.761, 6556096536521, vstest.console.dll, TestRunRequest:SendTestRunStatsChange: Completed.
TpTrace Verbose: 0 : 1556, 13, 2024/03/04, 09:18:02.761, 6556096539061, vstest.console.dll, MulticastDelegateUtilities.SafeInvoke: LengthPrefixCommunicationChannel: MessageReceived: Invoking callback 1/1 for Microsoft.VisualStudio.TestPlatform.CommunicationUtilities.TestRequestSender+<>c__DisplayClass34_0., took 73 ms.
TpTrace Verbose: 0 : 1556, 13, 2024/03/04, 09:18:02.761, 6556096540289, vstest.console.dll, TcpClientExtensions.MessageLoopAsync: Polling on remoteEndPoint: 127.0.0.1:61745 localEndPoint: 127.0.0.1:61744
TpTrace Verbose: 0 : 1556, 13, 2024/03/04, 09:18:03.240, 6556101328520, vstest.console.dll, TcpClientExtensions.MessageLoopAsync: NotifyDataAvailable remoteEndPoint: 127.0.0.1:61745 localEndPoint: 127.0.0.1:61744
TpTrace Verbose: 0 : 1556, 13, 2024/03/04, 09:18:03.241, 6556101338388, vstest.console.dll, TestRequestSender.OnExecutionMessageReceived: Received message: {"Version":5,"MessageType":"TestExecution.StatsChange","Payload":{"NewTestResults":[{"TestCase":{"Id":"10866894-15d8-4c1b-d36d-55fad022b776","FullyQualifiedName":"DeliveryPartnerServicesTests.ChangeOrderStatus_ValidOrderId_ReturnsUpdatedOrder","DisplayName":"ChangeOrderStatus_ValidOrderId_ReturnsUpdatedOrder","ExecutorUri":"executor://NUnit3TestExecutor","Source":"D:\\Mavericks\\RoleBased Training(FSD)\\HotPotSolution\\HotPotTests\\bin\\Debug\\net6.0\\fine-code-coverage\\build-output\\HotPotTests.dll","CodeFilePath":null,"LineNumber":0,"Properties":[{"Key":{"Id":"NUnit.Seed","Label":"Seed","Category":"","Description":"","Attributes":0,"ValueType":"System.String"},"Value":"1879143808"}]},"Attachments":[],"Outcome":1,"ErrorMessage":null,"ErrorStackTrace":null,"DisplayName":"ChangeOrderStatus_ValidOrderId_ReturnsUpdatedOrder","Messages":[],"ComputerName":"PRANAVS-IDEAPAD","Duration":"00:00:00.4737890","StartTime":"2024-03-04T03:48:02.5565004+00:00","EndTime":"2024-03-04T03:48:03.0299897+00:00","Properties":[{"Key":{"Id":"NUnit.Seed","Label":"Seed","Category":"","Description":"","Attributes":0,"ValueType":"System.String"},"Value":"1879143808"}]},{"TestCase":{"Id":"87d41574-e231-faba-2af6-b1ba7a591fc4","FullyQualifiedName":"DeliveryPartnerServicesTests.GetAllOrders_ValidPartnerId_ReturnsOrdersForPartner","DisplayName":"GetAllOrders_ValidPartnerId_ReturnsOrdersForPartner","ExecutorUri":"executor://NUnit3TestExecutor","Source":"D:\\Mavericks\\RoleBased Training(FSD)\\HotPotSolution\\HotPotTests\\bin\\Debug\\net6.0\\fine-code-coverage\\build-output\\HotPotTests.dll","CodeFilePath":null,"LineNumber":0,"Properties":[{"Key":{"Id":"NUnit.Seed","Label":"Seed","Category":"","Description":"","Attributes":0,"ValueType":"System.String"},"Value":"1498423931"}]},"Attachments":[],"Outcome":1,"ErrorMessage":null,"ErrorStackTrace":null,"DisplayName":"GetAllOrders_ValidPartnerId_ReturnsOrdersForPartner","Messages":[],"ComputerName":"PRANAVS-IDEAPAD","Duration":"00:00:00.0211850","StartTime":"2024-03-04T03:48:03.035045+00:00","EndTime":"2024-03-04T03:48:03.0562304+00:00","Properties":[{"Key":{"Id":"NUnit.Seed","Label":"Seed","Category":"","Description":"","Attributes":0,"ValueType":"System.String"},"Value":"1498423931"}]},{"TestCase":{"Id":"c1990d89-b0ea-d937-3cd0-2f57b40e98d3","FullyQualifiedName":"DeliveryPartnerServicesTests.GetDeliveryPartnerDetails_ValidPartnerId_ReturnsDeliveryPartner","DisplayName":"GetDeliveryPartnerDetails_ValidPartnerId_ReturnsDeliveryPartner","ExecutorUri":"executor://NUnit3TestExecutor","Source":"D:\\Mavericks\\RoleBased Training(FSD)\\HotPotSolution\\HotPotTests\\bin\\Debug\\net6.0\\fine-code-coverage\\build-output\\HotPotTests.dll","CodeFilePath":null,"LineNumber":0,"Properties":[{"Key":{"Id":"NUnit.Seed","Label":"Seed","Category":"","Description":"","Attributes":0,"ValueType":"System.String"},"Value":"636287802"}]},"Attachments":[],"Outcome":1,"ErrorMessage":null,"ErrorStackTrace":null,"DisplayName":"GetDeliveryPartnerDetails_ValidPartnerId_ReturnsDeliveryPartner","Messages":[],"ComputerName":"PRANAVS-IDEAPAD","Duration":"00:00:00.0073060","StartTime":"2024-03-04T03:48:03.0563064+00:00","EndTime":"2024-03-04T03:48:03.0636116+00:00","Properties":[{"Key":{"Id":"NUnit.Seed","Label":"Seed","Category":"","Description":"","Attributes":0,"ValueType":"System.String"},"Value":"636287802"}]},{"TestCase":{"Id":"373516ff-6cb2-ffaa-ea53-4491fea4602b","FullyQualifiedName":"DeliveryPartnerServicesTests.UpdateDeliveryPartnerDetails_ValidDeliveryPartner_ReturnsUpdatedDeliveryPartner","DisplayName":"UpdateDeliveryPartnerDetails_ValidDeliveryPartner_ReturnsUpdatedDeliveryPartner","ExecutorUri":"executor://NUnit3TestExecutor","Source":"D:\\Mavericks\\RoleBased Training(FSD)\\HotPotSolution\\HotPotTests\\bin\\Debug\\net6.0\\fine-code-coverage\\build-output\\HotPotTests.dll","CodeFilePath":null,"LineNumber":0,"Properties":[{"Key":{"Id":"NUnit.Seed","Label":"Seed","Category":"","Description":"","Attributes":0,"ValueType":"System.String"},"Value":"413255496"}]},"Attachments":[],"Outcome":1,"ErrorMessage":null,"ErrorStackTrace":null,"DisplayName":"UpdateDeliveryPartnerDetails_ValidDeliveryPartner_ReturnsUpdatedDeliveryPartner","Messages":[],"ComputerName":"PRANAVS-IDEAPAD","Duration":"00:00:00.0063990","StartTime":"2024-03-04T03:48:03.0636503+00:00","EndTime":"2024-03-04T03:48:03.0700486+00:00","Properties":[{"Key":{"Id":"NUnit.Seed","Label":"Seed","Category":"","Description":"","Attributes":0,"ValueType":"System.String"},"Value":"413255496"}]},{"TestCase":{"Id":"17e7bad5-9fb1-5451-edfe-4f29c84056b0","FullyQualifiedName":"HotPot.Tests.RestaurantUserServicesTests.AddMenuItem_RestaurantNotFound_ThrowsRestaurantNotFoundException","DisplayName":"AddMenuItem_RestaurantNotFound_ThrowsRestaurantNotFoundException","ExecutorUri":"executor://NUnit3TestExecutor","Source":"D:\\Mavericks\\RoleBased Training(FSD)\\HotPotSolution\\HotPotTests\\bin\\Debug\\net6.0\\fine-code-coverage\\build-output\\HotPotTests.dll","CodeFilePath":null,"LineNumber":0,"Properties":[{"Key":{"Id":"NUnit.Seed","Label":"Seed","Category":"","Description":"","Attributes":0,"ValueType":"System.String"},"Value":"80979895"}]},"Attachments":[],"Outcome":1,"ErrorMessage":null,"ErrorStackTrace":null,"DisplayName":"AddMenuItem_RestaurantNotFound_ThrowsRestaurantNotFoundException","Messages":[],"ComputerName":"PRANAVS-IDEAPAD","Duration":"00:00:00.0871570","StartTime":"2024-03-04T03:48:03.0793002+00:00","EndTime":"2024-03-04T03:48:03.1664568+00:00","Properties":[{"Key":{"Id":"NUnit.Seed","Label":"Seed","Category":"","Description":"","Attributes":0,"ValueType":"System.String"},"Value":"80979895"}]},{"TestCase":{"Id":"594bdba4-e224-7c5a-9e38-4f65e2e3e968","FullyQualifiedName":"HotPot.Tests.RestaurantUserServicesTests.AddMenuItem_ValidMenu_ReturnsNewMenuItem","DisplayName":"AddMenuItem_ValidMenu_ReturnsNewMenuItem","ExecutorUri":"executor://NUnit3TestExecutor","Source":"D:\\Mavericks\\RoleBased Training(FSD)\\HotPotSolution\\HotPotTests\\bin\\Debug\\net6.0\\fine-code-coverage\\build-output\\HotPotTests.dll","CodeFilePath":null,"LineNumber":0,"Properties":[{"Key":{"Id":"NUnit.Seed","Label":"Seed","Category":"","Description":"","Attributes":0,"ValueType":"System.String"},"Value":"1270668714"}]},"Attachments":[],"Outcome":1,"ErrorMessage":null,"ErrorStackTrace":null,"DisplayName":"AddMenuItem_ValidMenu_ReturnsNewMenuItem","Messages":[],"ComputerName":"PRANAVS-IDEAPAD","Duration":"00:00:00.0079490","StartTime":"2024-03-04T03:48:03.1665158+00:00","EndTime":"2024-03-04T03:48:03.174464+00:00","Properties":[{"Key":{"Id":"NUnit.Seed","Label":"Seed","Category":"","Description":"","Attributes":0,"ValueType":"System.String"},"Value":"1270668714"}]},{"TestCase":{"Id":"2019d103-f5aa-ddfa-8782-2d55e77bbe29","FullyQualifiedName":"HotPot.Tests.RestaurantUserServicesTests.ChangeOrderStatus_ExistingOrder_ReturnsUpdatedOrder","DisplayName":"ChangeOrderStatus_ExistingOrder_ReturnsUpdatedOrder","ExecutorUri":"executor://NUnit3TestExecutor","Source":"D:\\Mavericks\\RoleBased Training(FSD)\\HotPotSolution\\HotPotTests\\bin\\Debug\\net6.0\\fine-code-coverage\\build-output\\HotPotTests.dll","CodeFilePath":null,"LineNumber":0,"Properties":[{"Key":{"Id":"NUnit.Seed","Label":"Seed","Category":"","Description":"","Attributes":0,"ValueType":"System.String"},"Value":"102561643"}]},"Attachments":[],"Outcome":1,"ErrorMessage":null,"ErrorStackTrace":null,"DisplayName":"ChangeOrderStatus_ExistingOrder_ReturnsUpdatedOrder","Messages":[],"ComputerName":"PRANAVS-IDEAPAD","Duration":"00:00:00.0060110","StartTime":"2024-03-04T03:48:03.1745168+00:00","EndTime":"2024-03-04T03:48:03.1805278+00:00","Properties":[{"Key":{"Id":"NUnit.Seed","Label":"Seed","Category":"","Description":"","Attributes":0,"ValueType":"System.String"},"Value":"102561643"}]},{"TestCase":{"Id":"3f169ea1-9987-4ea2-5f47-33652d6b6b85","FullyQualifiedName":"HotPot.Tests.RestaurantUserServicesTests.ChangeOrderStatus_NonExistingOrder_ThrowsOrdersNotFoundException","DisplayName":"ChangeOrderStatus_NonExistingOrder_ThrowsOrdersNotFoundException","ExecutorUri":"executor://NUnit3TestExecutor","Source":"D:\\Mavericks\\RoleBased Training(FSD)\\HotPotSolution\\HotPotTests\\bin\\Debug\\net6.0\\fine-code-coverage\\build-output\\HotPotTests.dll","CodeFilePath":null,"LineNumber":0,"Properties":[{"Key":{"Id":"NUnit.Seed","Label":"Seed","Category":"","Description":"","Attributes":0,"ValueType":"System.String"},"Value":"964228789"}]},"Attachments":[],"Outcome":1,"ErrorMessage":null,"ErrorStackTrace":null,"DisplayName":"ChangeOrderStatus_NonExistingOrder_ThrowsOrdersNotFoundException","Messages":[],"ComputerName":"PRANAVS-IDEAPAD","Duration":"00:00:00.0052720","StartTime":"2024-03-04T03:48:03.1805636+00:00","EndTime":"2024-03-04T03:48:03.1858354+00:00","Properties":[{"Key":{"Id":"NUnit.Seed","Label":"Seed","Category":"","Description":"","Attributes":0,"ValueType":"System.String"},"Value":"964228789"}]},{"TestCase":{"Id":"336d1852-d459-0d34-11c3-0d99d9a3e529","FullyQualifiedName":"HotPot.Tests.RestaurantUserServicesTests.DeleteMenuItem_ValidMenuItemId_ReturnsDeletedMenuItem","DisplayName":"DeleteMenuItem_ValidMenuItemId_ReturnsDeletedMenuItem","ExecutorUri":"executor://NUnit3TestExecutor","Source":"D:\\Mavericks\\RoleBased Training(FSD)\\HotPotSolution\\HotPotTests\\bin\\Debug\\net6.0\\fine-code-coverage\\build-output\\HotPotTests.dll","CodeFilePath":null,"LineNumber":0,"Properties":[{"Key":{"Id":"NUnit.Seed","Label":"Seed","Category":"","Description":"","Attributes":0,"ValueType":"System.String"},"Value":"972274498"}]},"Attachments":[],"Outcome":1,"ErrorMessage":null,"ErrorStackTrace":null,"DisplayName":"DeleteMenuItem_ValidMenuItemId_ReturnsDeletedMenuItem","Messages":[],"ComputerName":"PRANAVS-IDEAPAD","Duration":"00:00:00.0225620","StartTime":"2024-03-04T03:48:03.1858886+00:00","EndTime":"2024-03-04T03:48:03.2084505+00:00","Properties":[{"Key":{"Id":"NUnit.Seed","Label":"Seed","Category":"","Description":"","Attributes":0,"ValueType":"System.String"},"Value":"972274498"}]}],"TestRunStatistics":{"ExecutedTests":9,"Stats":{"Passed":9}},"ActiveTests":[{"Id":"708e8ad7-7adb-cd7a-7943-51057e99faa1","FullyQualifiedName":"HotPot.Tests.RestaurantUserServicesTests.GetAllOrders_ExistingOrders_ReturnsAllOrders","DisplayName":"GetAllOrders_ExistingOrders_ReturnsAllOrders","ExecutorUri":"executor://NUnit3TestExecutor","Source":"D:\\Mavericks\\RoleBased Training(FSD)\\HotPotSolution\\HotPotTests\\bin\\Debug\\net6.0\\fine-code-coverage\\build-output\\HotPotTests.dll","CodeFilePath":null,"LineNumber":0,"Properties":[{"Key":{"Id":"NUnit.Seed","Label":"Seed","Category":"","Description":"","Attributes":0,"ValueType":"System.String"},"Value":"117846133"}]}]}}
TpTrace Verbose: 0 : 1556, 13, 2024/03/04, 09:18:03.266, 6556101590506, vstest.console.dll, TestRunRequest:SendTestRunStatsChange: Starting.
TpTrace Verbose: 0 : 1556, 13, 2024/03/04, 09:18:03.267, 6556101593008, vstest.console.dll, InProgress is GetAllOrders_ExistingOrders_ReturnsAllOrders
TpTrace Verbose: 0 : 1556, 13, 2024/03/04, 09:18:03.267, 6556101598797, vstest.console.dll, MulticastDelegateUtilities.SafeInvoke: TestRun.RunStatsChanged: Invoking callbacks was skipped because there are no subscribers.
TpTrace Information: 0 : 1556, 13, 2024/03/04, 09:18:03.267, 6556101600001, vstest.console.dll, TestRunRequest:SendTestRunStatsChange: Completed.
TpTrace Verbose: 0 : 1556, 13, 2024/03/04, 09:18:03.267, 6556101601021, vstest.console.dll, MulticastDelegateUtilities.SafeInvoke: LengthPrefixCommunicationChannel: MessageReceived: Invoking callback 1/1 for Microsoft.VisualStudio.TestPlatform.CommunicationUtilities.TestRequestSender+<>c__DisplayClass34_0., took 26 ms.
TpTrace Verbose: 0 : 1556, 13, 2024/03/04, 09:18:03.268, 6556101603099, vstest.console.dll, TcpClientExtensions.MessageLoopAsync: Polling on remoteEndPoint: 127.0.0.1:61745 localEndPoint: 127.0.0.1:61744
TpTrace Verbose: 0 : 1556, 4, 2024/03/04, 09:18:03.273, 6556101654517, vstest.console.dll, MulticastDelegateUtilities.SafeInvoke: InternalTestLoggerEvents.SendTestResult: Invoking callback 1/1 for Microsoft.VisualStudio.TestPlatform.CommandLine.Internal.ConsoleLogger., took 5 ms.
TpTrace Verbose: 0 : 1556, 4, 2024/03/04, 09:18:03.273, 6556101660985, vstest.console.dll, MulticastDelegateUtilities.SafeInvoke: InternalTestLoggerEvents.SendTestResult: Invoking callback 1/1 for Microsoft.VisualStudio.TestPlatform.CommandLine.Internal.ConsoleLogger., took 0 ms.
TpTrace Verbose: 0 : 1556, 4, 2024/03/04, 09:18:03.273, 6556101662516, vstest.console.dll, MulticastDelegateUtilities.SafeInvoke: InternalTestLoggerEvents.SendTestResult: Invoking callback 1/1 for Microsoft.VisualStudio.TestPlatform.CommandLine.Internal.ConsoleLogger., took 0 ms.
TpTrace Verbose: 0 : 1556, 4, 2024/03/04, 09:18:03.274, 6556101663446, vstest.console.dll, MulticastDelegateUtilities.SafeInvoke: InternalTestLoggerEvents.SendTestResult: Invoking callback 1/1 for Microsoft.VisualStudio.TestPlatform.CommandLine.Internal.ConsoleLogger., took 0 ms.
TpTrace Verbose: 0 : 1556, 4, 2024/03/04, 09:18:03.274, 6556101664257, vstest.console.dll, MulticastDelegateUtilities.SafeInvoke: InternalTestLoggerEvents.SendTestResult: Invoking callback 1/1 for Microsoft.VisualStudio.TestPlatform.CommandLine.Internal.ConsoleLogger., took 0 ms.
TpTrace Verbose: 0 : 1556, 4, 2024/03/04, 09:18:03.274, 6556101667239, vstest.console.dll, MulticastDelegateUtilities.SafeInvoke: InternalTestLoggerEvents.SendTestResult: Invoking callback 1/1 for Microsoft.VisualStudio.TestPlatform.CommandLine.Internal.ConsoleLogger., took 0 ms.
TpTrace Verbose: 0 : 1556, 4, 2024/03/04, 09:18:03.274, 6556101669513, vstest.console.dll, MulticastDelegateUtilities.SafeInvoke: InternalTestLoggerEvents.SendTestResult: Invoking callback 1/1 for Microsoft.VisualStudio.TestPlatform.CommandLine.Internal.ConsoleLogger., took 0 ms.
TpTrace Verbose: 0 : 1556, 4, 2024/03/04, 09:18:03.274, 6556101672347, vstest.console.dll, MulticastDelegateUtilities.SafeInvoke: InternalTestLoggerEvents.SendTestResult: Invoking callback 1/1 for Microsoft.VisualStudio.TestPlatform.CommandLine.Internal.ConsoleLogger., took 0 ms.
TpTrace Verbose: 0 : 1556, 4, 2024/03/04, 09:18:03.275, 6556101674301, vstest.console.dll, MulticastDelegateUtilities.SafeInvoke: InternalTestLoggerEvents.SendTestResult: Invoking callback 1/1 for Microsoft.VisualStudio.TestPlatform.CommandLine.Internal.ConsoleLogger., took 0 ms.
TpTrace Verbose: 0 : 1556, 13, 2024/03/04, 09:18:03.339, 6556102317690, vstest.console.dll, TcpClientExtensions.MessageLoopAsync: NotifyDataAvailable remoteEndPoint: 127.0.0.1:61745 localEndPoint: 127.0.0.1:61744
TpTrace Verbose: 0 : 1556, 13, 2024/03/04, 09:18:03.340, 6556102322903, vstest.console.dll, TestRequestSender.OnExecutionMessageReceived: Received message: {"Version":5,"MessageType":"TestExecution.StatsChange","Payload":{"NewTestResults":[{"TestCase":{"Id":"708e8ad7-7adb-cd7a-7943-51057e99faa1","FullyQualifiedName":"HotPot.Tests.RestaurantUserServicesTests.GetAllOrders_ExistingOrders_ReturnsAllOrders","DisplayName":"GetAllOrders_ExistingOrders_ReturnsAllOrders","ExecutorUri":"executor://NUnit3TestExecutor","Source":"D:\\Mavericks\\RoleBased Training(FSD)\\HotPotSolution\\HotPotTests\\bin\\Debug\\net6.0\\fine-code-coverage\\build-output\\HotPotTests.dll","CodeFilePath":null,"LineNumber":0,"Properties":[{"Key":{"Id":"NUnit.Seed","Label":"Seed","Category":"","Description":"","Attributes":0,"ValueType":"System.String"},"Value":"117846133"}]},"Attachments":[],"Outcome":1,"ErrorMessage":null,"ErrorStackTrace":null,"DisplayName":"GetAllOrders_ExistingOrders_ReturnsAllOrders","Messages":[],"ComputerName":"PRANAVS-IDEAPAD","Duration":"00:00:00.0044170","StartTime":"2024-03-04T03:48:03.2085079+00:00","EndTime":"2024-03-04T03:48:03.2129243+00:00","Properties":[{"Key":{"Id":"NUnit.Seed","Label":"Seed","Category":"","Description":"","Attributes":0,"ValueType":"System.String"},"Value":"117846133"}]},{"TestCase":{"Id":"750e0ffe-e46f-4092-50ad-a06256e760c7","FullyQualifiedName":"HotPot.Tests.RestaurantUserServicesTests.GetAllOrdersForRestaurant_ExistingOrders_ReturnsOrdersForRestaurant","DisplayName":"GetAllOrdersForRestaurant_ExistingOrders_ReturnsOrdersForRestaurant","ExecutorUri":"executor://NUnit3TestExecutor","Source":"D:\\Mavericks\\RoleBased Training(FSD)\\HotPotSolution\\HotPotTests\\bin\\Debug\\net6.0\\fine-code-coverage\\build-output\\HotPotTests.dll","CodeFilePath":null,"LineNumber":0,"Properties":[{"Key":{"Id":"NUnit.Seed","Label":"Seed","Category":"","Description":"","Attributes":0,"ValueType":"System.String"},"Value":"235170393"}]},"Attachments":[],"Outcome":1,"ErrorMessage":null,"ErrorStackTrace":null,"DisplayName":"GetAllOrdersForRestaurant_ExistingOrders_ReturnsOrdersForRestaurant","Messages":[],"ComputerName":"PRANAVS-IDEAPAD","Duration":"00:00:00.0060130","StartTime":"2024-03-04T03:48:03.2129723+00:00","EndTime":"2024-03-04T03:48:03.2189844+00:00","Properties":[{"Key":{"Id":"NUnit.Seed","Label":"Seed","Category":"","Description":"","Attributes":0,"ValueType":"System.String"},"Value":"235170393"}]},{"TestCase":{"Id":"981bc577-eb9f-eacd-cda1-e9334e8606b8","FullyQualifiedName":"HotPot.Tests.RestaurantUserServicesTests.GetAllPayments_ExistingPayments_ReturnsAllPayments","DisplayName":"GetAllPayments_ExistingPayments_ReturnsAllPayments","ExecutorUri":"executor://NUnit3TestExecutor","Source":"D:\\Mavericks\\RoleBased Training(FSD)\\HotPotSolution\\HotPotTests\\bin\\Debug\\net6.0\\fine-code-coverage\\build-output\\HotPotTests.dll","CodeFilePath":null,"LineNumber":0,"Properties":[{"Key":{"Id":"NUnit.Seed","Label":"Seed","Category":"","Description":"","Attributes":0,"ValueType":"System.String"},"Value":"1247651042"}]},"Attachments":[],"Outcome":1,"ErrorMessage":null,"ErrorStackTrace":null,"DisplayName":"GetAllPayments_ExistingPayments_ReturnsAllPayments","Messages":[],"ComputerName":"PRANAVS-IDEAPAD","Duration":"00:00:00.0054180","StartTime":"2024-03-04T03:48:03.2190215+00:00","EndTime":"2024-03-04T03:48:03.2244391+00:00","Properties":[{"Key":{"Id":"NUnit.Seed","Label":"Seed","Category":"","Description":"","Attributes":0,"ValueType":"System.String"},"Value":"1247651042"}]},{"TestCase":{"Id":"d84f9e7f-8ece-67eb-a7fb-3fd6c609bc04","FullyQualifiedName":"HotPot.Tests.RestaurantUserServicesTests.GetAllPaymentsForRestaurant_ExistingPayments_ReturnsPaymentsForRestaurant","DisplayName":"GetAllPaymentsForRestaurant_ExistingPayments_ReturnsPaymentsForRestaurant","ExecutorUri":"executor://NUnit3TestExecutor","Source":"D:\\Mavericks\\RoleBased Training(FSD)\\HotPotSolution\\HotPotTests\\bin\\Debug\\net6.0\\fine-code-coverage\\build-output\\HotPotTests.dll","CodeFilePath":null,"LineNumber":0,"Properties":[{"Key":{"Id":"NUnit.Seed","Label":"Seed","Category":"","Description":"","Attributes":0,"ValueType":"System.String"},"Value":"949707897"}]},"Attachments":[],"Outcome":1,"ErrorMessage":null,"ErrorStackTrace":null,"DisplayName":"GetAllPaymentsForRestaurant_ExistingPayments_ReturnsPaymentsForRestaurant","Messages":[],"ComputerName":"PRANAVS-IDEAPAD","Duration":"00:00:00.0232230","StartTime":"2024-03-04T03:48:03.2244777+00:00","EndTime":"2024-03-04T03:48:03.2477002+00:00","Properties":[{"Key":{"Id":"NUnit.Seed","Label":"Seed","Category":"","Description":"","Attributes":0,"ValueType":"System.String"},"Value":"949707897"}]},{"TestCase":{"Id":"3fbe6122-653e-3c68-87b8-52f458203f14","FullyQualifiedName":"HotPot.Tests.RestaurantUserServicesTests.GetAllSpecialities_ExistingSpecialities_ReturnsSpecialities","DisplayName":"GetAllSpecialities_ExistingSpecialities_ReturnsSpecialities","ExecutorUri":"executor://NUnit3TestExecutor","Source":"D:\\Mavericks\\RoleBased Training(FSD)\\HotPotSolution\\HotPotTests\\bin\\Debug\\net6.0\\fine-code-coverage\\build-output\\HotPotTests.dll","CodeFilePath":null,"LineNumber":0,"Properties":[{"Key":{"Id":"NUnit.Seed","Label":"Seed","Category":"","Description":"","Attributes":0,"ValueType":"System.String"},"Value":"452468195"}]},"Attachments":[],"Outcome":1,"ErrorMessage":null,"ErrorStackTrace":null,"DisplayName":"GetAllSpecialities_ExistingSpecialities_ReturnsSpecialities","Messages":[],"ComputerName":"PRANAVS-IDEAPAD","Duration":"00:00:00.0072150","StartTime":"2024-03-04T03:48:03.2477625+00:00","EndTime":"2024-03-04T03:48:03.2549773+00:00","Properties":[{"Key":{"Id":"NUnit.Seed","Label":"Seed","Category":"","Description":"","Attributes":0,"ValueType":"System.String"},"Value":"452468195"}]},{"TestCase":{"Id":"ff3b61d5-b068-0c6a-508d-5be3ac86e3e2","FullyQualifiedName":"HotPot.Tests.RestaurantUserServicesTests.GetCustomerReviews_ExistingReviews_ReturnsReviews","DisplayName":"GetCustomerReviews_ExistingReviews_ReturnsReviews","ExecutorUri":"executor://NUnit3TestExecutor","Source":"D:\\Mavericks\\RoleBased Training(FSD)\\HotPotSolution\\HotPotTests\\bin\\Debug\\net6.0\\fine-code-coverage\\build-output\\HotPotTests.dll","CodeFilePath":null,"LineNumber":0,"Properties":[{"Key":{"Id":"NUnit.Seed","Label":"Seed","Category":"","Description":"","Attributes":0,"ValueType":"System.String"},"Value":"1396938963"}]},"Attachments":[],"Outcome":1,"ErrorMessage":null,"ErrorStackTrace":null,"DisplayName":"GetCustomerReviews_ExistingReviews_ReturnsReviews","Messages":[],"ComputerName":"PRANAVS-IDEAPAD","Duration":"00:00:00.0068090","StartTime":"2024-03-04T03:48:03.2550227+00:00","EndTime":"2024-03-04T03:48:03.2618315+00:00","Properties":[{"Key":{"Id":"NUnit.Seed","Label":"Seed","Category":"","Description":"","Attributes":0,"ValueType":"System.String"},"Value":"1396938963"}]},{"TestCase":{"Id":"ce633e51-8eaf-7701-e148-db1fbcddc0d4","FullyQualifiedName":"HotPot.Tests.RestaurantUserServicesTests.LogInRestaurant_InvalidUser_ThrowsInvalidUserException","DisplayName":"LogInRestaurant_InvalidUser_ThrowsInvalidUserException","ExecutorUri":"executor://NUnit3TestExecutor","Source":"D:\\Mavericks\\RoleBased Training(FSD)\\HotPotSolution\\HotPotTests\\bin\\Debug\\net6.0\\fine-code-coverage\\build-output\\HotPotTests.dll","CodeFilePath":null,"LineNumber":0,"Properties":[{"Key":{"Id":"NUnit.Seed","Label":"Seed","Category":"","Description":"","Attributes":0,"ValueType":"System.String"},"Value":"1989025002"}]},"Attachments":[],"Outcome":1,"ErrorMessage":null,"ErrorStackTrace":null,"DisplayName":"LogInRestaurant_InvalidUser_ThrowsInvalidUserException","Messages":[],"ComputerName":"PRANAVS-IDEAPAD","Duration":"00:00:00.0127810","StartTime":"2024-03-04T03:48:03.2618826+00:00","EndTime":"2024-03-04T03:48:03.2746631+00:00","Properties":[{"Key":{"Id":"NUnit.Seed","Label":"Seed","Category":"","Description":"","Attributes":0,"ValueType":"System.String"},"Value":"1989025002"}]},{"TestCase":{"Id":"877c3c85-c94e-ae1e-9a85-6b57f143f1d5","FullyQualifiedName":"HotPot.Tests.Services.CustomerServicesTests.AddCustomerAddress_ValidCustomerAddress_ReturnsAddedCustomerAddress","DisplayName":"AddCustomerAddress_ValidCustomerAddress_ReturnsAddedCustomerAddress","ExecutorUri":"executor://NUnit3TestExecutor","Source":"D:\\Mavericks\\RoleBased Training(FSD)\\HotPotSolution\\HotPotTests\\bin\\Debug\\net6.0\\fine-code-coverage\\build-output\\HotPotTests.dll","CodeFilePath":null,"LineNumber":0,"Properties":[{"Key":{"Id":"NUnit.Seed","Label":"Seed","Category":"","Description":"","Attributes":0,"ValueType":"System.String"},"Value":"1797423646"}]},"Attachments":[],"Outcome":1,"ErrorMessage":null,"ErrorStackTrace":null,"DisplayName":"AddCustomerAddress_ValidCustomerAddress_ReturnsAddedCustomerAddress","Messages":[],"ComputerName":"PRANAVS-IDEAPAD","Duration":"00:00:00.0514100","StartTime":"2024-03-04T03:48:03.2751428+00:00","EndTime":"2024-03-04T03:48:03.3265528+00:00","Properties":[{"Key":{"Id":"NUnit.Seed","Label":"Seed","Category":"","Description":"","Attributes":0,"ValueType":"System.String"},"Value":"1797423646"}]},{"TestCase":{"Id":"23c16587-d1a6-2dd9-72d5-f61362f37430","FullyQualifiedName":"HotPot.Tests.Services.CustomerServicesTests.AddCustomerReview_ValidCustomerReview_ReturnsAddedCustomerReview","DisplayName":"AddCustomerReview_ValidCustomerReview_ReturnsAddedCustomerReview","ExecutorUri":"executor://NUnit3TestExecutor","Source":"D:\\Mavericks\\RoleBased Training(FSD)\\HotPotSolution\\HotPotTests\\bin\\Debug\\net6.0\\fine-code-coverage\\build-output\\HotPotTests.dll","CodeFilePath":null,"LineNumber":0,"Properties":[{"Key":{"Id":"NUnit.Seed","Label":"Seed","Category":"","Description":"","Attributes":0,"ValueType":"System.String"},"Value":"1784531687"}]},"Attachments":[],"Outcome":1,"ErrorMessage":null,"ErrorStackTrace":null,"DisplayName":"AddCustomerReview_ValidCustomerReview_ReturnsAddedCustomerReview","Messages":[],"ComputerName":"PRANAVS-IDEAPAD","Duration":"00:00:00.0074150","StartTime":"2024-03-04T03:48:03.3266092+00:00","EndTime":"2024-03-04T03:48:03.3340238+00:00","Properties":[{"Key":{"Id":"NUnit.Seed","Label":"Seed","Category":"","Description":"","Attributes":0,"ValueType":"System.String"},"Value":"1784531687"}]}],"TestRunStatistics":{"ExecutedTests":18,"Stats":{"Passed":18}},"ActiveTests":[{"Id":"5a8b34c6-7d6f-eece-5265-5c84f4b3a475","FullyQualifiedName":"HotPot.Tests.Services.CustomerServicesTests.AddToCart_ValidUserIdAndMenuItemId_ReturnsCartMenuDTO","DisplayName":"AddToCart_ValidUserIdAndMenuItemId_ReturnsCartMenuDTO","ExecutorUri":"executor://NUnit3TestExecutor","Source":"D:\\Mavericks\\RoleBased Training(FSD)\\HotPotSolution\\HotPotTests\\bin\\Debug\\net6.0\\fine-code-coverage\\build-output\\HotPotTests.dll","CodeFilePath":null,"LineNumber":0,"Properties":[{"Key":{"Id":"NUnit.Seed","Label":"Seed","Category":"","Description":"","Attributes":0,"ValueType":"System.String"},"Value":"1173409574"}]}]}}
TpTrace Verbose: 0 : 1556, 13, 2024/03/04, 09:18:03.345, 6556102376487, vstest.console.dll, TestRunRequest:SendTestRunStatsChange: Starting.
TpTrace Verbose: 0 : 1556, 13, 2024/03/04, 09:18:03.345, 6556102377908, vstest.console.dll, InProgress is AddToCart_ValidUserIdAndMenuItemId_ReturnsCartMenuDTO
TpTrace Verbose: 0 : 1556, 13, 2024/03/04, 09:18:03.345, 6556102379049, vstest.console.dll, MulticastDelegateUtilities.SafeInvoke: TestRun.RunStatsChanged: Invoking callbacks was skipped because there are no subscribers.
TpTrace Information: 0 : 1556, 13, 2024/03/04, 09:18:03.345, 6556102379617, vstest.console.dll, TestRunRequest:SendTestRunStatsChange: Completed.
TpTrace Verbose: 0 : 1556, 4, 2024/03/04, 09:18:03.345, 6556102380101, vstest.console.dll, MulticastDelegateUtilities.SafeInvoke: InternalTestLoggerEvents.SendTestResult: Invoking callback 1/1 for Microsoft.VisualStudio.TestPlatform.CommandLine.Internal.ConsoleLogger., took 0 ms.
TpTrace Verbose: 0 : 1556, 13, 2024/03/04, 09:18:03.345, 6556102380259, vstest.console.dll, MulticastDelegateUtilities.SafeInvoke: LengthPrefixCommunicationChannel: MessageReceived: Invoking callback 1/1 for Microsoft.VisualStudio.TestPlatform.CommunicationUtilities.TestRequestSender+<>c__DisplayClass34_0., took 5 ms.
TpTrace Verbose: 0 : 1556, 4, 2024/03/04, 09:18:03.345, 6556102381747, vstest.console.dll, MulticastDelegateUtilities.SafeInvoke: InternalTestLoggerEvents.SendTestResult: Invoking callback 1/1 for Microsoft.VisualStudio.TestPlatform.CommandLine.Internal.ConsoleLogger., took 0 ms.
TpTrace Verbose: 0 : 1556, 13, 2024/03/04, 09:18:03.345, 6556102382434, vstest.console.dll, TcpClientExtensions.MessageLoopAsync: Polling on remoteEndPoint: 127.0.0.1:61745 localEndPoint: 127.0.0.1:61744
TpTrace Verbose: 0 : 1556, 4, 2024/03/04, 09:18:03.346, 6556102383948, vstest.console.dll, MulticastDelegateUtilities.SafeInvoke: InternalTestLoggerEvents.SendTestResult: Invoking callback 1/1 for Microsoft.VisualStudio.TestPlatform.CommandLine.Internal.ConsoleLogger., took 0 ms.
TpTrace Verbose: 0 : 1556, 4, 2024/03/04, 09:18:03.346, 6556102386086, vstest.console.dll, MulticastDelegateUtilities.SafeInvoke: InternalTestLoggerEvents.SendTestResult: Invoking callback 1/1 for Microsoft.VisualStudio.TestPlatform.CommandLine.Internal.ConsoleLogger., took 0 ms.
TpTrace Verbose: 0 : 1556, 4, 2024/03/04, 09:18:03.346, 6556102387043, vstest.console.dll, MulticastDelegateUtilities.SafeInvoke: InternalTestLoggerEvents.SendTestResult: Invoking callback 1/1 for Microsoft.VisualStudio.TestPlatform.CommandLine.Internal.ConsoleLogger., took 0 ms.
TpTrace Verbose: 0 : 1556, 4, 2024/03/04, 09:18:03.346, 6556102387941, vstest.console.dll, MulticastDelegateUtilities.SafeInvoke: InternalTestLoggerEvents.SendTestResult: Invoking callback 1/1 for Microsoft.VisualStudio.TestPlatform.CommandLine.Internal.ConsoleLogger., took 0 ms.
TpTrace Verbose: 0 : 1556, 4, 2024/03/04, 09:18:03.346, 6556102388767, vstest.console.dll, MulticastDelegateUtilities.SafeInvoke: InternalTestLoggerEvents.SendTestResult: Invoking callback 1/1 for Microsoft.VisualStudio.TestPlatform.CommandLine.Internal.ConsoleLogger., took 0 ms.
TpTrace Verbose: 0 : 1556, 4, 2024/03/04, 09:18:03.346, 6556102389579, vstest.console.dll, MulticastDelegateUtilities.SafeInvoke: InternalTestLoggerEvents.SendTestResult: Invoking callback 1/1 for Microsoft.VisualStudio.TestPlatform.CommandLine.Internal.ConsoleLogger., took 0 ms.
TpTrace Verbose: 0 : 1556, 4, 2024/03/04, 09:18:03.346, 6556102390418, vstest.console.dll, MulticastDelegateUtilities.SafeInvoke: InternalTestLoggerEvents.SendTestResult: Invoking callback 1/1 for Microsoft.VisualStudio.TestPlatform.CommandLine.Internal.ConsoleLogger., took 0 ms.
TpTrace Verbose: 0 : 1556, 13, 2024/03/04, 09:18:03.549, 6556104422853, vstest.console.dll, TcpClientExtensions.MessageLoopAsync: NotifyDataAvailable remoteEndPoint: 127.0.0.1:61745 localEndPoint: 127.0.0.1:61744
TpTrace Verbose: 0 : 1556, 13, 2024/03/04, 09:18:03.550, 6556104427682, vstest.console.dll, TestRequestSender.OnExecutionMessageReceived: Received message: {"Version":5,"MessageType":"TestExecution.StatsChange","Payload":{"NewTestResults":[{"TestCase":{"Id":"5a8b34c6-7d6f-eece-5265-5c84f4b3a475","FullyQualifiedName":"HotPot.Tests.Services.CustomerServicesTests.AddToCart_ValidUserIdAndMenuItemId_ReturnsCartMenuDTO","DisplayName":"AddToCart_ValidUserIdAndMenuItemId_ReturnsCartMenuDTO","ExecutorUri":"executor://NUnit3TestExecutor","Source":"D:\\Mavericks\\RoleBased Training(FSD)\\HotPotSolution\\HotPotTests\\bin\\Debug\\net6.0\\fine-code-coverage\\build-output\\HotPotTests.dll","CodeFilePath":null,"LineNumber":0,"Properties":[{"Key":{"Id":"NUnit.Seed","Label":"Seed","Category":"","Description":"","Attributes":0,"ValueType":"System.String"},"Value":"1173409574"}]},"Attachments":[],"Outcome":2,"ErrorMessage":"  Expected: 1\r\n  But was:  0\r\n","ErrorStackTrace":"   at HotPot.Tests.Services.CustomerServicesTests.AddToCart_ValidUserIdAndMenuItemId_ReturnsCartMenuDTO() in D:\\Mavericks\\RoleBased Training(FSD)\\HotPotSolution\\HotPotTests\\CustomerTests.cs:line 770\r\n   at NUnit.Framework.Internal.TaskAwaitAdapter.GenericAdapter`1.GetResult()\r\n   at NUnit.Framework.Internal.AsyncToSyncAdapter.Await(Func`1 invoke)\r\n   at NUnit.Framework.Internal.Commands.TestMethodCommand.RunTestMethod(TestExecutionContext context)\r\n   at NUnit.Framework.Internal.Commands.TestMethodCommand.Execute(TestExecutionContext context)\r\n   at NUnit.Framework.Internal.Commands.BeforeAndAfterTestCommand.<>c__DisplayClass1_0.<Execute>b__0()\r\n   at NUnit.Framework.Internal.Commands.DelegatingTestCommand.RunTestMethodInThreadAbortSafeZone(TestExecutionContext context, Action action)\r\n","DisplayName":"AddToCart_ValidUserIdAndMenuItemId_ReturnsCartMenuDTO","Messages":[],"ComputerName":"PRANAVS-IDEAPAD","Duration":"00:00:00.1109920","StartTime":"2024-03-04T03:48:03.3340795+00:00","EndTime":"2024-03-04T03:48:03.4450701+00:00","Properties":[{"Key":{"Id":"NUnit.Seed","Label":"Seed","Category":"","Description":"","Attributes":0,"ValueType":"System.String"},"Value":"1173409574"}]},{"TestCase":{"Id":"c7df5595-0e40-b101-2575-7a5c12c28ad1","FullyQualifiedName":"HotPot.Tests.Services.CustomerServicesTests.CancelOrderFromCustomer_ValidOrderId_ReturnsCancelledOrder","DisplayName":"CancelOrderFromCustomer_ValidOrderId_ReturnsCancelledOrder","ExecutorUri":"executor://NUnit3TestExecutor","Source":"D:\\Mavericks\\RoleBased Training(FSD)\\HotPotSolution\\HotPotTests\\bin\\Debug\\net6.0\\fine-code-coverage\\build-output\\HotPotTests.dll","CodeFilePath":null,"LineNumber":0,"Properties":[{"Key":{"Id":"NUnit.Seed","Label":"Seed","Category":"","Description":"","Attributes":0,"ValueType":"System.String"},"Value":"191165919"}]},"Attachments":[],"Outcome":1,"ErrorMessage":null,"ErrorStackTrace":null,"DisplayName":"CancelOrderFromCustomer_ValidOrderId_ReturnsCancelledOrder","Messages":[],"ComputerName":"PRANAVS-IDEAPAD","Duration":"00:00:00.0125400","StartTime":"2024-03-04T03:48:03.445453+00:00","EndTime":"2024-03-04T03:48:03.4579929+00:00","Properties":[{"Key":{"Id":"NUnit.Seed","Label":"Seed","Category":"","Description":"","Attributes":0,"ValueType":"System.String"},"Value":"191165919"}]},{"TestCase":{"Id":"567d309e-c3a5-f64b-1216-46b904927187","FullyQualifiedName":"HotPot.Tests.Services.CustomerServicesTests.DecreaseCartItemQuantity_QuantityEquals1_CallsDeleteCartItem","DisplayName":"DecreaseCartItemQuantity_QuantityEquals1_CallsDeleteCartItem","ExecutorUri":"executor://NUnit3TestExecutor","Source":"D:\\Mavericks\\RoleBased Training(FSD)\\HotPotSolution\\HotPotTests\\bin\\Debug\\net6.0\\fine-code-coverage\\build-output\\HotPotTests.dll","CodeFilePath":null,"LineNumber":0,"Properties":[{"Key":{"Id":"NUnit.Seed","Label":"Seed","Category":"","Description":"","Attributes":0,"ValueType":"System.String"},"Value":"266555267"}]},"Attachments":[],"Outcome":1,"ErrorMessage":null,"ErrorStackTrace":null,"DisplayName":"DecreaseCartItemQuantity_QuantityEquals1_CallsDeleteCartItem","Messages":[],"ComputerName":"PRANAVS-IDEAPAD","Duration":"00:00:00.0191740","StartTime":"2024-03-04T03:48:03.4582773+00:00","EndTime":"2024-03-04T03:48:03.4774515+00:00","Properties":[{"Key":{"Id":"NUnit.Seed","Label":"Seed","Category":"","Description":"","Attributes":0,"ValueType":"System.String"},"Value":"266555267"}]},{"TestCase":{"Id":"c800530d-d289-f2de-2d98-0c8ad4866602","FullyQualifiedName":"HotPot.Tests.Services.CustomerServicesTests.DecreaseCartItemQuantity_QuantityGreaterThan1_CallsCartRepoUpdate","DisplayName":"DecreaseCartItemQuantity_QuantityGreaterThan1_CallsCartRepoUpdate","ExecutorUri":"executor://NUnit3TestExecutor","Source":"D:\\Mavericks\\RoleBased Training(FSD)\\HotPotSolution\\HotPotTests\\bin\\Debug\\net6.0\\fine-code-coverage\\build-output\\HotPotTests.dll","CodeFilePath":null,"LineNumber":0,"Properties":[{"Key":{"Id":"NUnit.Seed","Label":"Seed","Category":"","Description":"","Attributes":0,"ValueType":"System.String"},"Value":"771687261"}]},"Attachments":[],"Outcome":1,"ErrorMessage":null,"ErrorStackTrace":null,"DisplayName":"DecreaseCartItemQuantity_QuantityGreaterThan1_CallsCartRepoUpdate","Messages":[],"ComputerName":"PRANAVS-IDEAPAD","Duration":"00:00:00.0098680","StartTime":"2024-03-04T03:48:03.4774928+00:00","EndTime":"2024-03-04T03:48:03.4873597+00:00","Properties":[{"Key":{"Id":"NUnit.Seed","Label":"Seed","Category":"","Description":"","Attributes":0,"ValueType":"System.String"},"Value":"771687261"}]},{"TestCase":{"Id":"a7103499-c14a-68e2-5dbb-3c0655b94914","FullyQualifiedName":"HotPot.Tests.Services.CustomerServicesTests.DeleteCartItem_ValidCartItemId_CallsCartRepoUpdate","DisplayName":"DeleteCartItem_ValidCartItemId_CallsCartRepoUpdate","ExecutorUri":"executor://NUnit3TestExecutor","Source":"D:\\Mavericks\\RoleBased Training(FSD)\\HotPotSolution\\HotPotTests\\bin\\Debug\\net6.0\\fine-code-coverage\\build-output\\HotPotTests.dll","CodeFilePath":null,"LineNumber":0,"Properties":[{"Key":{"Id":"NUnit.Seed","Label":"Seed","Category":"","Description":"","Attributes":0,"ValueType":"System.String"},"Value":"1246175451"}]},"Attachments":[],"Outcome":1,"ErrorMessage":null,"ErrorStackTrace":null,"DisplayName":"DeleteCartItem_ValidCartItemId_CallsCartRepoUpdate","Messages":[],"ComputerName":"PRANAVS-IDEAPAD","Duration":"00:00:00.0053280","StartTime":"2024-03-04T03:48:03.4873991+00:00","EndTime":"2024-03-04T03:48:03.4927271+00:00","Properties":[{"Key":{"Id":"NUnit.Seed","Label":"Seed","Category":"","Description":"","Attributes":0,"ValueType":"System.String"},"Value":"1246175451"}]},{"TestCase":{"Id":"4f460ee8-c323-21ac-eb1a-8117edc4175d","FullyQualifiedName":"HotPot.Tests.Services.CustomerServicesTests.EmptyCart_ValidCustomerId_CallsCartRepoUpdateForEachCartItem","DisplayName":"EmptyCart_ValidCustomerId_CallsCartRepoUpdateForEachCartItem","ExecutorUri":"executor://NUnit3TestExecutor","Source":"D:\\Mavericks\\RoleBased Training(FSD)\\HotPotSolution\\HotPotTests\\bin\\Debug\\net6.0\\fine-code-coverage\\build-output\\HotPotTests.dll","CodeFilePath":null,"LineNumber":0,"Properties":[{"Key":{"Id":"NUnit.Seed","Label":"Seed","Category":"","Description":"","Attributes":0,"ValueType":"System.String"},"Value":"725200000"}]},"Attachments":[],"Outcome":1,"ErrorMessage":null,"ErrorStackTrace":null,"DisplayName":"EmptyCart_ValidCustomerId_CallsCartRepoUpdateForEachCartItem","Messages":[],"ComputerName":"PRANAVS-IDEAPAD","Duration":"00:00:00.0073600","StartTime":"2024-03-04T03:48:03.4927663+00:00","EndTime":"2024-03-04T03:48:03.5001258+00:00","Properties":[{"Key":{"Id":"NUnit.Seed","Label":"Seed","Category":"","Description":"","Attributes":0,"ValueType":"System.String"},"Value":"725200000"}]},{"TestCase":{"Id":"c798305f-ce76-6be6-368c-7960e03066bf","FullyQualifiedName":"HotPot.Tests.Services.CustomerServicesTests.GetAllCities_ReturnsListOfCities","DisplayName":"GetAllCities_ReturnsListOfCities","ExecutorUri":"executor://NUnit3TestExecutor","Source":"D:\\Mavericks\\RoleBased Training(FSD)\\HotPotSolution\\HotPotTests\\bin\\Debug\\net6.0\\fine-code-coverage\\build-output\\HotPotTests.dll","CodeFilePath":null,"LineNumber":0,"Properties":[{"Key":{"Id":"NUnit.Seed","Label":"Seed","Category":"","Description":"","Attributes":0,"ValueType":"System.String"},"Value":"2021037931"}]},"Attachments":[],"Outcome":1,"ErrorMessage":null,"ErrorStackTrace":null,"DisplayName":"GetAllCities_ReturnsListOfCities","Messages":[],"ComputerName":"PRANAVS-IDEAPAD","Duration":"00:00:00.0079190","StartTime":"2024-03-04T03:48:03.5001633+00:00","EndTime":"2024-03-04T03:48:03.5080824+00:00","Properties":[{"Key":{"Id":"NUnit.Seed","Label":"Seed","Category":"","Description":"","Attributes":0,"ValueType":"System.String"},"Value":"2021037931"}]},{"TestCase":{"Id":"72edd270-ec71-810f-b990-a3e0a98d244f","FullyQualifiedName":"HotPot.Tests.Services.CustomerServicesTests.GetCustomerDetails_ValidCustomerId_ReturnsCustomer","DisplayName":"GetCustomerDetails_ValidCustomerId_ReturnsCustomer","ExecutorUri":"executor://NUnit3TestExecutor","Source":"D:\\Mavericks\\RoleBased Training(FSD)\\HotPotSolution\\HotPotTests\\bin\\Debug\\net6.0\\fine-code-coverage\\build-output\\HotPotTests.dll","CodeFilePath":null,"LineNumber":0,"Properties":[{"Key":{"Id":"NUnit.Seed","Label":"Seed","Category":"","Description":"","Attributes":0,"ValueType":"System.String"},"Value":"1713015152"}]},"Attachments":[],"Outcome":1,"ErrorMessage":null,"ErrorStackTrace":null,"DisplayName":"GetCustomerDetails_ValidCustomerId_ReturnsCustomer","Messages":[],"ComputerName":"PRANAVS-IDEAPAD","Duration":"00:00:00.0110030","StartTime":"2024-03-04T03:48:03.5081211+00:00","EndTime":"2024-03-04T03:48:03.5191239+00:00","Properties":[{"Key":{"Id":"NUnit.Seed","Label":"Seed","Category":"","Description":"","Attributes":0,"ValueType":"System.String"},"Value":"1713015152"}]},{"TestCase":{"Id":"df53d693-0cfb-ea99-9c88-dcfebe3d1f67","FullyQualifiedName":"HotPot.Tests.Services.CustomerServicesTests.GetMenuByRestaurant_NoMenuAvailable_ThrowsNoMenuAvailableException","DisplayName":"GetMenuByRestaurant_NoMenuAvailable_ThrowsNoMenuAvailableException","ExecutorUri":"executor://NUnit3TestExecutor","Source":"D:\\Mavericks\\RoleBased Training(FSD)\\HotPotSolution\\HotPotTests\\bin\\Debug\\net6.0\\fine-code-coverage\\build-output\\HotPotTests.dll","CodeFilePath":null,"LineNumber":0,"Properties":[{"Key":{"Id":"NUnit.Seed","Label":"Seed","Category":"","Description":"","Attributes":0,"ValueType":"System.String"},"Value":"90722256"}]},"Attachments":[],"Outcome":1,"ErrorMessage":null,"ErrorStackTrace":null,"DisplayName":"GetMenuByRestaurant_NoMenuAvailable_ThrowsNoMenuAvailableException","Messages":[],"ComputerName":"PRANAVS-IDEAPAD","Duration":"00:00:00.0112780","StartTime":"2024-03-04T03:48:03.5191618+00:00","EndTime":"2024-03-04T03:48:03.5304394+00:00","Properties":[{"Key":{"Id":"NUnit.Seed","Label":"Seed","Category":"","Description":"","Attributes":0,"ValueType":"System.String"},"Value":"90722256"}]}],"TestRunStatistics":{"ExecutedTests":27,"Stats":{"Passed":26,"Failed":1}},"ActiveTests":[{"Id":"b8a768dd-68b5-03d0-3f95-c65f459cdeeb","FullyQualifiedName":"HotPot.Tests.Services.CustomerServicesTests.GetMenuByRestaurant_ValidRestaurantId_ReturnsMenuList","DisplayName":"GetMenuByRestaurant_ValidRestaurantId_ReturnsMenuList","ExecutorUri":"executor://NUnit3TestExecutor","Source":"D:\\Mavericks\\RoleBased Training(FSD)\\HotPotSolution\\HotPotTests\\bin\\Debug\\net6.0\\fine-code-coverage\\build-output\\HotPotTests.dll","CodeFilePath":null,"LineNumber":0,"Properties":[{"Key":{"Id":"NUnit.Seed","Label":"Seed","Category":"","Description":"","Attributes":0,"ValueType":"System.String"},"Value":"1369029413"}]}]}}
TpTrace Verbose: 0 : 1556, 13, 2024/03/04, 09:18:03.554, 6556104464564, vstest.console.dll, TestRunRequest:SendTestRunStatsChange: Starting.
TpTrace Verbose: 0 : 1556, 13, 2024/03/04, 09:18:03.554, 6556104465937, vstest.console.dll, InProgress is GetMenuByRestaurant_ValidRestaurantId_ReturnsMenuList
TpTrace Verbose: 0 : 1556, 13, 2024/03/04, 09:18:03.554, 6556104467158, vstest.console.dll, MulticastDelegateUtilities.SafeInvoke: TestRun.RunStatsChanged: Invoking callbacks was skipped because there are no subscribers.
TpTrace Information: 0 : 1556, 13, 2024/03/04, 09:18:03.554, 6556104467730, vstest.console.dll, TestRunRequest:SendTestRunStatsChange: Completed.
TpTrace Verbose: 0 : 1556, 13, 2024/03/04, 09:18:03.554, 6556104468324, vstest.console.dll, MulticastDelegateUtilities.SafeInvoke: LengthPrefixCommunicationChannel: MessageReceived: Invoking callback 1/1 for Microsoft.VisualStudio.TestPlatform.CommunicationUtilities.TestRequestSender+<>c__DisplayClass34_0., took 4 ms.
TpTrace Verbose: 0 : 1556, 13, 2024/03/04, 09:18:03.554, 6556104468915, vstest.console.dll, TcpClientExtensions.MessageLoopAsync: Polling on remoteEndPoint: 127.0.0.1:61745 localEndPoint: 127.0.0.1:61744
TpTrace Verbose: 0 : 1556, 4, 2024/03/04, 09:18:03.559, 6556104517447, vstest.console.dll, MulticastDelegateUtilities.SafeInvoke: InternalTestLoggerEvents.SendTestResult: Invoking callback 1/1 for Microsoft.VisualStudio.TestPlatform.CommandLine.Internal.ConsoleLogger., took 4 ms.
TpTrace Verbose: 0 : 1556, 4, 2024/03/04, 09:18:03.559, 6556104520291, vstest.console.dll, MulticastDelegateUtilities.SafeInvoke: InternalTestLoggerEvents.SendTestResult: Invoking callback 1/1 for Microsoft.VisualStudio.TestPlatform.CommandLine.Internal.ConsoleLogger., took 0 ms.
TpTrace Verbose: 0 : 1556, 4, 2024/03/04, 09:18:03.560, 6556104523786, vstest.console.dll, MulticastDelegateUtilities.SafeInvoke: InternalTestLoggerEvents.SendTestResult: Invoking callback 1/1 for Microsoft.VisualStudio.TestPlatform.CommandLine.Internal.ConsoleLogger., took 0 ms.
TpTrace Verbose: 0 : 1556, 4, 2024/03/04, 09:18:03.560, 6556104526991, vstest.console.dll, MulticastDelegateUtilities.SafeInvoke: InternalTestLoggerEvents.SendTestResult: Invoking callback 1/1 for Microsoft.VisualStudio.TestPlatform.CommandLine.Internal.ConsoleLogger., took 0 ms.
TpTrace Verbose: 0 : 1556, 4, 2024/03/04, 09:18:03.560, 6556104528624, vstest.console.dll, MulticastDelegateUtilities.SafeInvoke: InternalTestLoggerEvents.SendTestResult: Invoking callback 1/1 for Microsoft.VisualStudio.TestPlatform.CommandLine.Internal.ConsoleLogger., took 0 ms.
TpTrace Verbose: 0 : 1556, 4, 2024/03/04, 09:18:03.560, 6556104530080, vstest.console.dll, MulticastDelegateUtilities.SafeInvoke: InternalTestLoggerEvents.SendTestResult: Invoking callback 1/1 for Microsoft.VisualStudio.TestPlatform.CommandLine.Internal.ConsoleLogger., took 0 ms.
TpTrace Verbose: 0 : 1556, 4, 2024/03/04, 09:18:03.560, 6556104532344, vstest.console.dll, MulticastDelegateUtilities.SafeInvoke: InternalTestLoggerEvents.SendTestResult: Invoking callback 1/1 for Microsoft.VisualStudio.TestPlatform.CommandLine.Internal.ConsoleLogger., took 0 ms.
TpTrace Verbose: 0 : 1556, 4, 2024/03/04, 09:18:03.561, 6556104534083, vstest.console.dll, MulticastDelegateUtilities.SafeInvoke: InternalTestLoggerEvents.SendTestResult: Invoking callback 1/1 for Microsoft.VisualStudio.TestPlatform.CommandLine.Internal.ConsoleLogger., took 0 ms.
TpTrace Verbose: 0 : 1556, 4, 2024/03/04, 09:18:03.561, 6556104537187, vstest.console.dll, MulticastDelegateUtilities.SafeInvoke: InternalTestLoggerEvents.SendTestResult: Invoking callback 1/1 for Microsoft.VisualStudio.TestPlatform.CommandLine.Internal.ConsoleLogger., took 0 ms.
TpTrace Verbose: 0 : 1556, 13, 2024/03/04, 09:18:03.644, 6556105370878, vstest.console.dll, TcpClientExtensions.MessageLoopAsync: NotifyDataAvailable remoteEndPoint: 127.0.0.1:61745 localEndPoint: 127.0.0.1:61744
TpTrace Verbose: 0 : 1556, 13, 2024/03/04, 09:18:03.645, 6556105376009, vstest.console.dll, TestRequestSender.OnExecutionMessageReceived: Received message: {"Version":5,"MessageType":"TestExecution.StatsChange","Payload":{"NewTestResults":[{"TestCase":{"Id":"b8a768dd-68b5-03d0-3f95-c65f459cdeeb","FullyQualifiedName":"HotPot.Tests.Services.CustomerServicesTests.GetMenuByRestaurant_ValidRestaurantId_ReturnsMenuList","DisplayName":"GetMenuByRestaurant_ValidRestaurantId_ReturnsMenuList","ExecutorUri":"executor://NUnit3TestExecutor","Source":"D:\\Mavericks\\RoleBased Training(FSD)\\HotPotSolution\\HotPotTests\\bin\\Debug\\net6.0\\fine-code-coverage\\build-output\\HotPotTests.dll","CodeFilePath":null,"LineNumber":0,"Properties":[{"Key":{"Id":"NUnit.Seed","Label":"Seed","Category":"","Description":"","Attributes":0,"ValueType":"System.String"},"Value":"1369029413"}]},"Attachments":[],"Outcome":1,"ErrorMessage":null,"ErrorStackTrace":null,"DisplayName":"GetMenuByRestaurant_ValidRestaurantId_ReturnsMenuList","Messages":[],"ComputerName":"PRANAVS-IDEAPAD","Duration":"00:00:00.0043980","StartTime":"2024-03-04T03:48:03.5304939+00:00","EndTime":"2024-03-04T03:48:03.5348918+00:00","Properties":[{"Key":{"Id":"NUnit.Seed","Label":"Seed","Category":"","Description":"","Attributes":0,"ValueType":"System.String"},"Value":"1369029413"}]},{"TestCase":{"Id":"36d482c9-1825-b09f-9726-cfd97aee8460","FullyQualifiedName":"HotPot.Tests.Services.CustomerServicesTests.GetRestaurantByName_RestaurantNotFound_ThrowsRestaurantNotFoundException","DisplayName":"GetRestaurantByName_RestaurantNotFound_ThrowsRestaurantNotFoundException","ExecutorUri":"executor://NUnit3TestExecutor","Source":"D:\\Mavericks\\RoleBased Training(FSD)\\HotPotSolution\\HotPotTests\\bin\\Debug\\net6.0\\fine-code-coverage\\build-output\\HotPotTests.dll","CodeFilePath":null,"LineNumber":0,"Properties":[{"Key":{"Id":"NUnit.Seed","Label":"Seed","Category":"","Description":"","Attributes":0,"ValueType":"System.String"},"Value":"1044412888"}]},"Attachments":[],"Outcome":1,"ErrorMessage":null,"ErrorStackTrace":null,"DisplayName":"GetRestaurantByName_RestaurantNotFound_ThrowsRestaurantNotFoundException","Messages":[],"ComputerName":"PRANAVS-IDEAPAD","Duration":"00:00:00.0080940","StartTime":"2024-03-04T03:48:03.5349394+00:00","EndTime":"2024-03-04T03:48:03.5430325+00:00","Properties":[{"Key":{"Id":"NUnit.Seed","Label":"Seed","Category":"","Description":"","Attributes":0,"ValueType":"System.String"},"Value":"1044412888"}]},{"TestCase":{"Id":"f1cef267-7a4d-0a7d-ba0d-d5c270109600","FullyQualifiedName":"HotPot.Tests.Services.CustomerServicesTests.GetRestaurantByName_ValidName_ReturnsRestaurant","DisplayName":"GetRestaurantByName_ValidName_ReturnsRestaurant","ExecutorUri":"executor://NUnit3TestExecutor","Source":"D:\\Mavericks\\RoleBased Training(FSD)\\HotPotSolution\\HotPotTests\\bin\\Debug\\net6.0\\fine-code-coverage\\build-output\\HotPotTests.dll","CodeFilePath":null,"LineNumber":0,"Properties":[{"Key":{"Id":"NUnit.Seed","Label":"Seed","Category":"","Description":"","Attributes":0,"ValueType":"System.String"},"Value":"24755909"}]},"Attachments":[],"Outcome":1,"ErrorMessage":null,"ErrorStackTrace":null,"DisplayName":"GetRestaurantByName_ValidName_ReturnsRestaurant","Messages":[],"ComputerName":"PRANAVS-IDEAPAD","Duration":"00:00:00.0034820","StartTime":"2024-03-04T03:48:03.5430886+00:00","EndTime":"2024-03-04T03:48:03.5465706+00:00","Properties":[{"Key":{"Id":"NUnit.Seed","Label":"Seed","Category":"","Description":"","Attributes":0,"ValueType":"System.String"},"Value":"24755909"}]},{"TestCase":{"Id":"833997f5-0ac1-2844-4ae2-ddded35a3d39","FullyQualifiedName":"HotPot.Tests.Services.CustomerServicesTests.GetRestaurantsByCity_CityNotFound_ThrowsCityNotFoundException","DisplayName":"GetRestaurantsByCity_CityNotFound_ThrowsCityNotFoundException","ExecutorUri":"executor://NUnit3TestExecutor","Source":"D:\\Mavericks\\RoleBased Training(FSD)\\HotPotSolution\\HotPotTests\\bin\\Debug\\net6.0\\fine-code-coverage\\build-output\\HotPotTests.dll","CodeFilePath":null,"LineNumber":0,"Properties":[{"Key":{"Id":"NUnit.Seed","Label":"Seed","Category":"","Description":"","Attributes":0,"ValueType":"System.String"},"Value":"427380001"}]},"Attachments":[],"Outcome":1,"ErrorMessage":null,"ErrorStackTrace":null,"DisplayName":"GetRestaurantsByCity_CityNotFound_ThrowsCityNotFoundException","Messages":[],"ComputerName":"PRANAVS-IDEAPAD","Duration":"00:00:00.0081310","StartTime":"2024-03-04T03:48:03.5466112+00:00","EndTime":"2024-03-04T03:48:03.5547418+00:00","Properties":[{"Key":{"Id":"NUnit.Seed","Label":"Seed","Category":"","Description":"","Attributes":0,"ValueType":"System.String"},"Value":"427380001"}]},{"TestCase":{"Id":"5d58c6f3-bf09-478e-2f74-f4bbb03e7c81","FullyQualifiedName":"HotPot.Tests.Services.CustomerServicesTests.GetRestaurantsByCity_NoRestaurantsFound_ThrowsRestaurantNotFoundException","DisplayName":"GetRestaurantsByCity_NoRestaurantsFound_ThrowsRestaurantNotFoundException","ExecutorUri":"executor://NUnit3TestExecutor","Source":"D:\\Mavericks\\RoleBased Training(FSD)\\HotPotSolution\\HotPotTests\\bin\\Debug\\net6.0\\fine-code-coverage\\build-output\\HotPotTests.dll","CodeFilePath":null,"LineNumber":0,"Properties":[{"Key":{"Id":"NUnit.Seed","Label":"Seed","Category":"","Description":"","Attributes":0,"ValueType":"System.String"},"Value":"1764088861"}]},"Attachments":[],"Outcome":1,"ErrorMessage":null,"ErrorStackTrace":null,"DisplayName":"GetRestaurantsByCity_NoRestaurantsFound_ThrowsRestaurantNotFoundException","Messages":[],"ComputerName":"PRANAVS-IDEAPAD","Duration":"00:00:00.0097980","StartTime":"2024-03-04T03:48:03.5547931+00:00","EndTime":"2024-03-04T03:48:03.5645903+00:00","Properties":[{"Key":{"Id":"NUnit.Seed","Label":"Seed","Category":"","Description":"","Attributes":0,"ValueType":"System.String"},"Value":"1764088861"}]},{"TestCase":{"Id":"71ec2d97-d8b4-cfa5-1017-30a70b6207ac","FullyQualifiedName":"HotPot.Tests.Services.CustomerServicesTests.GetRestaurantsByCity_ValidCity_ReturnsRestaurantList","DisplayName":"GetRestaurantsByCity_ValidCity_ReturnsRestaurantList","ExecutorUri":"executor://NUnit3TestExecutor","Source":"D:\\Mavericks\\RoleBased Training(FSD)\\HotPotSolution\\HotPotTests\\bin\\Debug\\net6.0\\fine-code-coverage\\build-output\\HotPotTests.dll","CodeFilePath":null,"LineNumber":0,"Properties":[{"Key":{"Id":"NUnit.Seed","Label":"Seed","Category":"","Description":"","Attributes":0,"ValueType":"System.String"},"Value":"1016679153"}]},"Attachments":[],"Outcome":1,"ErrorMessage":null,"ErrorStackTrace":null,"DisplayName":"GetRestaurantsByCity_ValidCity_ReturnsRestaurantList","Messages":[],"ComputerName":"PRANAVS-IDEAPAD","Duration":"00:00:00.0047940","StartTime":"2024-03-04T03:48:03.5646266+00:00","EndTime":"2024-03-04T03:48:03.5694206+00:00","Properties":[{"Key":{"Id":"NUnit.Seed","Label":"Seed","Category":"","Description":"","Attributes":0,"ValueType":"System.String"},"Value":"1016679153"}]},{"TestCase":{"Id":"ebfcbf63-67ad-c018-9588-51698a22a0d9","FullyQualifiedName":"HotPot.Tests.Services.CustomerServicesTests.IncreaseCartItemQuantity_ValidCartId_CallsCartRepoUpdate","DisplayName":"IncreaseCartItemQuantity_ValidCartId_CallsCartRepoUpdate","ExecutorUri":"executor://NUnit3TestExecutor","Source":"D:\\Mavericks\\RoleBased Training(FSD)\\HotPotSolution\\HotPotTests\\bin\\Debug\\net6.0\\fine-code-coverage\\build-output\\HotPotTests.dll","CodeFilePath":null,"LineNumber":0,"Properties":[{"Key":{"Id":"NUnit.Seed","Label":"Seed","Category":"","Description":"","Attributes":0,"ValueType":"System.String"},"Value":"1964409153"}]},"Attachments":[],"Outcome":1,"ErrorMessage":null,"ErrorStackTrace":null,"DisplayName":"IncreaseCartItemQuantity_ValidCartId_CallsCartRepoUpdate","Messages":[],"ComputerName":"PRANAVS-IDEAPAD","Duration":"00:00:00.0067850","StartTime":"2024-03-04T03:48:03.5694662+00:00","EndTime":"2024-03-04T03:48:03.5762505+00:00","Properties":[{"Key":{"Id":"NUnit.Seed","Label":"Seed","Category":"","Description":"","Attributes":0,"ValueType":"System.String"},"Value":"1964409153"}]},{"TestCase":{"Id":"82b04247-a3b5-0ceb-fd48-4fa487f77eb1","FullyQualifiedName":"HotPot.Tests.Services.CustomerServicesTests.PlaceOrder_ValidCustomerIdAndPaymentMode_ReturnsOrderMenuDTO","DisplayName":"PlaceOrder_ValidCustomerIdAndPaymentMode_ReturnsOrderMenuDTO","ExecutorUri":"executor://NUnit3TestExecutor","Source":"D:\\Mavericks\\RoleBased Training(FSD)\\HotPotSolution\\HotPotTests\\bin\\Debug\\net6.0\\fine-code-coverage\\build-output\\HotPotTests.dll","CodeFilePath":null,"LineNumber":0,"Properties":[{"Key":{"Id":"NUnit.Seed","Label":"Seed","Category":"","Description":"","Attributes":0,"ValueType":"System.String"},"Value":"1676007266"}]},"Attachments":[],"Outcome":2,"ErrorMessage":"System.NullReferenceException : Object reference not set to an instance of an object.","ErrorStackTrace":"   at HotPot.Services.CustomerServices.<>c__DisplayClass22_0.<PlaceOrder>b__2(DeliveryPartner d) in D:\\Mavericks\\RoleBased Training(FSD)\\HotPotSolution\\HotPot\\Services\\CustomerServices.cs:line 169\r\n   at System.Linq.Enumerable.WhereListIterator`1.ToList()\r\n   at System.Linq.Enumerable.ToList[TSource](IEnumerable`1 source)\r\n   at HotPot.Services.CustomerServices.PlaceOrder(Int32 customerId, String paymentMode) in D:\\Mavericks\\RoleBased Training(FSD)\\HotPotSolution\\HotPot\\Services\\CustomerServices.cs:line 169\r\n   at HotPot.Tests.Services.CustomerServicesTests.PlaceOrder_ValidCustomerIdAndPaymentMode_ReturnsOrderMenuDTO() in D:\\Mavericks\\RoleBased Training(FSD)\\HotPotSolution\\HotPotTests\\CustomerTests.cs:line 718\r\n   at NUnit.Framework.Internal.TaskAwaitAdapter.GenericAdapter`1.GetResult()\r\n   at NUnit.Framework.Internal.AsyncToSyncAdapter.Await(Func`1 invoke)\r\n   at NUnit.Framework.Internal.Commands.TestMethodCommand.RunTestMethod(TestExecutionContext context)\r\n   at NUnit.Framework.Internal.Commands.TestMethodCommand.Execute(TestExecutionContext context)\r\n   at NUnit.Framework.Internal.Commands.BeforeAndAfterTestCommand.<>c__DisplayClass1_0.<Execute>b__0()\r\n   at NUnit.Framework.Internal.Commands.DelegatingTestCommand.RunTestMethodInThreadAbortSafeZone(TestExecutionContext context, Action action)","DisplayName":"PlaceOrder_ValidCustomerIdAndPaymentMode_ReturnsOrderMenuDTO","Messages":[],"ComputerName":"PRANAVS-IDEAPAD","Duration":"00:00:00.0509320","StartTime":"2024-03-04T03:48:03.5762908+00:00","EndTime":"2024-03-04T03:48:03.627222+00:00","Properties":[{"Key":{"Id":"NUnit.Seed","Label":"Seed","Category":"","Description":"","Attributes":0,"ValueType":"System.String"},"Value":"1676007266"}]},{"TestCase":{"Id":"b10c50cf-cd96-d356-b6c3-e7b9a85dea70","FullyQualifiedName":"HotPot.Tests.Services.CustomerServicesTests.RecordPayment_ValidOrder_ReturnsPayment","DisplayName":"RecordPayment_ValidOrder_ReturnsPayment","ExecutorUri":"executor://NUnit3TestExecutor","Source":"D:\\Mavericks\\RoleBased Training(FSD)\\HotPotSolution\\HotPotTests\\bin\\Debug\\net6.0\\fine-code-coverage\\build-output\\HotPotTests.dll","CodeFilePath":null,"LineNumber":0,"Properties":[{"Key":{"Id":"NUnit.Seed","Label":"Seed","Category":"","Description":"","Attributes":0,"ValueType":"System.String"},"Value":"454425144"}]},"Attachments":[],"Outcome":2,"ErrorMessage":"  Expected: not null\r\n  But was:  null\r\n","ErrorStackTrace":"   at HotPot.Tests.Services.CustomerServicesTests.RecordPayment_ValidOrder_ReturnsPayment() in D:\\Mavericks\\RoleBased Training(FSD)\\HotPotSolution\\HotPotTests\\CustomerTests.cs:line 743\r\n   at NUnit.Framework.Internal.TaskAwaitAdapter.GenericAdapter`1.GetResult()\r\n   at NUnit.Framework.Internal.AsyncToSyncAdapter.Await(Func`1 invoke)\r\n   at NUnit.Framework.Internal.Commands.TestMethodCommand.RunTestMethod(TestExecutionContext context)\r\n   at NUnit.Framework.Internal.Commands.TestMethodCommand.Execute(TestExecutionContext context)\r\n   at NUnit.Framework.Internal.Commands.BeforeAndAfterTestCommand.<>c__DisplayClass1_0.<Execute>b__0()\r\n   at NUnit.Framework.Internal.Commands.DelegatingTestCommand.RunTestMethodInThreadAbortSafeZone(TestExecutionContext context, Action action)\r\n","DisplayName":"RecordPayment_ValidOrder_ReturnsPayment","Messages":[],"ComputerName":"PRANAVS-IDEAPAD","Duration":"00:00:00.0069320","StartTime":"2024-03-04T03:48:03.6272782+00:00","EndTime":"2024-03-04T03:48:03.6342101+00:00","Properties":[{"Key":{"Id":"NUnit.Seed","Label":"Seed","Category":"","Description":"","Attributes":0,"ValueType":"System.String"},"Value":"454425144"}]}],"TestRunStatistics":{"ExecutedTests":36,"Stats":{"Passed":33,"Failed":3}},"ActiveTests":[{"Id":"6ce782a5-ffb4-7ede-b2e1-733b54eacb0f","FullyQualifiedName":"HotPot.Tests.Services.CustomerServicesTests.UpdateCustomerAddress_ValidAddressIdAndAddressUpdateDto_ReturnsUpdatedCustomerAddress","DisplayName":"UpdateCustomerAddress_ValidAddressIdAndAddressUpdateDto_ReturnsUpdatedCustomerAddress","ExecutorUri":"executor://NUnit3TestExecutor","Source":"D:\\Mavericks\\RoleBased Training(FSD)\\HotPotSolution\\HotPotTests\\bin\\Debug\\net6.0\\fine-code-coverage\\build-output\\HotPotTests.dll","CodeFilePath":null,"LineNumber":0,"Properties":[{"Key":{"Id":"NUnit.Seed","Label":"Seed","Category":"","Description":"","Attributes":0,"ValueType":"System.String"},"Value":"1563791552"}]}]}}
TpTrace Verbose: 0 : 1556, 13, 2024/03/04, 09:18:03.648, 6556105405954, vstest.console.dll, TestRunRequest:SendTestRunStatsChange: Starting.
TpTrace Verbose: 0 : 1556, 13, 2024/03/04, 09:18:03.648, 6556105407120, vstest.console.dll, InProgress is UpdateCustomerAddress_ValidAddressIdAndAddressUpdateDto_ReturnsUpdatedCustomerAddress
TpTrace Verbose: 0 : 1556, 13, 2024/03/04, 09:18:03.648, 6556105408206, vstest.console.dll, MulticastDelegateUtilities.SafeInvoke: TestRun.RunStatsChanged: Invoking callbacks was skipped because there are no subscribers.
TpTrace Information: 0 : 1556, 13, 2024/03/04, 09:18:03.648, 6556105408846, vstest.console.dll, TestRunRequest:SendTestRunStatsChange: Completed.
TpTrace Verbose: 0 : 1556, 13, 2024/03/04, 09:18:03.648, 6556105409445, vstest.console.dll, MulticastDelegateUtilities.SafeInvoke: LengthPrefixCommunicationChannel: MessageReceived: Invoking callback 1/1 for Microsoft.VisualStudio.TestPlatform.CommunicationUtilities.TestRequestSender+<>c__DisplayClass34_0., took 3 ms.
TpTrace Verbose: 0 : 1556, 13, 2024/03/04, 09:18:03.648, 6556105410115, vstest.console.dll, TcpClientExtensions.MessageLoopAsync: Polling on remoteEndPoint: 127.0.0.1:61745 localEndPoint: 127.0.0.1:61744
TpTrace Verbose: 0 : 1556, 4, 2024/03/04, 09:18:03.648, 6556105409667, vstest.console.dll, MulticastDelegateUtilities.SafeInvoke: InternalTestLoggerEvents.SendTestResult: Invoking callback 1/1 for Microsoft.VisualStudio.TestPlatform.CommandLine.Internal.ConsoleLogger., took 0 ms.
TpTrace Verbose: 0 : 1556, 4, 2024/03/04, 09:18:03.648, 6556105412543, vstest.console.dll, MulticastDelegateUtilities.SafeInvoke: InternalTestLoggerEvents.SendTestResult: Invoking callback 1/1 for Microsoft.VisualStudio.TestPlatform.CommandLine.Internal.ConsoleLogger., took 0 ms.
TpTrace Verbose: 0 : 1556, 4, 2024/03/04, 09:18:03.649, 6556105413431, vstest.console.dll, MulticastDelegateUtilities.SafeInvoke: InternalTestLoggerEvents.SendTestResult: Invoking callback 1/1 for Microsoft.VisualStudio.TestPlatform.CommandLine.Internal.ConsoleLogger., took 0 ms.
TpTrace Verbose: 0 : 1556, 4, 2024/03/04, 09:18:03.649, 6556105414212, vstest.console.dll, MulticastDelegateUtilities.SafeInvoke: InternalTestLoggerEvents.SendTestResult: Invoking callback 1/1 for Microsoft.VisualStudio.TestPlatform.CommandLine.Internal.ConsoleLogger., took 0 ms.
TpTrace Verbose: 0 : 1556, 4, 2024/03/04, 09:18:03.649, 6556105414949, vstest.console.dll, MulticastDelegateUtilities.SafeInvoke: InternalTestLoggerEvents.SendTestResult: Invoking callback 1/1 for Microsoft.VisualStudio.TestPlatform.CommandLine.Internal.ConsoleLogger., took 0 ms.
TpTrace Verbose: 0 : 1556, 4, 2024/03/04, 09:18:03.649, 6556105415749, vstest.console.dll, MulticastDelegateUtilities.SafeInvoke: InternalTestLoggerEvents.SendTestResult: Invoking callback 1/1 for Microsoft.VisualStudio.TestPlatform.CommandLine.Internal.ConsoleLogger., took 0 ms.
TpTrace Verbose: 0 : 1556, 4, 2024/03/04, 09:18:03.649, 6556105416498, vstest.console.dll, MulticastDelegateUtilities.SafeInvoke: InternalTestLoggerEvents.SendTestResult: Invoking callback 1/1 for Microsoft.VisualStudio.TestPlatform.CommandLine.Internal.ConsoleLogger., took 0 ms.
TpTrace Verbose: 0 : 1556, 4, 2024/03/04, 09:18:03.659, 6556105515881, vstest.console.dll, MulticastDelegateUtilities.SafeInvoke: InternalTestLoggerEvents.SendTestResult: Invoking callback 1/1 for Microsoft.VisualStudio.TestPlatform.CommandLine.Internal.ConsoleLogger., took 9 ms.
TpTrace Verbose: 0 : 1556, 4, 2024/03/04, 09:18:03.660, 6556105524047, vstest.console.dll, MulticastDelegateUtilities.SafeInvoke: InternalTestLoggerEvents.SendTestResult: Invoking callback 1/1 for Microsoft.VisualStudio.TestPlatform.CommandLine.Internal.ConsoleLogger., took 0 ms.
TpTrace Verbose: 0 : 1556, 13, 2024/03/04, 09:18:03.730, 6556106222915, vstest.console.dll, TcpClientExtensions.MessageLoopAsync: NotifyDataAvailable remoteEndPoint: 127.0.0.1:61745 localEndPoint: 127.0.0.1:61744
TpTrace Verbose: 0 : 1556, 13, 2024/03/04, 09:18:03.730, 6556106226196, vstest.console.dll, TestRequestSender.OnExecutionMessageReceived: Received message: {"Version":5,"MessageType":"TestSession.Message","Payload":{"MessageLevel":0,"Message":"NUnit Adapter 4.2.0.0: Test execution complete"}}
TpTrace Verbose: 0 : 1556, 13, 2024/03/04, 09:18:03.730, 6556106229087, vstest.console.dll, TestRunRequest:SendTestRunMessage: Starting.
TpTrace Verbose: 0 : 1556, 13, 2024/03/04, 09:18:03.730, 6556106230792, vstest.console.dll, MulticastDelegateUtilities.SafeInvoke: TestRun.LogMessages: Invoking callback 1/1 for Microsoft.VisualStudio.TestPlatform.CommandLine.TestRunResultAggregator., took 0 ms.
TpTrace Information: 0 : 1556, 13, 2024/03/04, 09:18:03.730, 6556106231897, vstest.console.dll, TestRunRequest:SendTestRunMessage: Completed.
TpTrace Verbose: 0 : 1556, 4, 2024/03/04, 09:18:03.730, 6556106231394, vstest.console.dll, MulticastDelegateUtilities.SafeInvoke: InternalTestLoggerEvents.SendTestRunMessage: Invoking callback 1/1 for Microsoft.VisualStudio.TestPlatform.CommandLine.Internal.ConsoleLogger., took 0 ms.
TpTrace Verbose: 0 : 1556, 13, 2024/03/04, 09:18:03.731, 6556106232952, vstest.console.dll, MulticastDelegateUtilities.SafeInvoke: LengthPrefixCommunicationChannel: MessageReceived: Invoking callback 1/1 for Microsoft.VisualStudio.TestPlatform.CommunicationUtilities.TestRequestSender+<>c__DisplayClass34_0., took 0 ms.
TpTrace Verbose: 0 : 1556, 13, 2024/03/04, 09:18:03.731, 6556106235739, vstest.console.dll, TcpClientExtensions.MessageLoopAsync: Polling on remoteEndPoint: 127.0.0.1:61745 localEndPoint: 127.0.0.1:61744
TpTrace Verbose: 0 : 1556, 13, 2024/03/04, 09:18:03.777, 6556106700047, vstest.console.dll, TcpClientExtensions.MessageLoopAsync: NotifyDataAvailable remoteEndPoint: 127.0.0.1:61745 localEndPoint: 127.0.0.1:61744
TpTrace Verbose: 0 : 1556, 13, 2024/03/04, 09:18:03.778, 6556106705106, vstest.console.dll, TestRequestSender.OnExecutionMessageReceived: Received message: {"Version":5,"MessageType":"TestExecution.Completed","Payload":{"TestRunCompleteArgs":{"TestRunStatistics":{"ExecutedTests":40,"Stats":{"Passed":36,"Failed":4}},"IsCanceled":false,"IsAborted":false,"Error":null,"AttachmentSets":[],"ElapsedTimeInRunningTests":"00:00:02.3701186","Metrics":{}},"LastRunTests":{"NewTestResults":[{"TestCase":{"Id":"6ce782a5-ffb4-7ede-b2e1-733b54eacb0f","FullyQualifiedName":"HotPot.Tests.Services.CustomerServicesTests.UpdateCustomerAddress_ValidAddressIdAndAddressUpdateDto_ReturnsUpdatedCustomerAddress","DisplayName":"UpdateCustomerAddress_ValidAddressIdAndAddressUpdateDto_ReturnsUpdatedCustomerAddress","ExecutorUri":"executor://NUnit3TestExecutor","Source":"D:\\Mavericks\\RoleBased Training(FSD)\\HotPotSolution\\HotPotTests\\bin\\Debug\\net6.0\\fine-code-coverage\\build-output\\HotPotTests.dll","CodeFilePath":null,"LineNumber":0,"Properties":[{"Key":{"Id":"NUnit.Seed","Label":"Seed","Category":"","Description":"","Attributes":0,"ValueType":"System.String"},"Value":"1563791552"}]},"Attachments":[],"Outcome":1,"ErrorMessage":null,"ErrorStackTrace":null,"DisplayName":"UpdateCustomerAddress_ValidAddressIdAndAddressUpdateDto_ReturnsUpdatedCustomerAddress","Messages":[],"ComputerName":"PRANAVS-IDEAPAD","Duration":"00:00:00.0190190","StartTime":"2024-03-04T03:48:03.6342569+00:00","EndTime":"2024-03-04T03:48:03.6532749+00:00","Properties":[{"Key":{"Id":"NUnit.Seed","Label":"Seed","Category":"","Description":"","Attributes":0,"ValueType":"System.String"},"Value":"1563791552"}]},{"TestCase":{"Id":"86425d81-eb77-7cef-5ad8-01cebf4bf669","FullyQualifiedName":"HotPot.Tests.Services.CustomerServicesTests.UpdateCustomerDetails_ValidCustomer_ReturnsCustomer","DisplayName":"UpdateCustomerDetails_ValidCustomer_ReturnsCustomer","ExecutorUri":"executor://NUnit3TestExecutor","Source":"D:\\Mavericks\\RoleBased Training(FSD)\\HotPotSolution\\HotPotTests\\bin\\Debug\\net6.0\\fine-code-coverage\\build-output\\HotPotTests.dll","CodeFilePath":null,"LineNumber":0,"Properties":[{"Key":{"Id":"NUnit.Seed","Label":"Seed","Category":"","Description":"","Attributes":0,"ValueType":"System.String"},"Value":"755144773"}]},"Attachments":[],"Outcome":1,"ErrorMessage":null,"ErrorStackTrace":null,"DisplayName":"UpdateCustomerDetails_ValidCustomer_ReturnsCustomer","Messages":[],"ComputerName":"PRANAVS-IDEAPAD","Duration":"00:00:00.0106020","StartTime":"2024-03-04T03:48:03.6533315+00:00","EndTime":"2024-03-04T03:48:03.6639322+00:00","Properties":[{"Key":{"Id":"NUnit.Seed","Label":"Seed","Category":"","Description":"","Attributes":0,"ValueType":"System.String"},"Value":"755144773"}]},{"TestCase":{"Id":"b46d91f4-e3b6-d86b-2db0-861cbb7dfcb3","FullyQualifiedName":"HotPot.Tests.Services.CustomerServicesTests.ViewCustomerAddressByCustomerId_ValidCustomerId_ReturnsCustomerAddress","DisplayName":"ViewCustomerAddressByCustomerId_ValidCustomerId_ReturnsCustomerAddress","ExecutorUri":"executor://NUnit3TestExecutor","Source":"D:\\Mavericks\\RoleBased Training(FSD)\\HotPotSolution\\HotPotTests\\bin\\Debug\\net6.0\\fine-code-coverage\\build-output\\HotPotTests.dll","CodeFilePath":null,"LineNumber":0,"Properties":[{"Key":{"Id":"NUnit.Seed","Label":"Seed","Category":"","Description":"","Attributes":0,"ValueType":"System.String"},"Value":"1747415322"}]},"Attachments":[],"Outcome":1,"ErrorMessage":null,"ErrorStackTrace":null,"DisplayName":"ViewCustomerAddressByCustomerId_ValidCustomerId_ReturnsCustomerAddress","Messages":[],"ComputerName":"PRANAVS-IDEAPAD","Duration":"00:00:00.0048270","StartTime":"2024-03-04T03:48:03.6639875+00:00","EndTime":"2024-03-04T03:48:03.6688143+00:00","Properties":[{"Key":{"Id":"NUnit.Seed","Label":"Seed","Category":"","Description":"","Attributes":0,"ValueType":"System.String"},"Value":"1747415322"}]},{"TestCase":{"Id":"d9bede84-a7c9-e7bb-af22-1040a9be5072","FullyQualifiedName":"HotPot.Tests.Services.CustomerServicesTests.ViewOrderHistory_ValidCustomerId_ReturnsListOrderMenuDTO","DisplayName":"ViewOrderHistory_ValidCustomerId_ReturnsListOrderMenuDTO","ExecutorUri":"executor://NUnit3TestExecutor","Source":"D:\\Mavericks\\RoleBased Training(FSD)\\HotPotSolution\\HotPotTests\\bin\\Debug\\net6.0\\fine-code-coverage\\build-output\\HotPotTests.dll","CodeFilePath":null,"LineNumber":0,"Properties":[{"Key":{"Id":"NUnit.Seed","Label":"Seed","Category":"","Description":"","Attributes":0,"ValueType":"System.String"},"Value":"106120318"}]},"Attachments":[],"Outcome":2,"ErrorMessage":"  Expected: 1\r\n  But was:  2\r\n","ErrorStackTrace":"   at HotPot.Tests.Services.CustomerServicesTests.ViewOrderHistory_ValidCustomerId_ReturnsListOrderMenuDTO() in D:\\Mavericks\\RoleBased Training(FSD)\\HotPotSolution\\HotPotTests\\CustomerTests.cs:line 927\r\n   at NUnit.Framework.Internal.TaskAwaitAdapter.GenericAdapter`1.GetResult()\r\n   at NUnit.Framework.Internal.AsyncToSyncAdapter.Await(Func`1 invoke)\r\n   at NUnit.Framework.Internal.Commands.TestMethodCommand.RunTestMethod(TestExecutionContext context)\r\n   at NUnit.Framework.Internal.Commands.TestMethodCommand.Execute(TestExecutionContext context)\r\n   at NUnit.Framework.Internal.Commands.BeforeAndAfterTestCommand.<>c__DisplayClass1_0.<Execute>b__0()\r\n   at NUnit.Framework.Internal.Commands.DelegatingTestCommand.RunTestMethodInThreadAbortSafeZone(TestExecutionContext context, Action action)\r\n","DisplayName":"ViewOrderHistory_ValidCustomerId_ReturnsListOrderMenuDTO","Messages":[],"ComputerName":"PRANAVS-IDEAPAD","Duration":"00:00:00.0260820","StartTime":"2024-03-04T03:48:03.6688494+00:00","EndTime":"2024-03-04T03:48:03.6949311+00:00","Properties":[{"Key":{"Id":"NUnit.Seed","Label":"Seed","Category":"","Description":"","Attributes":0,"ValueType":"System.String"},"Value":"106120318"}]}],"TestRunStatistics":{"ExecutedTests":40,"Stats":{"Passed":36,"Failed":4}},"ActiveTests":[]},"RunAttachments":[],"ExecutorUris":["executor://nunit3testexecutor/"]}}
TpTrace Verbose: 0 : 1556, 13, 2024/03/04, 09:18:03.778, 6556106710447, vstest.console.dll, TestRequestSender.EndSession: Sending end session.
TpTrace Verbose: 0 : 1556, 13, 2024/03/04, 09:18:03.779, 6556106715299, vstest.console.dll, ProxyOperationManager.Close: waiting for test host to exit for 100 ms
TpTrace Verbose: 0 : 1556, 11, 2024/03/04, 09:18:03.805, 6556106982322, vstest.console.dll, TestHostManagerCallbacks.ctor: Experimental forwarding output is disabled.
TpTrace Warning: 0 : 1556, 11, 2024/03/04, 09:18:03.806, 6556106984725, vstest.console.dll, TestHostManagerCallbacks.ErrorReceivedCallback Test host standard error line: 
TpTrace Verbose: 0 : 1556, 11, 2024/03/04, 09:18:03.830, 6556107223519, vstest.console.dll, TestHostProvider.ExitCallBack: Host exited starting callback.
TpTrace Information: 0 : 1556, 11, 2024/03/04, 09:18:03.830, 6556107228120, vstest.console.dll, TestHostManagerCallbacks.ExitCallBack: Testhost processId: 26468 exited with exitcode: 0 error: ''
TpTrace Verbose: 0 : 1556, 11, 2024/03/04, 09:18:03.830, 6556107229838, vstest.console.dll, DotnetTestHostManager.OnHostExited: invoking OnHostExited callback
TpTrace Verbose: 0 : 1556, 11, 2024/03/04, 09:18:03.830, 6556107231281, vstest.console.dll, CrossPlatEngine.TestHostManagerHostExited: calling on client process exit callback.
TpTrace Information: 0 : 1556, 11, 2024/03/04, 09:18:03.831, 6556107233081, vstest.console.dll, TestRequestSender.OnClientProcessExit: Test host process exited. Standard error: 
TpTrace Information: 0 : 1556, 13, 2024/03/04, 09:18:03.831, 6556107234248, vstest.console.dll, SocketServer.Stop: Stop server endPoint: 127.0.0.1:61744
TpTrace Information: 0 : 1556, 13, 2024/03/04, 09:18:03.831, 6556107235843, vstest.console.dll, SocketServer.Stop: Cancellation requested. Stopping message loop.
TpTrace Information: 0 : 1556, 11, 2024/03/04, 09:18:03.831, 6556107234489, vstest.console.dll, SocketServer.Stop: Stop server endPoint: 127.0.0.1:61744
TpTrace Information: 0 : 1556, 11, 2024/03/04, 09:18:03.831, 6556107237562, vstest.console.dll, SocketServer.Stop: Cancellation requested. Stopping message loop.
TpTrace Information: 0 : 1556, 13, 2024/03/04, 09:18:03.831, 6556107238171, vstest.console.dll, Closing the connection
TpTrace Verbose: 0 : 1556, 11, 2024/03/04, 09:18:03.831, 6556107238483, vstest.console.dll, MulticastDelegateUtilities.SafeInvoke: HostProviderEvents.OnHostExited: Invoking callback 1/1 for Microsoft.VisualStudio.TestPlatform.CrossPlatEngine.Client.ProxyOperationManager., took 0 ms.
TpTrace Verbose: 0 : 1556, 13, 2024/03/04, 09:18:03.831, 6556107242793, vstest.console.dll, ProxyDataCollectionManager.InvokeDataCollectionServiceAction: Starting.
TpTrace Information: 0 : 1556, 13, 2024/03/04, 09:18:03.832, 6556107243688, vstest.console.dll, ProxyDataCollectionManager.AfterTestRunEnd: Get attachment set and invoked data collectors processId: 17052 port: 61739
TpTrace Verbose: 0 : 1556, 13, 2024/03/04, 09:18:03.832, 6556107244491, vstest.console.dll, DataCollectionRequestSender.SendAfterTestRunStartAndGetResult: Send AfterTestRunEnd message with isCancelled: False
TpTrace Verbose: 0 : 1556, 13, 2024/03/04, 09:18:03.846, 6556107384380, vstest.console.dll, DataCollectionRequestSender.SendAfterTestRunStartAndGetResult: Received message: (DataCollection.AfterTestRunEndResult) -> {"MessageType":"DataCollection.AfterTestRunEndResult","Payload":{"AttachmentSets":[],"InvokedDataCollectors":[{"Uri":"datacollector://Microsoft/TestPlatform/Extensions/Blame/v1","FriendlyName":"Blame","AssemblyQualifiedName":"Microsoft.TestPlatform.Extensions.BlameDataCollector.BlameCollector, Microsoft.TestPlatform.Extensions.BlameDataCollector, Version=15.0.0.0, Culture=neutral, PublicKeyToken=b03f5f7f11d50a3a","FilePath":"C:\\Program Files\\dotnet\\sdk\\8.0.100\\Extensions\\Microsoft.TestPlatform.Extensions.BlameDataCollector.dll","HasAttachmentProcessor":false}],"Metrics":{}}}
TpTrace Information: 0 : 1556, 13, 2024/03/04, 09:18:03.856, 6556107490271, vstest.console.dll, ProxyDataCollectionManager.InvokeDataCollectionServiceAction: Completed.
TpTrace Warning: 0 : 1556, 10, 2024/03/04, 09:18:03.857, 6556107493222, vstest.console.dll, DataCollectionLauncher.ErrorReceivedCallback datacollector standard error line: 
TpTrace Information: 0 : 1556, 10, 2024/03/04, 09:18:03.881, 6556107735534, vstest.console.dll, DataCollectionLauncher.ExitCallBack: Data collector exited with exitcode: 0 error: ''
TpTrace Verbose: 0 : 1556, 13, 2024/03/04, 09:18:03.949, 6556108413099, vstest.console.dll, TestRunRequest:SendTestRunStatsChange: Starting.
TpTrace Verbose: 0 : 1556, 13, 2024/03/04, 09:18:03.949, 6556108414919, vstest.console.dll, MulticastDelegateUtilities.SafeInvoke: TestRun.RunStatsChanged: Invoking callbacks was skipped because there are no subscribers.
TpTrace Information: 0 : 1556, 13, 2024/03/04, 09:18:03.949, 6556108415563, vstest.console.dll, TestRunRequest:SendTestRunStatsChange: Completed.
TpTrace Verbose: 0 : 1556, 4, 2024/03/04, 09:18:03.949, 6556108416123, vstest.console.dll, MulticastDelegateUtilities.SafeInvoke: InternalTestLoggerEvents.SendTestResult: Invoking callback 1/1 for Microsoft.VisualStudio.TestPlatform.CommandLine.Internal.ConsoleLogger., took 0 ms.
TpTrace Verbose: 0 : 1556, 4, 2024/03/04, 09:18:03.949, 6556108417555, vstest.console.dll, MulticastDelegateUtilities.SafeInvoke: InternalTestLoggerEvents.SendTestResult: Invoking callback 1/1 for Microsoft.VisualStudio.TestPlatform.CommandLine.Internal.ConsoleLogger., took 0 ms.
TpTrace Verbose: 0 : 1556, 4, 2024/03/04, 09:18:03.949, 6556108418439, vstest.console.dll, MulticastDelegateUtilities.SafeInvoke: InternalTestLoggerEvents.SendTestResult: Invoking callback 1/1 for Microsoft.VisualStudio.TestPlatform.CommandLine.Internal.ConsoleLogger., took 0 ms.
TpTrace Verbose: 0 : 1556, 13, 2024/03/04, 09:18:03.949, 6556108420849, vstest.console.dll, ParallelProxyExecutionManager: HandlePartialRunComplete: Total workloads = 1, Total started clients = 1 Total completed clients = 1, Run complete = True, Run canceled: False.
TpTrace Verbose: 0 : 1556, 13, 2024/03/04, 09:18:03.949, 6556108422017, vstest.console.dll, ParallelProxyExecutionManager: HandlePartialRunComplete: All runs completed stopping all managers.
TpTrace Verbose: 0 : 1556, 13, 2024/03/04, 09:18:03.950, 6556108423296, vstest.console.dll, ParallelOperationManager.StopAllManagers: Stopping all managers.
TpTrace Verbose: 0 : 1556, 4, 2024/03/04, 09:18:03.950, 6556108423867, vstest.console.dll, MulticastDelegateUtilities.SafeInvoke: InternalTestLoggerEvents.SendTestResult: Invoking callback 1/1 for Microsoft.VisualStudio.TestPlatform.CommandLine.Internal.ConsoleLogger., took 0 ms.
TpTrace Verbose: 0 : 1556, 13, 2024/03/04, 09:18:03.950, 6556108425491, vstest.console.dll, ParallelOperationManager.ClearSlots: Clearing all slots. Slots should accept more work: False
TpTrace Verbose: 0 : 1556, 13, 2024/03/04, 09:18:03.950, 6556108427187, vstest.console.dll, ParallelOperationManager.SetOccupiedSlotCount: Setting slot counts AvailableSlotCount = 1, OccupiedSlotCount = 0.
TpTrace Verbose: 0 : 1556, 13, 2024/03/04, 09:18:03.950, 6556108428896, vstest.console.dll, Occupied slots:

TpTrace Verbose: 0 : 1556, 4, 2024/03/04, 09:18:03.971, 6556108638174, vstest.console.dll, MulticastDelegateUtilities.SafeInvoke: InternalTestLoggerEvents.SendTestRunComplete: Invoking callback 1/2 for Microsoft.TestPlatform.Extensions.BlameDataCollector.BlameLogger., took 0 ms.
TpTrace Verbose: 0 : 1556, 4, 2024/03/04, 09:18:03.985, 6556108778746, vstest.console.dll, MulticastDelegateUtilities.SafeInvoke: InternalTestLoggerEvents.SendTestRunComplete: Invoking callback 2/2 for Microsoft.VisualStudio.TestPlatform.CommandLine.Internal.ConsoleLogger., took 13 ms.
TpTrace Verbose: 0 : 1556, 13, 2024/03/04, 09:18:03.986, 6556108785304, vstest.console.dll, TestRunRequest:TestRunComplete: Starting. IsAborted:False IsCanceled:False.
TpTrace Verbose: 0 : 1556, 13, 2024/03/04, 09:18:03.986, 6556108789233, vstest.console.dll, ParallelOperationManager.DoActionOnAllManagers: Calling an action on all managers.
TpTrace Verbose: 0 : 1556, 13, 2024/03/04, 09:18:03.989, 6556108820517, vstest.console.dll, TestLoggerManager.HandleTestRunComplete: Ignoring as the object is disposed.
TpTrace Verbose: 0 : 1556, 13, 2024/03/04, 09:18:03.990, 6556108824965, vstest.console.dll, MulticastDelegateUtilities.SafeInvoke: TestRun.TestRunComplete: Invoking callback 1/2 for Microsoft.VisualStudio.TestPlatform.CommandLine.TestRunResultAggregator., took 0 ms.
TpTrace Verbose: 0 : 1556, 13, 2024/03/04, 09:18:03.990, 6556108827268, vstest.console.dll, MulticastDelegateUtilities.SafeInvoke: TestRun.TestRunComplete: Invoking callback 2/2 for Microsoft.VisualStudio.TestPlatform.CommandLine.Processors.RunTestsArgumentExecutor+TestRunRequestEventsRegistrar., took 0 ms.
TpTrace Information: 0 : 1556, 13, 2024/03/04, 09:18:03.990, 6556108829680, vstest.console.dll, TestRunRequest:TestRunComplete: Completed.
TpTrace Verbose: 0 : 1556, 1, 2024/03/04, 09:18:03.990, 6556108830279, vstest.console.dll, TestRunRequest.Dispose: Starting.
TpTrace Verbose: 0 : 1556, 13, 2024/03/04, 09:18:03.990, 6556108830708, vstest.console.dll, TestRequestSender.SetOperationComplete: Setting operation complete.
TpTrace Information: 0 : 1556, 1, 2024/03/04, 09:18:03.990, 6556108832070, vstest.console.dll, TestRunRequest.Dispose: Completed.
TpTrace Information: 0 : 1556, 13, 2024/03/04, 09:18:03.991, 6556108833092, vstest.console.dll, SocketServer.Stop: Stop server endPoint: 127.0.0.1:61744
TpTrace Information: 0 : 1556, 1, 2024/03/04, 09:18:03.991, 6556108834780, vstest.console.dll, TestRequestManager.RunTests: run tests completed.
TpTrace Information: 0 : 1556, 13, 2024/03/04, 09:18:03.991, 6556108836042, vstest.console.dll, SocketServer.Stop: Cancellation requested. Stopping message loop.
TpTrace Information: 0 : 1556, 1, 2024/03/04, 09:18:03.991, 6556108838691, vstest.console.dll, RunTestsArgumentProcessor:Execute: Test run is completed.
TpTrace Verbose: 0 : 1556, 13, 2024/03/04, 09:18:03.991, 6556108838889, vstest.console.dll, MulticastDelegateUtilities.SafeInvoke: LengthPrefixCommunicationChannel: MessageReceived: Invoking callback 1/1 for Microsoft.VisualStudio.TestPlatform.CommunicationUtilities.TestRequestSender+<>c__DisplayClass34_0., took 213 ms.
TpTrace Information: 0 : 1556, 13, 2024/03/04, 09:18:03.991, 6556108840915, vstest.console.dll, SocketServer.PrivateStop: Stopping server endPoint: 127.0.0.1:61744 error: 
TpTrace Verbose: 0 : 1556, 1, 2024/03/04, 09:18:03.991, 6556108842777, vstest.console.dll, Executor.Execute: Exiting with exit code of 1
TpTrace Verbose: 0 : 1556, 13, 2024/03/04, 09:18:03.992, 6556108850411, vstest.console.dll, LengthPrefixCommunicationChannel.Dispose: Dispose reader and writer.
