<?xml version="1.0" encoding="utf-8"?>
<coverage line-rate="0.44299999999999995" branch-rate="0.3728" version="1.9" timestamp="1710072219" lines-covered="1396" lines-valid="3151" branches-covered="85" branches-valid="228">
  <sources>
    <source>D:\Mavericks\RoleBased Training(FSD)\HotPotSolution\</source>
    <source>C:\</source>
  </sources>
  <packages>
    <package name="HotPot" line-rate="0.318" branch-rate="0.3616" complexity="699">
      <classes>
        <class name="HotPot.Program" filename="HotPot\Program.cs" line-rate="0" branch-rate="0" complexity="2">
          <methods>
            <method name="Main" signature="(System.String[])" line-rate="0" branch-rate="0" complexity="2">
              <lines>
                <line number="17" hits="0" branch="False" />
                <line number="18" hits="0" branch="False" />
                <line number="22" hits="0" branch="False" />
                <line number="24" hits="0" branch="False" />
                <line number="26" hits="0" branch="False" />
                <line number="27" hits="0" branch="False" />
                <line number="28" hits="0" branch="False" />
                <line number="29" hits="0" branch="False" />
                <line number="30" hits="0" branch="False" />
                <line number="31" hits="0" branch="False" />
                <line number="32" hits="0" branch="False" />
                <line number="33" hits="0" branch="False" />
                <line number="34" hits="0" branch="False" />
                <line number="35" hits="0" branch="False" />
                <line number="36" hits="0" branch="False" />
                <line number="37" hits="0" branch="False" />
                <line number="38" hits="0" branch="False" />
                <line number="39" hits="0" branch="False" />
                <line number="40" hits="0" branch="False" />
                <line number="41" hits="0" branch="False" />
                <line number="42" hits="0" branch="False" />
                <line number="43" hits="0" branch="False" />
                <line number="44" hits="0" branch="False" />
                <line number="45" hits="0" branch="False" />
                <line number="46" hits="0" branch="False" />
                <line number="47" hits="0" branch="False" />
                <line number="48" hits="0" branch="False" />
                <line number="49" hits="0" branch="False" />
                <line number="50" hits="0" branch="False" />
                <line number="51" hits="0" branch="False" />
                <line number="52" hits="0" branch="False" />
                <line number="53" hits="0" branch="False" />
                <line number="55" hits="0" branch="False" />
                <line number="56" hits="0" branch="False" />
                <line number="57" hits="0" branch="False" />
                <line number="58" hits="0" branch="False" />
                <line number="59" hits="0" branch="False" />
                <line number="60" hits="0" branch="False" />
                <line number="61" hits="0" branch="False" />
                <line number="63" hits="0" branch="False" />
                <line number="64" hits="0" branch="False" />
                <line number="65" hits="0" branch="False" />
                <line number="66" hits="0" branch="False" />
                <line number="67" hits="0" branch="False" />
                <line number="68" hits="0" branch="False" />
                <line number="69" hits="0" branch="False" />
                <line number="70" hits="0" branch="False" />
                <line number="71" hits="0" branch="False" />
                <line number="72" hits="0" branch="False" />
                <line number="73" hits="0" branch="False" />
                <line number="75" hits="0" branch="False" />
                <line number="76" hits="0" branch="False" />
                <line number="77" hits="0" branch="False" />
                <line number="78" hits="0" branch="False" />
                <line number="81" hits="0" branch="False" />
                <line number="82" hits="0" branch="False" />
                <line number="83" hits="0" branch="False" />
                <line number="84" hits="0" branch="False" />
                <line number="85" hits="0" branch="False" />
                <line number="86" hits="0" branch="False" />
                <line number="87" hits="0" branch="False" />
                <line number="88" hits="0" branch="False" />
                <line number="89" hits="0" branch="False" />
                <line number="90" hits="0" branch="False" />
                <line number="91" hits="0" branch="False" />
                <line number="92" hits="0" branch="False" />
                <line number="93" hits="0" branch="False" />
                <line number="94" hits="0" branch="False" />
                <line number="95" hits="0" branch="False" />
                <line number="96" hits="0" branch="False" />
                <line number="97" hits="0" branch="False" />
                <line number="100" hits="0" branch="False" />
                <line number="101" hits="0" branch="False" />
                <line number="102" hits="0" branch="False" />
                <line number="103" hits="0" branch="False" />
                <line number="104" hits="0" branch="False" />
                <line number="108" hits="0" branch="False" />
                <line number="111" hits="0" branch="True" condition-coverage="0% (0/2)">
                  <conditions>
                    <condition number="618" type="jump" coverage="0%" />
                  </conditions>
                </line>
                <line number="112" hits="0" branch="False" />
                <line number="113" hits="0" branch="False" />
                <line number="114" hits="0" branch="False" />
                <line number="115" hits="0" branch="False" />
                <line number="117" hits="0" branch="False" />
                <line number="118" hits="0" branch="False" />
                <line number="119" hits="0" branch="False" />
                <line number="122" hits="0" branch="False" />
                <line number="124" hits="0" branch="False" />
                <line number="125" hits="0" branch="False" />
              </lines>
            </method>
          </methods>
          <lines>
            <line number="17" hits="0" branch="False" />
            <line number="18" hits="0" branch="False" />
            <line number="22" hits="0" branch="False" />
            <line number="24" hits="0" branch="False" />
            <line number="26" hits="0" branch="False" />
            <line number="27" hits="0" branch="False" />
            <line number="28" hits="0" branch="False" />
            <line number="29" hits="0" branch="False" />
            <line number="30" hits="0" branch="False" />
            <line number="31" hits="0" branch="False" />
            <line number="32" hits="0" branch="False" />
            <line number="33" hits="0" branch="False" />
            <line number="34" hits="0" branch="False" />
            <line number="35" hits="0" branch="False" />
            <line number="36" hits="0" branch="False" />
            <line number="37" hits="0" branch="False" />
            <line number="38" hits="0" branch="False" />
            <line number="39" hits="0" branch="False" />
            <line number="40" hits="0" branch="False" />
            <line number="41" hits="0" branch="False" />
            <line number="42" hits="0" branch="False" />
            <line number="43" hits="0" branch="False" />
            <line number="44" hits="0" branch="False" />
            <line number="45" hits="0" branch="False" />
            <line number="46" hits="0" branch="False" />
            <line number="47" hits="0" branch="False" />
            <line number="48" hits="0" branch="False" />
            <line number="49" hits="0" branch="False" />
            <line number="50" hits="0" branch="False" />
            <line number="51" hits="0" branch="False" />
            <line number="52" hits="0" branch="False" />
            <line number="53" hits="0" branch="False" />
            <line number="55" hits="0" branch="False" />
            <line number="56" hits="0" branch="False" />
            <line number="57" hits="0" branch="False" />
            <line number="58" hits="0" branch="False" />
            <line number="59" hits="0" branch="False" />
            <line number="60" hits="0" branch="False" />
            <line number="61" hits="0" branch="False" />
            <line number="63" hits="0" branch="False" />
            <line number="64" hits="0" branch="False" />
            <line number="65" hits="0" branch="False" />
            <line number="66" hits="0" branch="False" />
            <line number="67" hits="0" branch="False" />
            <line number="68" hits="0" branch="False" />
            <line number="69" hits="0" branch="False" />
            <line number="70" hits="0" branch="False" />
            <line number="71" hits="0" branch="False" />
            <line number="72" hits="0" branch="False" />
            <line number="73" hits="0" branch="False" />
            <line number="75" hits="0" branch="False" />
            <line number="76" hits="0" branch="False" />
            <line number="77" hits="0" branch="False" />
            <line number="78" hits="0" branch="False" />
            <line number="81" hits="0" branch="False" />
            <line number="82" hits="0" branch="False" />
            <line number="83" hits="0" branch="False" />
            <line number="84" hits="0" branch="False" />
            <line number="85" hits="0" branch="False" />
            <line number="86" hits="0" branch="False" />
            <line number="87" hits="0" branch="False" />
            <line number="88" hits="0" branch="False" />
            <line number="89" hits="0" branch="False" />
            <line number="90" hits="0" branch="False" />
            <line number="91" hits="0" branch="False" />
            <line number="92" hits="0" branch="False" />
            <line number="93" hits="0" branch="False" />
            <line number="94" hits="0" branch="False" />
            <line number="95" hits="0" branch="False" />
            <line number="96" hits="0" branch="False" />
            <line number="97" hits="0" branch="False" />
            <line number="100" hits="0" branch="False" />
            <line number="101" hits="0" branch="False" />
            <line number="102" hits="0" branch="False" />
            <line number="103" hits="0" branch="False" />
            <line number="104" hits="0" branch="False" />
            <line number="108" hits="0" branch="False" />
            <line number="111" hits="0" branch="True" condition-coverage="0% (0/2)">
              <conditions>
                <condition number="618" type="jump" coverage="0%" />
              </conditions>
            </line>
            <line number="112" hits="0" branch="False" />
            <line number="113" hits="0" branch="False" />
            <line number="114" hits="0" branch="False" />
            <line number="115" hits="0" branch="False" />
            <line number="117" hits="0" branch="False" />
            <line number="118" hits="0" branch="False" />
            <line number="119" hits="0" branch="False" />
            <line number="122" hits="0" branch="False" />
            <line number="124" hits="0" branch="False" />
            <line number="125" hits="0" branch="False" />
          </lines>
        </class>
        <class name="HotPot.WeatherForecast" filename="HotPot\WeatherForecast.cs" line-rate="0" branch-rate="1" complexity="4">
          <methods>
            <method name="get_Date" signature="()" line-rate="0" branch-rate="1" complexity="1">
              <lines>
                <line number="5" hits="0" branch="False" />
              </lines>
            </method>
            <method name="get_TemperatureC" signature="()" line-rate="0" branch-rate="1" complexity="1">
              <lines>
                <line number="7" hits="0" branch="False" />
              </lines>
            </method>
            <method name="get_TemperatureF" signature="()" line-rate="0" branch-rate="1" complexity="1">
              <lines>
                <line number="9" hits="0" branch="False" />
              </lines>
            </method>
            <method name="get_Summary" signature="()" line-rate="0" branch-rate="1" complexity="1">
              <lines>
                <line number="11" hits="0" branch="False" />
              </lines>
            </method>
          </methods>
          <lines>
            <line number="5" hits="0" branch="False" />
            <line number="7" hits="0" branch="False" />
            <line number="9" hits="0" branch="False" />
            <line number="11" hits="0" branch="False" />
          </lines>
        </class>
        <class name="HotPot.Services.AdminServices" filename="HotPot\Services\AdminServices.cs" line-rate="0" branch-rate="0" complexity="6">
          <methods>
            <method name="passwordMatch" signature="(System.Byte[],System.Byte[])" line-rate="0" branch-rate="0" complexity="4">
              <lines>
                <line number="38" hits="0" branch="False" />
                <line number="39" hits="0" branch="True" condition-coverage="0% (0/2)">
                  <conditions>
                    <condition number="38" type="jump" coverage="0%" />
                  </conditions>
                </line>
                <line number="40" hits="0" branch="False" />
                <line number="41" hits="0" branch="True" condition-coverage="0% (0/2)">
                  <conditions>
                    <condition number="19" type="jump" coverage="0%" />
                  </conditions>
                </line>
                <line number="42" hits="0" branch="False" />
                <line number="43" hits="0" branch="False" />
                <line number="44" hits="0" branch="False" />
                <line number="45" hits="0" branch="False" />
              </lines>
            </method>
            <method name="getEncryptedPassword" signature="(System.String,System.Byte[])" line-rate="0" branch-rate="1" complexity="1">
              <lines>
                <line number="48" hits="0" branch="False" />
                <line number="49" hits="0" branch="False" />
                <line number="50" hits="0" branch="False" />
                <line number="51" hits="0" branch="False" />
                <line number="52" hits="0" branch="False" />
              </lines>
            </method>
            <method name=".ctor" signature="(HotPot.Interfaces.IRepository`3&lt;System.Int32,System.String,HotPot.Models.User&gt;,HotPot.Interfaces.ITokenServices)" line-rate="0" branch-rate="1" complexity="1">
              <lines>
                <line number="15" hits="0" branch="False" />
                <line number="16" hits="0" branch="False" />
                <line number="17" hits="0" branch="False" />
                <line number="18" hits="0" branch="False" />
                <line number="19" hits="0" branch="False" />
              </lines>
            </method>
          </methods>
          <lines>
            <line number="38" hits="0" branch="False" />
            <line number="39" hits="0" branch="True" condition-coverage="0% (0/2)">
              <conditions>
                <condition number="38" type="jump" coverage="0%" />
              </conditions>
            </line>
            <line number="40" hits="0" branch="False" />
            <line number="41" hits="0" branch="True" condition-coverage="0% (0/2)">
              <conditions>
                <condition number="19" type="jump" coverage="0%" />
              </conditions>
            </line>
            <line number="42" hits="0" branch="False" />
            <line number="43" hits="0" branch="False" />
            <line number="44" hits="0" branch="False" />
            <line number="45" hits="0" branch="False" />
            <line number="48" hits="0" branch="False" />
            <line number="49" hits="0" branch="False" />
            <line number="50" hits="0" branch="False" />
            <line number="51" hits="0" branch="False" />
            <line number="52" hits="0" branch="False" />
            <line number="15" hits="0" branch="False" />
            <line number="16" hits="0" branch="False" />
            <line number="17" hits="0" branch="False" />
            <line number="18" hits="0" branch="False" />
            <line number="19" hits="0" branch="False" />
          </lines>
        </class>
        <class name="HotPot.Services.AdminServices/&lt;LoginAdmin&gt;d__3" filename="HotPot\Services\AdminServices.cs" line-rate="0" branch-rate="0" complexity="4">
          <methods>
            <method name="MoveNext" signature="()" line-rate="0" branch-rate="0" complexity="4">
              <lines>
                <line number="21" hits="0" branch="False" />
                <line number="22" hits="0" branch="False" />
                <line number="23" hits="0" branch="True" condition-coverage="0% (0/2)">
                  <conditions>
                    <condition number="180" type="jump" coverage="0%" />
                  </conditions>
                </line>
                <line number="24" hits="0" branch="False" />
                <line number="25" hits="0" branch="False" />
                <line number="26" hits="0" branch="False" />
                <line number="27" hits="0" branch="True" condition-coverage="0% (0/2)">
                  <conditions>
                    <condition number="271" type="jump" coverage="0%" />
                  </conditions>
                </line>
                <line number="28" hits="0" branch="False" />
                <line number="29" hits="0" branch="False" />
                <line number="30" hits="0" branch="False" />
                <line number="31" hits="0" branch="False" />
                <line number="32" hits="0" branch="False" />
                <line number="34" hits="0" branch="False" />
                <line number="35" hits="0" branch="False" />
              </lines>
            </method>
          </methods>
          <lines>
            <line number="21" hits="0" branch="False" />
            <line number="22" hits="0" branch="False" />
            <line number="23" hits="0" branch="True" condition-coverage="0% (0/2)">
              <conditions>
                <condition number="180" type="jump" coverage="0%" />
              </conditions>
            </line>
            <line number="24" hits="0" branch="False" />
            <line number="25" hits="0" branch="False" />
            <line number="26" hits="0" branch="False" />
            <line number="27" hits="0" branch="True" condition-coverage="0% (0/2)">
              <conditions>
                <condition number="271" type="jump" coverage="0%" />
              </conditions>
            </line>
            <line number="28" hits="0" branch="False" />
            <line number="29" hits="0" branch="False" />
            <line number="30" hits="0" branch="False" />
            <line number="31" hits="0" branch="False" />
            <line number="32" hits="0" branch="False" />
            <line number="34" hits="0" branch="False" />
            <line number="35" hits="0" branch="False" />
          </lines>
        </class>
        <class name="HotPot.Services.AdminServices/&lt;RegisterAdmin&gt;d__6" filename="HotPot\Services\AdminServices.cs" line-rate="0" branch-rate="1" complexity="1">
          <methods>
            <method name="MoveNext" signature="()" line-rate="0" branch-rate="1" complexity="1">
              <lines>
                <line number="55" hits="0" branch="False" />
                <line number="56" hits="0" branch="False" />
                <line number="57" hits="0" branch="False" />
                <line number="58" hits="0" branch="False" />
                <line number="59" hits="0" branch="False" />
                <line number="60" hits="0" branch="False" />
                <line number="61" hits="0" branch="False" />
                <line number="62" hits="0" branch="False" />
                <line number="63" hits="0" branch="False" />
                <line number="64" hits="0" branch="False" />
                <line number="65" hits="0" branch="False" />
                <line number="66" hits="0" branch="False" />
              </lines>
            </method>
          </methods>
          <lines>
            <line number="55" hits="0" branch="False" />
            <line number="56" hits="0" branch="False" />
            <line number="57" hits="0" branch="False" />
            <line number="58" hits="0" branch="False" />
            <line number="59" hits="0" branch="False" />
            <line number="60" hits="0" branch="False" />
            <line number="61" hits="0" branch="False" />
            <line number="62" hits="0" branch="False" />
            <line number="63" hits="0" branch="False" />
            <line number="64" hits="0" branch="False" />
            <line number="65" hits="0" branch="False" />
            <line number="66" hits="0" branch="False" />
          </lines>
        </class>
        <class name="HotPot.Services.CustomerServices" filename="HotPot\Services\CustomerServices.cs" line-rate="1" branch-rate="1" complexity="1">
          <methods>
            <method name=".ctor" signature="(HotPot.Interfaces.IRepository`3&lt;System.Int32,System.String,HotPot.Models.Customer&gt;,HotPot.Interfaces.IRepository`3&lt;System.Int32,System.String,HotPot.Models.User&gt;,HotPot.Interfaces.IRepository`3&lt;System.Int32,System.String,HotPot.Models.Menu&gt;,HotPot.Interfaces.IRepository`3&lt;System.Int32,System.String,HotPot.Models.Cart&gt;,HotPot.Interfaces.IRepository`3&lt;System.Int32,System.String,HotPot.Models.Order&gt;,HotPot.Interfaces.IRepository`3&lt;System.Int32,System.String,HotPot.Models.OrderItem&gt;,HotPot.Interfaces.IRepository`3&lt;System.Int32,System.String,HotPot.Models.Payment&gt;,HotPot.Interfaces.IRepository`3&lt;System.Int32,System.String,HotPot.Models.Restaurant&gt;,HotPot.Interfaces.IRepository`3&lt;System.Int32,System.String,HotPot.Models.City&gt;,HotPot.Interfaces.IRepository`3&lt;System.Int32,System.String,HotPot.Models.CustomerAddress&gt;,HotPot.Interfaces.IRepository`3&lt;System.Int32,System.String,HotPot.Models.CustomerReview&gt;,HotPot.Interfaces.IRepository`3&lt;System.Int32,System.String,HotPot.Models.DeliveryPartner&gt;,HotPot.Interfaces.ITokenServices,Microsoft.Extensions.Logging.ILogger`1&lt;HotPot.Services.CustomerServices&gt;)" line-rate="1" branch-rate="1" complexity="1">
              <lines>
                <line number="29" hits="37" branch="False" />
                <line number="30" hits="37" branch="False" />
                <line number="31" hits="37" branch="False" />
                <line number="32" hits="37" branch="False" />
                <line number="33" hits="37" branch="False" />
                <line number="34" hits="37" branch="False" />
                <line number="35" hits="37" branch="False" />
                <line number="36" hits="37" branch="False" />
                <line number="37" hits="37" branch="False" />
                <line number="38" hits="37" branch="False" />
                <line number="39" hits="37" branch="False" />
                <line number="40" hits="37" branch="False" />
                <line number="41" hits="37" branch="False" />
                <line number="42" hits="37" branch="False" />
                <line number="43" hits="37" branch="False" />
                <line number="44" hits="37" branch="False" />
                <line number="45" hits="37" branch="False" />
                <line number="46" hits="37" branch="False" />
                <line number="47" hits="37" branch="False" />
                <line number="48" hits="37" branch="False" />
                <line number="49" hits="37" branch="False" />
                <line number="50" hits="37" branch="False" />
                <line number="51" hits="37" branch="False" />
                <line number="52" hits="37" branch="False" />
                <line number="53" hits="37" branch="False" />
                <line number="54" hits="37" branch="False" />
                <line number="55" hits="37" branch="False" />
                <line number="56" hits="37" branch="False" />
                <line number="57" hits="37" branch="False" />
                <line number="58" hits="37" branch="False" />
              </lines>
            </method>
          </methods>
          <lines>
            <line number="29" hits="37" branch="False" />
            <line number="30" hits="37" branch="False" />
            <line number="31" hits="37" branch="False" />
            <line number="32" hits="37" branch="False" />
            <line number="33" hits="37" branch="False" />
            <line number="34" hits="37" branch="False" />
            <line number="35" hits="37" branch="False" />
            <line number="36" hits="37" branch="False" />
            <line number="37" hits="37" branch="False" />
            <line number="38" hits="37" branch="False" />
            <line number="39" hits="37" branch="False" />
            <line number="40" hits="37" branch="False" />
            <line number="41" hits="37" branch="False" />
            <line number="42" hits="37" branch="False" />
            <line number="43" hits="37" branch="False" />
            <line number="44" hits="37" branch="False" />
            <line number="45" hits="37" branch="False" />
            <line number="46" hits="37" branch="False" />
            <line number="47" hits="37" branch="False" />
            <line number="48" hits="37" branch="False" />
            <line number="49" hits="37" branch="False" />
            <line number="50" hits="37" branch="False" />
            <line number="51" hits="37" branch="False" />
            <line number="52" hits="37" branch="False" />
            <line number="53" hits="37" branch="False" />
            <line number="54" hits="37" branch="False" />
            <line number="55" hits="37" branch="False" />
            <line number="56" hits="37" branch="False" />
            <line number="57" hits="37" branch="False" />
            <line number="58" hits="37" branch="False" />
          </lines>
        </class>
        <class name="HotPot.Services.CustomerServices/&lt;&gt;c" filename="HotPot\Services\CustomerServices.cs" line-rate="1" branch-rate="1" complexity="4">
          <methods>
            <method name="&lt;PlaceOrder&gt;b__22_1" signature="(HotPot.Models.Cart)" line-rate="1" branch-rate="1" complexity="1">
              <lines>
                <line number="156" hits="3" branch="False" />
              </lines>
            </method>
            <method name="&lt;AddToCart&gt;b__25_1" signature="(HotPot.Models.Cart)" line-rate="1" branch-rate="1" complexity="1">
              <lines>
                <line number="294" hits="5" branch="False" />
              </lines>
            </method>
            <method name="&lt;GetCarts&gt;b__26_1" signature="(HotPot.Models.Cart)" line-rate="1" branch-rate="1" complexity="1">
              <lines>
                <line number="329" hits="5" branch="False" />
              </lines>
            </method>
            <method name="&lt;EmptyCart&gt;b__28_1" signature="(HotPot.Models.Cart)" line-rate="1" branch-rate="1" complexity="1">
              <lines>
                <line number="370" hits="5" branch="False" />
              </lines>
            </method>
          </methods>
          <lines>
            <line number="156" hits="3" branch="False" />
            <line number="294" hits="5" branch="False" />
            <line number="329" hits="5" branch="False" />
            <line number="370" hits="5" branch="False" />
          </lines>
        </class>
        <class name="HotPot.Services.CustomerServices/&lt;&gt;c__DisplayClass19_0" filename="HotPot\Services\CustomerServices.cs" line-rate="1" branch-rate="1" complexity="1">
          <methods>
            <method name="&lt;GetMenuByRestaurant&gt;b__0" signature="(HotPot.Models.Menu)" line-rate="1" branch-rate="1" complexity="1">
              <lines>
                <line number="125" hits="5" branch="False" />
              </lines>
            </method>
          </methods>
          <lines>
            <line number="125" hits="5" branch="False" />
          </lines>
        </class>
        <class name="HotPot.Services.CustomerServices/&lt;&gt;c__DisplayClass21_0" filename="HotPot\Services\CustomerServices.cs" line-rate="1" branch-rate="1" complexity="1">
          <methods>
            <method name="&lt;GetRestaurantsByCity&gt;b__0" signature="(HotPot.Models.Restaurant)" line-rate="1" branch-rate="1" complexity="1">
              <lines>
                <line number="147" hits="5" branch="False" />
              </lines>
            </method>
          </methods>
          <lines>
            <line number="147" hits="5" branch="False" />
          </lines>
        </class>
        <class name="HotPot.Services.CustomerServices/&lt;&gt;c__DisplayClass22_0" filename="HotPot\Services\CustomerServices.cs" line-rate="1" branch-rate="1" complexity="1">
          <methods>
            <method name="&lt;PlaceOrder&gt;b__2" signature="(HotPot.Models.DeliveryPartner)" line-rate="1" branch-rate="1" complexity="1">
              <lines>
                <line number="173" hits="2" branch="False" />
              </lines>
            </method>
          </methods>
          <lines>
            <line number="173" hits="2" branch="False" />
          </lines>
        </class>
        <class name="HotPot.Services.CustomerServices/&lt;&gt;c__DisplayClass25_0" filename="HotPot\Services\CustomerServices.cs" line-rate="1" branch-rate="1" complexity="1">
          <methods>
            <method name="&lt;AddToCart&gt;b__2" signature="(HotPot.Models.Cart)" line-rate="1" branch-rate="1" complexity="1">
              <lines>
                <line number="295" hits="3" branch="False" />
              </lines>
            </method>
          </methods>
          <lines>
            <line number="295" hits="3" branch="False" />
          </lines>
        </class>
        <class name="HotPot.Services.CustomerServices/&lt;&gt;c__DisplayClass31_0" filename="HotPot\Services\CustomerServices.cs" line-rate="1" branch-rate="1" complexity="1">
          <methods>
            <method name="&lt;ViewOrderStatus&gt;b__0" signature="(HotPot.Models.OrderItem)" line-rate="1" branch-rate="1" complexity="1">
              <lines>
                <line number="408" hits="2" branch="False" />
              </lines>
            </method>
          </methods>
          <lines>
            <line number="408" hits="2" branch="False" />
          </lines>
        </class>
        <class name="HotPot.Services.CustomerServices/&lt;&gt;c__DisplayClass32_0" filename="HotPot\Services\CustomerServices.cs" line-rate="1" branch-rate="1" complexity="1">
          <methods>
            <method name="&lt;ViewOrderHistory&gt;b__0" signature="(HotPot.Models.Order)" line-rate="1" branch-rate="1" complexity="1">
              <lines>
                <line number="444" hits="3" branch="False" />
              </lines>
            </method>
          </methods>
          <lines>
            <line number="444" hits="3" branch="False" />
          </lines>
        </class>
        <class name="HotPot.Services.CustomerServices/&lt;&gt;c__DisplayClass32_1" filename="HotPot\Services\CustomerServices.cs" line-rate="1" branch-rate="1" complexity="1">
          <methods>
            <method name="&lt;ViewOrderHistory&gt;b__1" signature="(HotPot.Models.OrderItem)" line-rate="1" branch-rate="1" complexity="1">
              <lines>
                <line number="452" hits="6" branch="False" />
              </lines>
            </method>
          </methods>
          <lines>
            <line number="452" hits="6" branch="False" />
          </lines>
        </class>
        <class name="HotPot.Services.CustomerServices/&lt;&gt;c__DisplayClass44_0" filename="HotPot\Services\CustomerServices.cs" line-rate="1" branch-rate="1" complexity="2">
          <methods>
            <method name="&lt;SearchMenu&gt;b__0" signature="(HotPot.Models.Menu)" line-rate="1" branch-rate="1" complexity="1">
              <lines>
                <line number="627" hits="3" branch="False" />
              </lines>
            </method>
            <method name="&lt;SearchMenu&gt;b__1" signature="(HotPot.Models.Menu)" line-rate="1" branch-rate="1" complexity="1">
              <lines>
                <line number="632" hits="3" branch="False" />
              </lines>
            </method>
          </methods>
          <lines>
            <line number="627" hits="3" branch="False" />
            <line number="632" hits="3" branch="False" />
          </lines>
        </class>
        <class name="HotPot.Services.CustomerServices/&lt;&gt;c__DisplayClass45_0" filename="HotPot\Services\CustomerServices.cs" line-rate="1" branch-rate="0.5" complexity="3">
          <methods>
            <method name="&lt;FilterMenuByPriceRange&gt;b__0" signature="(HotPot.Models.Menu)" line-rate="1" branch-rate="1" complexity="1">
              <lines>
                <line number="639" hits="3" branch="False" />
              </lines>
            </method>
            <method name="&lt;FilterMenuByPriceRange&gt;b__1" signature="(HotPot.Models.Menu)" line-rate="1" branch-rate="0.5" complexity="2">
              <lines>
                <line number="644" hits="3" branch="True" condition-coverage="50% (1/2)">
                  <conditions>
                    <condition number="12" type="jump" coverage="50%" />
                  </conditions>
                </line>
              </lines>
            </method>
          </methods>
          <lines>
            <line number="639" hits="3" branch="False" />
            <line number="644" hits="3" branch="True" condition-coverage="50% (1/2)">
              <conditions>
                <condition number="12" type="jump" coverage="50%" />
              </conditions>
            </line>
          </lines>
        </class>
        <class name="HotPot.Services.CustomerServices/&lt;&gt;c__DisplayClass46_0" filename="HotPot\Services\CustomerServices.cs" line-rate="1" branch-rate="1" complexity="2">
          <methods>
            <method name="&lt;FilterMenuByType&gt;b__0" signature="(HotPot.Models.Menu)" line-rate="1" branch-rate="1" complexity="1">
              <lines>
                <line number="651" hits="3" branch="False" />
              </lines>
            </method>
            <method name="&lt;FilterMenuByType&gt;b__1" signature="(HotPot.Models.Menu)" line-rate="1" branch-rate="1" complexity="1">
              <lines>
                <line number="656" hits="3" branch="False" />
              </lines>
            </method>
          </methods>
          <lines>
            <line number="651" hits="3" branch="False" />
            <line number="656" hits="3" branch="False" />
          </lines>
        </class>
        <class name="HotPot.Services.CustomerServices/&lt;&gt;c__DisplayClass47_0" filename="HotPot\Services\CustomerServices.cs" line-rate="1" branch-rate="1" complexity="2">
          <methods>
            <method name="&lt;FilterMenuByCuisine&gt;b__0" signature="(HotPot.Models.Menu)" line-rate="1" branch-rate="1" complexity="1">
              <lines>
                <line number="663" hits="3" branch="False" />
              </lines>
            </method>
            <method name="&lt;FilterMenuByCuisine&gt;b__1" signature="(HotPot.Models.Menu)" line-rate="1" branch-rate="1" complexity="1">
              <lines>
                <line number="668" hits="3" branch="False" />
              </lines>
            </method>
          </methods>
          <lines>
            <line number="663" hits="3" branch="False" />
            <line number="668" hits="3" branch="False" />
          </lines>
        </class>
        <class name="HotPot.Services.CustomerServices/&lt;AddCustomerAddress&gt;d__37" filename="HotPot\Services\CustomerServices.cs" line-rate="1" branch-rate="1" complexity="1">
          <methods>
            <method name="MoveNext" signature="()" line-rate="1" branch-rate="1" complexity="1">
              <lines>
                <line number="523" hits="1" branch="False" />
                <line number="524" hits="1" branch="False" />
                <line number="525" hits="1" branch="False" />
                <line number="526" hits="1" branch="False" />
                <line number="527" hits="1" branch="False" />
              </lines>
            </method>
          </methods>
          <lines>
            <line number="523" hits="1" branch="False" />
            <line number="524" hits="1" branch="False" />
            <line number="525" hits="1" branch="False" />
            <line number="526" hits="1" branch="False" />
            <line number="527" hits="1" branch="False" />
          </lines>
        </class>
        <class name="HotPot.Services.CustomerServices/&lt;AddCustomerReview&gt;d__40" filename="HotPot\Services\CustomerServices.cs" line-rate="1" branch-rate="1" complexity="1">
          <methods>
            <method name="MoveNext" signature="()" line-rate="1" branch-rate="1" complexity="1">
              <lines>
                <line number="580" hits="1" branch="False" />
                <line number="581" hits="1" branch="False" />
                <line number="582" hits="1" branch="False" />
                <line number="583" hits="1" branch="False" />
                <line number="584" hits="1" branch="False" />
              </lines>
            </method>
          </methods>
          <lines>
            <line number="580" hits="1" branch="False" />
            <line number="581" hits="1" branch="False" />
            <line number="582" hits="1" branch="False" />
            <line number="583" hits="1" branch="False" />
            <line number="584" hits="1" branch="False" />
          </lines>
        </class>
        <class name="HotPot.Services.CustomerServices/&lt;AddToCart&gt;d__25" filename="HotPot\Services\CustomerServices.cs" line-rate="0.9031999999999999" branch-rate="0.5" complexity="4">
          <methods>
            <method name="MoveNext" signature="()" line-rate="0.9031999999999999" branch-rate="0.5" complexity="4">
              <lines>
                <line number="289" hits="1" branch="False" />
                <line number="290" hits="1" branch="False" />
                <line number="291" hits="1" branch="True" condition-coverage="50% (1/2)">
                  <conditions>
                    <condition number="251" type="jump" coverage="50%" />
                  </conditions>
                </line>
                <line number="292" hits="1" branch="False" />
                <line number="293" hits="1" branch="False" />
                <line number="296" hits="1" branch="True" condition-coverage="50% (1/2)">
                  <conditions>
                    <condition number="512" type="jump" coverage="50%" />
                  </conditions>
                </line>
                <line number="297" hits="1" branch="False" />
                <line number="298" hits="1" branch="False" />
                <line number="299" hits="1" branch="False" />
                <line number="300" hits="1" branch="False" />
                <line number="301" hits="1" branch="False" />
                <line number="302" hits="1" branch="False" />
                <line number="303" hits="1" branch="False" />
                <line number="304" hits="1" branch="False" />
                <line number="305" hits="1" branch="False" />
                <line number="306" hits="1" branch="False" />
                <line number="308" hits="1" branch="False" />
                <line number="309" hits="1" branch="False" />
                <line number="310" hits="1" branch="False" />
                <line number="311" hits="1" branch="False" />
                <line number="312" hits="1" branch="False" />
                <line number="313" hits="1" branch="False" />
                <line number="314" hits="1" branch="False" />
                <line number="315" hits="1" branch="False" />
                <line number="316" hits="1" branch="False" />
                <line number="317" hits="1" branch="False" />
                <line number="318" hits="1" branch="False" />
                <line number="320" hits="0" branch="False" />
                <line number="321" hits="0" branch="False" />
                <line number="323" hits="0" branch="False" />
                <line number="324" hits="1" branch="False" />
              </lines>
            </method>
          </methods>
          <lines>
            <line number="289" hits="1" branch="False" />
            <line number="290" hits="1" branch="False" />
            <line number="291" hits="1" branch="True" condition-coverage="50% (1/2)">
              <conditions>
                <condition number="251" type="jump" coverage="50%" />
              </conditions>
            </line>
            <line number="292" hits="1" branch="False" />
            <line number="293" hits="1" branch="False" />
            <line number="296" hits="1" branch="True" condition-coverage="50% (1/2)">
              <conditions>
                <condition number="512" type="jump" coverage="50%" />
              </conditions>
            </line>
            <line number="297" hits="1" branch="False" />
            <line number="298" hits="1" branch="False" />
            <line number="299" hits="1" branch="False" />
            <line number="300" hits="1" branch="False" />
            <line number="301" hits="1" branch="False" />
            <line number="302" hits="1" branch="False" />
            <line number="303" hits="1" branch="False" />
            <line number="304" hits="1" branch="False" />
            <line number="305" hits="1" branch="False" />
            <line number="306" hits="1" branch="False" />
            <line number="308" hits="1" branch="False" />
            <line number="309" hits="1" branch="False" />
            <line number="310" hits="1" branch="False" />
            <line number="311" hits="1" branch="False" />
            <line number="312" hits="1" branch="False" />
            <line number="313" hits="1" branch="False" />
            <line number="314" hits="1" branch="False" />
            <line number="315" hits="1" branch="False" />
            <line number="316" hits="1" branch="False" />
            <line number="317" hits="1" branch="False" />
            <line number="318" hits="1" branch="False" />
            <line number="320" hits="0" branch="False" />
            <line number="321" hits="0" branch="False" />
            <line number="323" hits="0" branch="False" />
            <line number="324" hits="1" branch="False" />
          </lines>
        </class>
        <class name="HotPot.Services.CustomerServices/&lt;CancelOrderFromCustomer&gt;d__36" filename="HotPot\Services\CustomerServices.cs" line-rate="0.875" branch-rate="0.5" complexity="2">
          <methods>
            <method name="MoveNext" signature="()" line-rate="0.875" branch-rate="0.5" complexity="2">
              <lines>
                <line number="512" hits="1" branch="False" />
                <line number="513" hits="1" branch="False" />
                <line number="514" hits="1" branch="True" condition-coverage="50% (1/2)">
                  <conditions>
                    <condition number="175" type="jump" coverage="50%" />
                  </conditions>
                </line>
                <line number="515" hits="0" branch="False" />
                <line number="516" hits="1" branch="False" />
                <line number="517" hits="1" branch="False" />
                <line number="518" hits="1" branch="False" />
                <line number="519" hits="1" branch="False" />
              </lines>
            </method>
          </methods>
          <lines>
            <line number="512" hits="1" branch="False" />
            <line number="513" hits="1" branch="False" />
            <line number="514" hits="1" branch="True" condition-coverage="50% (1/2)">
              <conditions>
                <condition number="175" type="jump" coverage="50%" />
              </conditions>
            </line>
            <line number="515" hits="0" branch="False" />
            <line number="516" hits="1" branch="False" />
            <line number="517" hits="1" branch="False" />
            <line number="518" hits="1" branch="False" />
            <line number="519" hits="1" branch="False" />
          </lines>
        </class>
        <class name="HotPot.Services.CustomerServices/&lt;DecreaseCartItemQuantity&gt;d__30" filename="HotPot\Services\CustomerServices.cs" line-rate="1" branch-rate="1" complexity="2">
          <methods>
            <method name="MoveNext" signature="()" line-rate="1" branch-rate="1" complexity="2">
              <lines>
                <line number="386" hits="2" branch="False" />
                <line number="387" hits="2" branch="False" />
                <line number="388" hits="2" branch="True" condition-coverage="100% (2/2)">
                  <conditions>
                    <condition number="192" type="jump" coverage="100%" />
                  </conditions>
                </line>
                <line number="389" hits="1" branch="False" />
                <line number="390" hits="1" branch="False" />
                <line number="391" hits="1" branch="False" />
                <line number="392" hits="1" branch="False" />
                <line number="394" hits="1" branch="False" />
                <line number="395" hits="1" branch="False" />
                <line number="396" hits="1" branch="False" />
                <line number="397" hits="2" branch="False" />
              </lines>
            </method>
          </methods>
          <lines>
            <line number="386" hits="2" branch="False" />
            <line number="387" hits="2" branch="False" />
            <line number="388" hits="2" branch="True" condition-coverage="100% (2/2)">
              <conditions>
                <condition number="192" type="jump" coverage="100%" />
              </conditions>
            </line>
            <line number="389" hits="1" branch="False" />
            <line number="390" hits="1" branch="False" />
            <line number="391" hits="1" branch="False" />
            <line number="392" hits="1" branch="False" />
            <line number="394" hits="1" branch="False" />
            <line number="395" hits="1" branch="False" />
            <line number="396" hits="1" branch="False" />
            <line number="397" hits="2" branch="False" />
          </lines>
        </class>
        <class name="HotPot.Services.CustomerServices/&lt;DeleteCartItem&gt;d__27" filename="HotPot\Services\CustomerServices.cs" line-rate="1" branch-rate="1" complexity="1">
          <methods>
            <method name="MoveNext" signature="()" line-rate="1" branch-rate="1" complexity="1">
              <lines>
                <line number="361" hits="2" branch="False" />
                <line number="362" hits="2" branch="False" />
                <line number="363" hits="2" branch="False" />
                <line number="364" hits="2" branch="False" />
                <line number="365" hits="2" branch="False" />
              </lines>
            </method>
          </methods>
          <lines>
            <line number="361" hits="2" branch="False" />
            <line number="362" hits="2" branch="False" />
            <line number="363" hits="2" branch="False" />
            <line number="364" hits="2" branch="False" />
            <line number="365" hits="2" branch="False" />
          </lines>
        </class>
        <class name="HotPot.Services.CustomerServices/&lt;DeleteCustomerReview&gt;d__43" filename="HotPot\Services\CustomerServices.cs" line-rate="1" branch-rate="1" complexity="2">
          <methods>
            <method name="MoveNext" signature="()" line-rate="1" branch-rate="1" complexity="2">
              <lines>
                <line number="611" hits="2" branch="False" />
                <line number="612" hits="2" branch="False" />
                <line number="613" hits="2" branch="True" condition-coverage="100% (2/2)">
                  <conditions>
                    <condition number="175" type="jump" coverage="100%" />
                  </conditions>
                </line>
                <line number="614" hits="1" branch="False" />
                <line number="615" hits="1" branch="False" />
                <line number="618" hits="1" branch="False" />
                <line number="619" hits="1" branch="False" />
                <line number="620" hits="1" branch="False" />
                <line number="621" hits="1" branch="False" />
              </lines>
            </method>
          </methods>
          <lines>
            <line number="611" hits="2" branch="False" />
            <line number="612" hits="2" branch="False" />
            <line number="613" hits="2" branch="True" condition-coverage="100% (2/2)">
              <conditions>
                <condition number="175" type="jump" coverage="100%" />
              </conditions>
            </line>
            <line number="614" hits="1" branch="False" />
            <line number="615" hits="1" branch="False" />
            <line number="618" hits="1" branch="False" />
            <line number="619" hits="1" branch="False" />
            <line number="620" hits="1" branch="False" />
            <line number="621" hits="1" branch="False" />
          </lines>
        </class>
        <class name="HotPot.Services.CustomerServices/&lt;EmptyCart&gt;d__28" filename="HotPot\Services\CustomerServices.cs" line-rate="1" branch-rate="1" complexity="2">
          <methods>
            <method name="MoveNext" signature="()" line-rate="1" branch-rate="1" complexity="2">
              <lines>
                <line number="368" hits="1" branch="False" />
                <line number="369" hits="1" branch="False" />
                <line number="371" hits="7" branch="True" condition-coverage="100% (2/2)">
                  <conditions>
                    <condition number="457" type="jump" coverage="100%" />
                  </conditions>
                </line>
                <line number="372" hits="2" branch="False" />
                <line number="373" hits="2" branch="False" />
                <line number="374" hits="2" branch="False" />
                <line number="375" hits="2" branch="False" />
                <line number="376" hits="1" branch="False" />
              </lines>
            </method>
          </methods>
          <lines>
            <line number="368" hits="1" branch="False" />
            <line number="369" hits="1" branch="False" />
            <line number="371" hits="7" branch="True" condition-coverage="100% (2/2)">
              <conditions>
                <condition number="457" type="jump" coverage="100%" />
              </conditions>
            </line>
            <line number="372" hits="2" branch="False" />
            <line number="373" hits="2" branch="False" />
            <line number="374" hits="2" branch="False" />
            <line number="375" hits="2" branch="False" />
            <line number="376" hits="1" branch="False" />
          </lines>
        </class>
        <class name="HotPot.Services.CustomerServices/&lt;FilterMenuByCuisine&gt;d__47" filename="HotPot\Services\CustomerServices.cs" line-rate="0.7142000000000001" branch-rate="0.5" complexity="2">
          <methods>
            <method name="MoveNext" signature="()" line-rate="0.7142000000000001" branch-rate="0.5" complexity="2">
              <lines>
                <line number="661" hits="1" branch="False" />
                <line number="662" hits="1" branch="False" />
                <line number="664" hits="1" branch="True" condition-coverage="50% (1/2)">
                  <conditions>
                    <condition number="237" type="jump" coverage="50%" />
                  </conditions>
                </line>
                <line number="665" hits="0" branch="False" />
                <line number="666" hits="0" branch="False" />
                <line number="669" hits="1" branch="False" />
                <line number="670" hits="1" branch="False" />
              </lines>
            </method>
          </methods>
          <lines>
            <line number="661" hits="1" branch="False" />
            <line number="662" hits="1" branch="False" />
            <line number="664" hits="1" branch="True" condition-coverage="50% (1/2)">
              <conditions>
                <condition number="237" type="jump" coverage="50%" />
              </conditions>
            </line>
            <line number="665" hits="0" branch="False" />
            <line number="666" hits="0" branch="False" />
            <line number="669" hits="1" branch="False" />
            <line number="670" hits="1" branch="False" />
          </lines>
        </class>
        <class name="HotPot.Services.CustomerServices/&lt;FilterMenuByPriceRange&gt;d__45" filename="HotPot\Services\CustomerServices.cs" line-rate="0.7142000000000001" branch-rate="0.5" complexity="2">
          <methods>
            <method name="MoveNext" signature="()" line-rate="0.7142000000000001" branch-rate="0.5" complexity="2">
              <lines>
                <line number="637" hits="1" branch="False" />
                <line number="638" hits="1" branch="False" />
                <line number="640" hits="1" branch="True" condition-coverage="50% (1/2)">
                  <conditions>
                    <condition number="257" type="jump" coverage="50%" />
                  </conditions>
                </line>
                <line number="641" hits="0" branch="False" />
                <line number="642" hits="0" branch="False" />
                <line number="645" hits="1" branch="False" />
                <line number="646" hits="1" branch="False" />
              </lines>
            </method>
          </methods>
          <lines>
            <line number="637" hits="1" branch="False" />
            <line number="638" hits="1" branch="False" />
            <line number="640" hits="1" branch="True" condition-coverage="50% (1/2)">
              <conditions>
                <condition number="257" type="jump" coverage="50%" />
              </conditions>
            </line>
            <line number="641" hits="0" branch="False" />
            <line number="642" hits="0" branch="False" />
            <line number="645" hits="1" branch="False" />
            <line number="646" hits="1" branch="False" />
          </lines>
        </class>
        <class name="HotPot.Services.CustomerServices/&lt;FilterMenuByType&gt;d__46" filename="HotPot\Services\CustomerServices.cs" line-rate="0.7142000000000001" branch-rate="0.5" complexity="2">
          <methods>
            <method name="MoveNext" signature="()" line-rate="0.7142000000000001" branch-rate="0.5" complexity="2">
              <lines>
                <line number="649" hits="1" branch="False" />
                <line number="650" hits="1" branch="False" />
                <line number="652" hits="1" branch="True" condition-coverage="50% (1/2)">
                  <conditions>
                    <condition number="237" type="jump" coverage="50%" />
                  </conditions>
                </line>
                <line number="653" hits="0" branch="False" />
                <line number="654" hits="0" branch="False" />
                <line number="657" hits="1" branch="False" />
                <line number="658" hits="1" branch="False" />
              </lines>
            </method>
          </methods>
          <lines>
            <line number="649" hits="1" branch="False" />
            <line number="650" hits="1" branch="False" />
            <line number="652" hits="1" branch="True" condition-coverage="50% (1/2)">
              <conditions>
                <condition number="237" type="jump" coverage="50%" />
              </conditions>
            </line>
            <line number="653" hits="0" branch="False" />
            <line number="654" hits="0" branch="False" />
            <line number="657" hits="1" branch="False" />
            <line number="658" hits="1" branch="False" />
          </lines>
        </class>
        <class name="HotPot.Services.CustomerServices/&lt;GetAllCities&gt;d__35" filename="HotPot\Services\CustomerServices.cs" line-rate="0.8332999999999999" branch-rate="0.5" complexity="2">
          <methods>
            <method name="MoveNext" signature="()" line-rate="0.8332999999999999" branch-rate="0.5" complexity="2">
              <lines>
                <line number="504" hits="1" branch="False" />
                <line number="505" hits="1" branch="False" />
                <line number="506" hits="1" branch="True" condition-coverage="50% (1/2)">
                  <conditions>
                    <condition number="158" type="jump" coverage="50%" />
                  </conditions>
                </line>
                <line number="507" hits="0" branch="False" />
                <line number="508" hits="1" branch="False" />
                <line number="509" hits="1" branch="False" />
              </lines>
            </method>
          </methods>
          <lines>
            <line number="504" hits="1" branch="False" />
            <line number="505" hits="1" branch="False" />
            <line number="506" hits="1" branch="True" condition-coverage="50% (1/2)">
              <conditions>
                <condition number="158" type="jump" coverage="50%" />
              </conditions>
            </line>
            <line number="507" hits="0" branch="False" />
            <line number="508" hits="1" branch="False" />
            <line number="509" hits="1" branch="False" />
          </lines>
        </class>
        <class name="HotPot.Services.CustomerServices/&lt;GetCarts&gt;d__26" filename="HotPot\Services\CustomerServices.cs" line-rate="0.9309999999999999" branch-rate="0.6" complexity="10">
          <methods>
            <method name="MoveNext" signature="()" line-rate="0.9309999999999999" branch-rate="0.6" complexity="10">
              <lines>
                <line number="327" hits="1" branch="False" />
                <line number="328" hits="1" branch="False" />
                <line number="330" hits="1" branch="False" />
                <line number="331" hits="1" branch="False" />
                <line number="332" hits="1" branch="True" condition-coverage="50% (2/4)">
                  <conditions>
                    <condition number="440" type="jump" coverage="50%" />
                    <condition number="463" type="jump" coverage="50%" />
                  </conditions>
                </line>
                <line number="333" hits="1" branch="False" />
                <line number="334" hits="7" branch="True" condition-coverage="100% (2/2)">
                  <conditions>
                    <condition number="918" type="jump" coverage="100%" />
                  </conditions>
                </line>
                <line number="335" hits="2" branch="False" />
                <line number="336" hits="2" branch="False" />
                <line number="337" hits="2" branch="False" />
                <line number="338" hits="2" branch="False" />
                <line number="339" hits="2" branch="False" />
                <line number="340" hits="2" branch="False" />
                <line number="341" hits="2" branch="False" />
                <line number="342" hits="2" branch="False" />
                <line number="343" hits="2" branch="False" />
                <line number="344" hits="2" branch="False" />
                <line number="345" hits="2" branch="False" />
                <line number="346" hits="2" branch="False" />
                <line number="347" hits="2" branch="False" />
                <line number="348" hits="2" branch="False" />
                <line number="349" hits="2" branch="False" />
                <line number="350" hits="2" branch="False" />
                <line number="351" hits="2" branch="False" />
                <line number="352" hits="1" branch="True" condition-coverage="50% (2/4)">
                  <conditions>
                    <condition number="966" type="jump" coverage="50%" />
                    <condition number="989" type="jump" coverage="50%" />
                  </conditions>
                </line>
                <line number="353" hits="0" branch="False" />
                <line number="355" hits="1" branch="False" />
                <line number="357" hits="0" branch="False" />
                <line number="358" hits="1" branch="False" />
              </lines>
            </method>
          </methods>
          <lines>
            <line number="327" hits="1" branch="False" />
            <line number="328" hits="1" branch="False" />
            <line number="330" hits="1" branch="False" />
            <line number="331" hits="1" branch="False" />
            <line number="332" hits="1" branch="True" condition-coverage="50% (2/4)">
              <conditions>
                <condition number="440" type="jump" coverage="50%" />
                <condition number="463" type="jump" coverage="50%" />
              </conditions>
            </line>
            <line number="333" hits="1" branch="False" />
            <line number="334" hits="7" branch="True" condition-coverage="100% (2/2)">
              <conditions>
                <condition number="918" type="jump" coverage="100%" />
              </conditions>
            </line>
            <line number="335" hits="2" branch="False" />
            <line number="336" hits="2" branch="False" />
            <line number="337" hits="2" branch="False" />
            <line number="338" hits="2" branch="False" />
            <line number="339" hits="2" branch="False" />
            <line number="340" hits="2" branch="False" />
            <line number="341" hits="2" branch="False" />
            <line number="342" hits="2" branch="False" />
            <line number="343" hits="2" branch="False" />
            <line number="344" hits="2" branch="False" />
            <line number="345" hits="2" branch="False" />
            <line number="346" hits="2" branch="False" />
            <line number="347" hits="2" branch="False" />
            <line number="348" hits="2" branch="False" />
            <line number="349" hits="2" branch="False" />
            <line number="350" hits="2" branch="False" />
            <line number="351" hits="2" branch="False" />
            <line number="352" hits="1" branch="True" condition-coverage="50% (2/4)">
              <conditions>
                <condition number="966" type="jump" coverage="50%" />
                <condition number="989" type="jump" coverage="50%" />
              </conditions>
            </line>
            <line number="353" hits="0" branch="False" />
            <line number="355" hits="1" branch="False" />
            <line number="357" hits="0" branch="False" />
            <line number="358" hits="1" branch="False" />
          </lines>
        </class>
        <class name="HotPot.Services.CustomerServices/&lt;GetCustomerDetails&gt;d__33" filename="HotPot\Services\CustomerServices.cs" line-rate="0.8332999999999999" branch-rate="0.5" complexity="2">
          <methods>
            <method name="MoveNext" signature="()" line-rate="0.8332999999999999" branch-rate="0.5" complexity="2">
              <lines>
                <line number="488" hits="1" branch="False" />
                <line number="489" hits="1" branch="False" />
                <line number="490" hits="1" branch="True" condition-coverage="50% (1/2)">
                  <conditions>
                    <condition number="164" type="jump" coverage="50%" />
                  </conditions>
                </line>
                <line number="491" hits="0" branch="False" />
                <line number="492" hits="1" branch="False" />
                <line number="493" hits="1" branch="False" />
              </lines>
            </method>
          </methods>
          <lines>
            <line number="488" hits="1" branch="False" />
            <line number="489" hits="1" branch="False" />
            <line number="490" hits="1" branch="True" condition-coverage="50% (1/2)">
              <conditions>
                <condition number="164" type="jump" coverage="50%" />
              </conditions>
            </line>
            <line number="491" hits="0" branch="False" />
            <line number="492" hits="1" branch="False" />
            <line number="493" hits="1" branch="False" />
          </lines>
        </class>
        <class name="HotPot.Services.CustomerServices/&lt;GetMenuByRestaurant&gt;d__19" filename="HotPot\Services\CustomerServices.cs" line-rate="1" branch-rate="0.75" complexity="4">
          <methods>
            <method name="MoveNext" signature="()" line-rate="1" branch-rate="0.75" complexity="4">
              <lines>
                <line number="123" hits="2" branch="False" />
                <line number="124" hits="2" branch="False" />
                <line number="126" hits="2" branch="True" condition-coverage="75% (3/4)">
                  <conditions>
                    <condition number="218" type="jump" coverage="50%" />
                    <condition number="241" type="jump" coverage="100%" />
                  </conditions>
                </line>
                <line number="127" hits="1" branch="False" />
                <line number="128" hits="1" branch="False" />
                <line number="129" hits="1" branch="False" />
              </lines>
            </method>
          </methods>
          <lines>
            <line number="123" hits="2" branch="False" />
            <line number="124" hits="2" branch="False" />
            <line number="126" hits="2" branch="True" condition-coverage="75% (3/4)">
              <conditions>
                <condition number="218" type="jump" coverage="50%" />
                <condition number="241" type="jump" coverage="100%" />
              </conditions>
            </line>
            <line number="127" hits="1" branch="False" />
            <line number="128" hits="1" branch="False" />
            <line number="129" hits="1" branch="False" />
          </lines>
        </class>
        <class name="HotPot.Services.CustomerServices/&lt;GetRestaurantByName&gt;d__20" filename="HotPot\Services\CustomerServices.cs" line-rate="1" branch-rate="1" complexity="2">
          <methods>
            <method name="MoveNext" signature="()" line-rate="1" branch-rate="1" complexity="2">
              <lines>
                <line number="132" hits="2" branch="False" />
                <line number="133" hits="2" branch="False" />
                <line number="134" hits="2" branch="True" condition-coverage="100% (2/2)">
                  <conditions>
                    <condition number="164" type="jump" coverage="100%" />
                  </conditions>
                </line>
                <line number="135" hits="1" branch="False" />
                <line number="136" hits="1" branch="False" />
                <line number="137" hits="1" branch="False" />
              </lines>
            </method>
          </methods>
          <lines>
            <line number="132" hits="2" branch="False" />
            <line number="133" hits="2" branch="False" />
            <line number="134" hits="2" branch="True" condition-coverage="100% (2/2)">
              <conditions>
                <condition number="164" type="jump" coverage="100%" />
              </conditions>
            </line>
            <line number="135" hits="1" branch="False" />
            <line number="136" hits="1" branch="False" />
            <line number="137" hits="1" branch="False" />
          </lines>
        </class>
        <class name="HotPot.Services.CustomerServices/&lt;GetRestaurantsByCity&gt;d__21" filename="HotPot\Services\CustomerServices.cs" line-rate="1" branch-rate="0.8332999999999999" complexity="6">
          <methods>
            <method name="MoveNext" signature="()" line-rate="1" branch-rate="0.8332999999999999" complexity="6">
              <lines>
                <line number="140" hits="3" branch="False" />
                <line number="141" hits="3" branch="False" />
                <line number="142" hits="3" branch="True" condition-coverage="100% (2/2)">
                  <conditions>
                    <condition number="196" type="jump" coverage="100%" />
                  </conditions>
                </line>
                <line number="143" hits="1" branch="False" />
                <line number="144" hits="1" branch="False" />
                <line number="146" hits="2" branch="False" />
                <line number="148" hits="2" branch="True" condition-coverage="75% (3/4)">
                  <conditions>
                    <condition number="383" type="jump" coverage="50%" />
                    <condition number="406" type="jump" coverage="100%" />
                  </conditions>
                </line>
                <line number="149" hits="1" branch="False" />
                <line number="150" hits="1" branch="False" />
                <line number="151" hits="1" branch="False" />
              </lines>
            </method>
          </methods>
          <lines>
            <line number="140" hits="3" branch="False" />
            <line number="141" hits="3" branch="False" />
            <line number="142" hits="3" branch="True" condition-coverage="100% (2/2)">
              <conditions>
                <condition number="196" type="jump" coverage="100%" />
              </conditions>
            </line>
            <line number="143" hits="1" branch="False" />
            <line number="144" hits="1" branch="False" />
            <line number="146" hits="2" branch="False" />
            <line number="148" hits="2" branch="True" condition-coverage="75% (3/4)">
              <conditions>
                <condition number="383" type="jump" coverage="50%" />
                <condition number="406" type="jump" coverage="100%" />
              </conditions>
            </line>
            <line number="149" hits="1" branch="False" />
            <line number="150" hits="1" branch="False" />
            <line number="151" hits="1" branch="False" />
          </lines>
        </class>
        <class name="HotPot.Services.CustomerServices/&lt;IncreaseCartItemQuantity&gt;d__29" filename="HotPot\Services\CustomerServices.cs" line-rate="1" branch-rate="1" complexity="1">
          <methods>
            <method name="MoveNext" signature="()" line-rate="1" branch-rate="1" complexity="1">
              <lines>
                <line number="379" hits="1" branch="False" />
                <line number="380" hits="1" branch="False" />
                <line number="381" hits="1" branch="False" />
                <line number="382" hits="1" branch="False" />
                <line number="383" hits="1" branch="False" />
              </lines>
            </method>
          </methods>
          <lines>
            <line number="379" hits="1" branch="False" />
            <line number="380" hits="1" branch="False" />
            <line number="381" hits="1" branch="False" />
            <line number="382" hits="1" branch="False" />
            <line number="383" hits="1" branch="False" />
          </lines>
        </class>
        <class name="HotPot.Services.CustomerServices/&lt;PlaceOrder&gt;d__22" filename="HotPot\Services\CustomerServices.cs" line-rate="0.31739999999999996" branch-rate="0.3333" complexity="6">
          <methods>
            <method name="MoveNext" signature="()" line-rate="0.31739999999999996" branch-rate="0.3333" complexity="6">
              <lines>
                <line number="154" hits="1" branch="False" />
                <line number="155" hits="1" branch="False" />
                <line number="157" hits="1" branch="False" />
                <line number="158" hits="5" branch="True" condition-coverage="100% (2/2)">
                  <conditions>
                    <condition number="597" type="jump" coverage="100%" />
                  </conditions>
                </line>
                <line number="159" hits="1" branch="False" />
                <line number="160" hits="1" branch="False" />
                <line number="161" hits="1" branch="False" />
                <line number="162" hits="1" branch="False" />
                <line number="163" hits="1" branch="False" />
                <line number="164" hits="1" branch="False" />
                <line number="165" hits="1" branch="False" />
                <line number="166" hits="1" branch="False" />
                <line number="167" hits="1" branch="False" />
                <line number="168" hits="1" branch="False" />
                <line number="169" hits="1" branch="False" />
                <line number="170" hits="1" branch="False" />
                <line number="171" hits="1" branch="False" />
                <line number="172" hits="1" branch="False" />
                <line number="174" hits="1" branch="False" />
                <line number="175" hits="1" branch="False" />
                <line number="176" hits="0" branch="False" />
                <line number="177" hits="0" branch="True" condition-coverage="0% (0/2)">
                  <conditions>
                    <condition number="1271" type="jump" coverage="0%" />
                  </conditions>
                </line>
                <line number="178" hits="0" branch="False" />
                <line number="179" hits="0" branch="False" />
                <line number="180" hits="0" branch="False" />
                <line number="181" hits="0" branch="False" />
                <line number="182" hits="0" branch="False" />
                <line number="183" hits="0" branch="True" condition-coverage="0% (0/2)">
                  <conditions>
                    <condition number="2140" type="jump" coverage="0%" />
                  </conditions>
                </line>
                <line number="184" hits="0" branch="False" />
                <line number="185" hits="0" branch="False" />
                <line number="186" hits="0" branch="False" />
                <line number="187" hits="0" branch="False" />
                <line number="188" hits="0" branch="False" />
                <line number="189" hits="0" branch="False" />
                <line number="190" hits="0" branch="False" />
                <line number="191" hits="0" branch="False" />
                <line number="192" hits="0" branch="False" />
                <line number="193" hits="0" branch="False" />
                <line number="195" hits="0" branch="False" />
                <line number="196" hits="0" branch="False" />
                <line number="198" hits="0" branch="False" />
                <line number="199" hits="0" branch="False" />
                <line number="200" hits="0" branch="False" />
                <line number="201" hits="0" branch="False" />
                <line number="202" hits="0" branch="False" />
                <line number="203" hits="0" branch="False" />
                <line number="204" hits="0" branch="False" />
                <line number="205" hits="0" branch="False" />
                <line number="206" hits="0" branch="False" />
                <line number="208" hits="0" branch="False" />
                <line number="209" hits="0" branch="False" />
                <line number="210" hits="0" branch="False" />
                <line number="211" hits="0" branch="False" />
                <line number="212" hits="0" branch="False" />
                <line number="213" hits="0" branch="False" />
                <line number="214" hits="0" branch="False" />
                <line number="215" hits="0" branch="False" />
                <line number="216" hits="0" branch="False" />
                <line number="217" hits="0" branch="False" />
                <line number="218" hits="0" branch="False" />
                <line number="219" hits="0" branch="False" />
                <line number="221" hits="0" branch="False" />
                <line number="222" hits="0" branch="False" />
              </lines>
            </method>
          </methods>
          <lines>
            <line number="154" hits="1" branch="False" />
            <line number="155" hits="1" branch="False" />
            <line number="157" hits="1" branch="False" />
            <line number="158" hits="5" branch="True" condition-coverage="100% (2/2)">
              <conditions>
                <condition number="597" type="jump" coverage="100%" />
              </conditions>
            </line>
            <line number="159" hits="1" branch="False" />
            <line number="160" hits="1" branch="False" />
            <line number="161" hits="1" branch="False" />
            <line number="162" hits="1" branch="False" />
            <line number="163" hits="1" branch="False" />
            <line number="164" hits="1" branch="False" />
            <line number="165" hits="1" branch="False" />
            <line number="166" hits="1" branch="False" />
            <line number="167" hits="1" branch="False" />
            <line number="168" hits="1" branch="False" />
            <line number="169" hits="1" branch="False" />
            <line number="170" hits="1" branch="False" />
            <line number="171" hits="1" branch="False" />
            <line number="172" hits="1" branch="False" />
            <line number="174" hits="1" branch="False" />
            <line number="175" hits="1" branch="False" />
            <line number="176" hits="0" branch="False" />
            <line number="177" hits="0" branch="True" condition-coverage="0% (0/2)">
              <conditions>
                <condition number="1271" type="jump" coverage="0%" />
              </conditions>
            </line>
            <line number="178" hits="0" branch="False" />
            <line number="179" hits="0" branch="False" />
            <line number="180" hits="0" branch="False" />
            <line number="181" hits="0" branch="False" />
            <line number="182" hits="0" branch="False" />
            <line number="183" hits="0" branch="True" condition-coverage="0% (0/2)">
              <conditions>
                <condition number="2140" type="jump" coverage="0%" />
              </conditions>
            </line>
            <line number="184" hits="0" branch="False" />
            <line number="185" hits="0" branch="False" />
            <line number="186" hits="0" branch="False" />
            <line number="187" hits="0" branch="False" />
            <line number="188" hits="0" branch="False" />
            <line number="189" hits="0" branch="False" />
            <line number="190" hits="0" branch="False" />
            <line number="191" hits="0" branch="False" />
            <line number="192" hits="0" branch="False" />
            <line number="193" hits="0" branch="False" />
            <line number="195" hits="0" branch="False" />
            <line number="196" hits="0" branch="False" />
            <line number="198" hits="0" branch="False" />
            <line number="199" hits="0" branch="False" />
[...]
          </lines>
        </class>
        <class name="HotPot.Tests.Services.CustomerServicesTests/&lt;IncreaseCartItemQuantity_ValidCartId_CallsCartRepoUpdate&gt;d__30" filename="HotPotTests\CustomerTests.cs" line-rate="1" branch-rate="1" complexity="1">
          <methods>
            <method name="MoveNext" signature="()" line-rate="1" branch-rate="1" complexity="1">
              <lines>
                <line number="358" hits="1" branch="False" />
                <line number="360" hits="1" branch="False" />
                <line number="361" hits="1" branch="False" />
                <line number="362" hits="1" branch="False" />
                <line number="365" hits="1" branch="False" />
                <line number="368" hits="1" branch="False" />
                <line number="369" hits="1" branch="False" />
              </lines>
            </method>
          </methods>
          <lines>
            <line number="358" hits="1" branch="False" />
            <line number="360" hits="1" branch="False" />
            <line number="361" hits="1" branch="False" />
            <line number="362" hits="1" branch="False" />
            <line number="365" hits="1" branch="False" />
            <line number="368" hits="1" branch="False" />
            <line number="369" hits="1" branch="False" />
          </lines>
        </class>
        <class name="HotPot.Tests.Services.CustomerServicesTests/&lt;PlaceOrder_ReturnsOrderMenuDTO&gt;d__24" filename="HotPotTests\CustomerTests.cs" line-rate="0.8887999999999999" branch-rate="1" complexity="1">
          <methods>
            <method name="MoveNext" signature="()" line-rate="0.8887999999999999" branch-rate="1" complexity="1">
              <lines>
                <line number="216" hits="1" branch="False" />
                <line number="218" hits="1" branch="False" />
                <line number="219" hits="1" branch="False" />
                <line number="220" hits="1" branch="False" />
                <line number="221" hits="1" branch="False" />
                <line number="222" hits="1" branch="False" />
                <line number="223" hits="1" branch="False" />
                <line number="224" hits="1" branch="False" />
                <line number="225" hits="1" branch="False" />
                <line number="226" hits="1" branch="False" />
                <line number="227" hits="1" branch="False" />
                <line number="228" hits="1" branch="False" />
                <line number="229" hits="1" branch="False" />
                <line number="230" hits="1" branch="False" />
                <line number="231" hits="1" branch="False" />
                <line number="234" hits="1" branch="False" />
                <line number="237" hits="0" branch="False" />
                <line number="238" hits="0" branch="False" />
              </lines>
            </method>
          </methods>
          <lines>
            <line number="216" hits="1" branch="False" />
            <line number="218" hits="1" branch="False" />
            <line number="219" hits="1" branch="False" />
            <line number="220" hits="1" branch="False" />
            <line number="221" hits="1" branch="False" />
            <line number="222" hits="1" branch="False" />
            <line number="223" hits="1" branch="False" />
            <line number="224" hits="1" branch="False" />
            <line number="225" hits="1" branch="False" />
            <line number="226" hits="1" branch="False" />
            <line number="227" hits="1" branch="False" />
            <line number="228" hits="1" branch="False" />
            <line number="229" hits="1" branch="False" />
            <line number="230" hits="1" branch="False" />
            <line number="231" hits="1" branch="False" />
            <line number="234" hits="1" branch="False" />
            <line number="237" hits="0" branch="False" />
            <line number="238" hits="0" branch="False" />
          </lines>
        </class>
        <class name="HotPot.Tests.Services.CustomerServicesTests/&lt;RecordPayment_ValidOrder_ReturnsPayment&gt;d__25" filename="HotPotTests\CustomerTests.cs" line-rate="1" branch-rate="1" complexity="1">
          <methods>
            <method name="MoveNext" signature="()" line-rate="1" branch-rate="1" complexity="1">
              <lines>
                <line number="263" hits="1" branch="False" />
                <line number="265" hits="1" branch="False" />
                <line number="268" hits="1" branch="False" />
                <line number="271" hits="1" branch="False" />
                <line number="272" hits="1" branch="False" />
              </lines>
            </method>
          </methods>
          <lines>
            <line number="263" hits="1" branch="False" />
            <line number="265" hits="1" branch="False" />
            <line number="268" hits="1" branch="False" />
            <line number="271" hits="1" branch="False" />
            <line number="272" hits="1" branch="False" />
          </lines>
        </class>
        <class name="HotPot.Tests.Services.CustomerServicesTests/&lt;RegisterCustomer_ValidInput_ReturnsLoginUserDTO&gt;d__16" filename="HotPotTests\CustomerTests.cs" line-rate="1" branch-rate="1" complexity="1">
          <methods>
            <method name="MoveNext" signature="()" line-rate="1" branch-rate="1" complexity="1">
              <lines>
                <line number="93" hits="1" branch="False" />
                <line number="95" hits="1" branch="False" />
                <line number="96" hits="1" branch="False" />
                <line number="97" hits="1" branch="False" />
                <line number="98" hits="1" branch="False" />
                <line number="99" hits="1" branch="False" />
                <line number="100" hits="1" branch="False" />
                <line number="103" hits="1" branch="False" />
                <line number="106" hits="1" branch="False" />
                <line number="107" hits="1" branch="False" />
              </lines>
            </method>
          </methods>
          <lines>
            <line number="93" hits="1" branch="False" />
            <line number="95" hits="1" branch="False" />
            <line number="96" hits="1" branch="False" />
            <line number="97" hits="1" branch="False" />
            <line number="98" hits="1" branch="False" />
            <line number="99" hits="1" branch="False" />
            <line number="100" hits="1" branch="False" />
            <line number="103" hits="1" branch="False" />
            <line number="106" hits="1" branch="False" />
            <line number="107" hits="1" branch="False" />
          </lines>
        </class>
        <class name="HotPot.Tests.Services.CustomerServicesTests/&lt;SearchMenu_ReturnsMatchingMenuItems&gt;d__49" filename="HotPotTests\CustomerTests.cs" line-rate="1" branch-rate="1" complexity="1">
          <methods>
            <method name="MoveNext" signature="()" line-rate="1" branch-rate="1" complexity="1">
              <lines>
                <line number="658" hits="1" branch="False" />
                <line number="660" hits="1" branch="False" />
                <line number="661" hits="1" branch="False" />
                <line number="662" hits="1" branch="False" />
                <line number="663" hits="1" branch="False" />
                <line number="664" hits="1" branch="False" />
                <line number="665" hits="1" branch="False" />
                <line number="666" hits="1" branch="False" />
                <line number="667" hits="1" branch="False" />
                <line number="670" hits="1" branch="False" />
                <line number="673" hits="1" branch="False" />
                <line number="674" hits="1" branch="False" />
              </lines>
            </method>
          </methods>
          <lines>
            <line number="658" hits="1" branch="False" />
            <line number="660" hits="1" branch="False" />
            <line number="661" hits="1" branch="False" />
            <line number="662" hits="1" branch="False" />
            <line number="663" hits="1" branch="False" />
            <line number="664" hits="1" branch="False" />
            <line number="665" hits="1" branch="False" />
            <line number="666" hits="1" branch="False" />
            <line number="667" hits="1" branch="False" />
            <line number="670" hits="1" branch="False" />
            <line number="673" hits="1" branch="False" />
            <line number="674" hits="1" branch="False" />
          </lines>
        </class>
        <class name="HotPot.Tests.Services.CustomerServicesTests/&lt;UpdateCustomerAddress_ValidAddressIdAndAddressUpdateDto_ReturnsUpdatedCustomerAddress&gt;d__40" filename="HotPotTests\CustomerTests.cs" line-rate="1" branch-rate="1" complexity="1">
          <methods>
            <method name="MoveNext" signature="()" line-rate="1" branch-rate="1" complexity="1">
              <lines>
                <line number="532" hits="1" branch="False" />
                <line number="534" hits="1" branch="False" />
                <line number="535" hits="1" branch="False" />
                <line number="536" hits="1" branch="False" />
                <line number="537" hits="1" branch="False" />
                <line number="538" hits="1" branch="False" />
                <line number="541" hits="1" branch="False" />
                <line number="544" hits="1" branch="False" />
                <line number="545" hits="1" branch="False" />
              </lines>
            </method>
          </methods>
          <lines>
            <line number="532" hits="1" branch="False" />
            <line number="534" hits="1" branch="False" />
            <line number="535" hits="1" branch="False" />
            <line number="536" hits="1" branch="False" />
            <line number="537" hits="1" branch="False" />
            <line number="538" hits="1" branch="False" />
            <line number="541" hits="1" branch="False" />
            <line number="544" hits="1" branch="False" />
            <line number="545" hits="1" branch="False" />
          </lines>
        </class>
        <class name="HotPot.Tests.Services.CustomerServicesTests/&lt;UpdateCustomerDetails_ValidCustomer_ReturnsCustomer&gt;d__36" filename="HotPotTests\CustomerTests.cs" line-rate="1" branch-rate="1" complexity="1">
          <methods>
            <method name="MoveNext" signature="()" line-rate="1" branch-rate="1" complexity="1">
              <lines>
                <line number="469" hits="1" branch="False" />
                <line number="471" hits="1" branch="False" />
                <line number="472" hits="1" branch="False" />
                <line number="473" hits="1" branch="False" />
                <line number="476" hits="1" branch="False" />
                <line number="479" hits="1" branch="False" />
                <line number="480" hits="1" branch="False" />
              </lines>
            </method>
          </methods>
          <lines>
            <line number="469" hits="1" branch="False" />
            <line number="471" hits="1" branch="False" />
            <line number="472" hits="1" branch="False" />
            <line number="473" hits="1" branch="False" />
            <line number="476" hits="1" branch="False" />
            <line number="479" hits="1" branch="False" />
            <line number="480" hits="1" branch="False" />
          </lines>
        </class>
        <class name="HotPot.Tests.Services.CustomerServicesTests/&lt;UpdateCustomerReviewText_ExistingReview_ReturnsUpdatedReview&gt;d__45" filename="HotPotTests\CustomerTests.cs" line-rate="1" branch-rate="1" complexity="1">
          <methods>
            <method name="MoveNext" signature="()" line-rate="1" branch-rate="1" complexity="1">
              <lines>
                <line number="604" hits="1" branch="False" />
                <line number="606" hits="1" branch="False" />
                <line number="607" hits="1" branch="False" />
                <line number="608" hits="1" branch="False" />
                <line number="609" hits="1" branch="False" />
                <line number="612" hits="1" branch="False" />
                <line number="615" hits="1" branch="False" />
                <line number="616" hits="1" branch="False" />
              </lines>
            </method>
          </methods>
          <lines>
            <line number="604" hits="1" branch="False" />
            <line number="606" hits="1" branch="False" />
            <line number="607" hits="1" branch="False" />
            <line number="608" hits="1" branch="False" />
            <line number="609" hits="1" branch="False" />
            <line number="612" hits="1" branch="False" />
            <line number="615" hits="1" branch="False" />
            <line number="616" hits="1" branch="False" />
          </lines>
        </class>
        <class name="HotPot.Tests.Services.CustomerServicesTests/&lt;ViewCustomerAddressByCustomerId_ValidCustomerId_ReturnsCustomerAddress&gt;d__41" filename="HotPotTests\CustomerTests.cs" line-rate="1" branch-rate="1" complexity="1">
          <methods>
            <method name="MoveNext" signature="()" line-rate="1" branch-rate="1" complexity="1">
              <lines>
                <line number="549" hits="1" branch="False" />
                <line number="551" hits="1" branch="False" />
                <line number="552" hits="1" branch="False" />
                <line number="553" hits="1" branch="False" />
                <line number="556" hits="1" branch="False" />
                <line number="559" hits="1" branch="False" />
                <line number="560" hits="1" branch="False" />
              </lines>
            </method>
          </methods>
          <lines>
            <line number="549" hits="1" branch="False" />
            <line number="551" hits="1" branch="False" />
            <line number="552" hits="1" branch="False" />
            <line number="553" hits="1" branch="False" />
            <line number="556" hits="1" branch="False" />
            <line number="559" hits="1" branch="False" />
            <line number="560" hits="1" branch="False" />
          </lines>
        </class>
        <class name="HotPot.Tests.Services.CustomerServicesTests/&lt;ViewCustomerReview_ExistingReview_ReturnsReview&gt;d__43" filename="HotPotTests\CustomerTests.cs" line-rate="1" branch-rate="1" complexity="1">
          <methods>
            <method name="MoveNext" signature="()" line-rate="1" branch-rate="1" complexity="1">
              <lines>
                <line number="578" hits="1" branch="False" />
                <line number="580" hits="1" branch="False" />
                <line number="581" hits="1" branch="False" />
                <line number="582" hits="1" branch="False" />
                <line number="585" hits="1" branch="False" />
                <line number="588" hits="1" branch="False" />
                <line number="589" hits="1" branch="False" />
              </lines>
            </method>
          </methods>
          <lines>
            <line number="578" hits="1" branch="False" />
            <line number="580" hits="1" branch="False" />
            <line number="581" hits="1" branch="False" />
            <line number="582" hits="1" branch="False" />
            <line number="585" hits="1" branch="False" />
            <line number="588" hits="1" branch="False" />
            <line number="589" hits="1" branch="False" />
          </lines>
        </class>
        <class name="HotPot.Tests.Services.CustomerServicesTests/&lt;ViewOrderHistory_ExistingOrders_ReturnsOrderMenuDTOList&gt;d__34" filename="HotPotTests\CustomerTests.cs" line-rate="1" branch-rate="1" complexity="1">
          <methods>
            <method name="MoveNext" signature="()" line-rate="1" branch-rate="1" complexity="1">
              <lines>
                <line number="425" hits="1" branch="False" />
                <line number="427" hits="1" branch="False" />
                <line number="428" hits="1" branch="False" />
                <line number="429" hits="1" branch="False" />
                <line number="430" hits="1" branch="False" />
                <line number="431" hits="1" branch="False" />
                <line number="432" hits="1" branch="False" />
                <line number="433" hits="1" branch="False" />
                <line number="434" hits="1" branch="False" />
                <line number="435" hits="1" branch="False" />
                <line number="437" hits="1" branch="False" />
                <line number="439" hits="1" branch="False" />
                <line number="443" hits="1" branch="False" />
                <line number="446" hits="1" branch="False" />
                <line number="448" hits="1" branch="False" />
              </lines>
            </method>
          </methods>
          <lines>
            <line number="425" hits="1" branch="False" />
            <line number="427" hits="1" branch="False" />
            <line number="428" hits="1" branch="False" />
            <line number="429" hits="1" branch="False" />
            <line number="430" hits="1" branch="False" />
            <line number="431" hits="1" branch="False" />
            <line number="432" hits="1" branch="False" />
            <line number="433" hits="1" branch="False" />
            <line number="434" hits="1" branch="False" />
            <line number="435" hits="1" branch="False" />
            <line number="437" hits="1" branch="False" />
            <line number="439" hits="1" branch="False" />
            <line number="443" hits="1" branch="False" />
            <line number="446" hits="1" branch="False" />
            <line number="448" hits="1" branch="False" />
          </lines>
        </class>
        <class name="HotPot.Tests.Services.CustomerServicesTests/&lt;ViewOrderStatus_ExistingOrder_ReturnsOrderMenuDTO&gt;d__33" filename="HotPotTests\CustomerTests.cs" line-rate="1" branch-rate="1" complexity="1">
          <methods>
            <method name="MoveNext" signature="()" line-rate="1" branch-rate="1" complexity="1">
              <lines>
                <line number="403" hits="1" branch="False" />
                <line number="405" hits="1" branch="False" />
                <line number="406" hits="1" branch="False" />
                <line number="407" hits="1" branch="False" />
                <line number="408" hits="1" branch="False" />
                <line number="409" hits="1" branch="False" />
                <line number="411" hits="1" branch="False" />
                <line number="412" hits="1" branch="False" />
                <line number="413" hits="1" branch="False" />
                <line number="414" hits="1" branch="False" />
                <line number="417" hits="1" branch="False" />
                <line number="420" hits="1" branch="False" />
                <line number="421" hits="1" branch="False" />
              </lines>
            </method>
          </methods>
          <lines>
            <line number="403" hits="1" branch="False" />
            <line number="405" hits="1" branch="False" />
            <line number="406" hits="1" branch="False" />
            <line number="407" hits="1" branch="False" />
            <line number="408" hits="1" branch="False" />
            <line number="409" hits="1" branch="False" />
            <line number="411" hits="1" branch="False" />
            <line number="412" hits="1" branch="False" />
            <line number="413" hits="1" branch="False" />
            <line number="414" hits="1" branch="False" />
            <line number="417" hits="1" branch="False" />
            <line number="420" hits="1" branch="False" />
            <line number="421" hits="1" branch="False" />
          </lines>
        </class>
      </classes>
    </package>
  </packages>
</coverage>